<?xml version="1.0" encoding="UTF-8"?>
<coverage generated="1725235054389" clover="3.2.0">
  <project timestamp="1725235054389" name="All files">
    <metrics statements="624" coveredstatements="623" conditionals="598" coveredconditionals="583" methods="69" coveredmethods="69" elements="1291" coveredelements="1275" complexity="0" loc="624" ncloc="624" packages="3" files="24" classes="24"/>
    <package name="src">
      <metrics statements="421" coveredstatements="420" conditionals="361" coveredconditionals="353" methods="55" coveredmethods="55"/>
      <file name="boolean-string.mjs" path="/Users/zane/playground/string-input/src/boolean-string.mjs">
        <metrics statements="38" coveredstatements="38" conditionals="44" coveredconditionals="44" methods="2" coveredmethods="2"/>
        <line num="1" count="2" type="stmt"/>
        <line num="2" count="2" type="stmt"/>
        <line num="4" count="2" type="stmt"/>
        <line num="5" count="2" type="stmt"/>
        <line num="6" count="2" type="stmt"/>
        <line num="7" count="2" type="stmt"/>
        <line num="28" count="34" type="cond" truecount="6" falsecount="0"/>
        <line num="31" count="34" type="cond" truecount="2" falsecount="0"/>
        <line num="32" count="34" type="cond" truecount="2" falsecount="0"/>
        <line num="33" count="34" type="cond" truecount="2" falsecount="0"/>
        <line num="35" count="34" type="cond" truecount="2" falsecount="0"/>
        <line num="36" count="34" type="stmt"/>
        <line num="38" count="34" type="stmt"/>
        <line num="40" count="34" type="stmt"/>
        <line num="42" count="34" type="cond" truecount="1" falsecount="0"/>
        <line num="46" count="5" type="stmt"/>
        <line num="55" count="29" type="cond" truecount="1" falsecount="0"/>
        <line num="59" count="5" type="stmt"/>
        <line num="69" count="24" type="cond" truecount="2" falsecount="0"/>
        <line num="70" count="6" type="stmt"/>
        <line num="72" count="18" type="cond" truecount="2" falsecount="0"/>
        <line num="73" count="5" type="stmt"/>
        <line num="76" count="13" type="stmt"/>
        <line num="77" count="13" type="cond" truecount="4" falsecount="0"/>
        <line num="78" count="3" type="stmt"/>
        <line num="86" count="10" type="cond" truecount="1" falsecount="0"/>
        <line num="91" count="3" type="stmt"/>
        <line num="99" count="7" type="cond" truecount="2" falsecount="0"/>
        <line num="103" count="3" type="stmt"/>
        <line num="105" count="4" type="cond" truecount="2" falsecount="0"/>
        <line num="106" count="3" type="stmt"/>
        <line num="109" count="1" type="stmt"/>
        <line num="119" count="17" type="stmt"/>
        <line num="123" count="17" type="stmt"/>
        <line num="124" count="17" type="stmt"/>
        <line num="126" count="17" type="stmt"/>
        <line num="129" count="2" type="stmt"/>
        <line num="130" count="2" type="stmt"/>
      </file>
      <file name="card-number.mjs" path="/Users/zane/playground/string-input/src/card-number.mjs">
        <metrics statements="44" coveredstatements="44" conditionals="25" coveredconditionals="24" methods="3" coveredmethods="3"/>
        <line num="1" count="2" type="stmt"/>
        <line num="2" count="2" type="stmt"/>
        <line num="4" count="2" type="stmt"/>
        <line num="5" count="2" type="stmt"/>
        <line num="6" count="2" type="stmt"/>
        <line num="8" count="2" type="stmt"/>
        <line num="9" count="2" type="stmt"/>
        <line num="10" count="2" type="stmt"/>
        <line num="30" count="46" type="cond" truecount="6" falsecount="0"/>
        <line num="34" count="46" type="cond" truecount="1" falsecount="1"/>
        <line num="36" count="46" type="stmt"/>
        <line num="38" count="46" type="stmt"/>
        <line num="40" count="42" type="cond" truecount="1" falsecount="0"/>
        <line num="41" count="2" type="stmt"/>
        <line num="50" count="40" type="stmt"/>
        <line num="51" count="40" type="cond" truecount="3" falsecount="0"/>
        <line num="52" count="4" type="stmt"/>
        <line num="61" count="36" type="cond" truecount="1" falsecount="0"/>
        <line num="64" count="19" type="cond" truecount="1" falsecount="0"/>
        <line num="65" count="5" type="cond" truecount="1" falsecount="0"/>
        <line num="66" count="2" type="stmt"/>
        <line num="76" count="3" type="stmt"/>
        <line num="78" count="14" type="stmt"/>
        <line num="79" count="14" type="cond" truecount="2" falsecount="0"/>
        <line num="80" count="6" type="stmt"/>
        <line num="82" count="8" type="cond" truecount="2" falsecount="0"/>
        <line num="83" count="6" type="stmt"/>
        <line num="84" count="6" type="cond" truecount="1" falsecount="0"/>
        <line num="85" count="2" type="stmt"/>
        <line num="93" count="4" type="stmt"/>
        <line num="94" count="4" type="stmt"/>
        <line num="95" count="4" type="stmt"/>
        <line num="96" count="4" type="stmt"/>
        <line num="98" count="4" type="cond" truecount="2" falsecount="0"/>
        <line num="101" count="2" type="stmt"/>
        <line num="110" count="8" type="stmt"/>
        <line num="118" count="22" type="stmt"/>
        <line num="122" count="22" type="stmt"/>
        <line num="124" count="18" type="cond" truecount="1" falsecount="0"/>
        <line num="125" count="2" type="stmt"/>
        <line num="134" count="16" type="stmt"/>
        <line num="136" count="12" type="stmt"/>
        <line num="139" count="2" type="stmt"/>
        <line num="140" count="5" type="stmt"/>
      </file>
      <file name="date-time.mjs" path="/Users/zane/playground/string-input/src/date-time.mjs">
        <metrics statements="79" coveredstatements="79" conditionals="40" coveredconditionals="40" methods="17" coveredmethods="17"/>
        <line num="1" count="2" type="stmt"/>
        <line num="2" count="2" type="stmt"/>
        <line num="4" count="2" type="stmt"/>
        <line num="5" count="2" type="stmt"/>
        <line num="6" count="2" type="stmt"/>
        <line num="7" count="2" type="stmt"/>
        <line num="8" count="2" type="stmt"/>
        <line num="9" count="2" type="stmt"/>
        <line num="10" count="2" type="stmt"/>
        <line num="11" count="2" type="stmt"/>
        <line num="12" count="2" type="stmt"/>
        <line num="59" count="87" type="cond" truecount="6" falsecount="0"/>
        <line num="62" count="87" type="cond" truecount="2" falsecount="0"/>
        <line num="63" count="87" type="stmt"/>
        <line num="65" count="87" type="stmt"/>
        <line num="69" count="81" type="stmt"/>
        <line num="70" count="81" type="cond" truecount="1" falsecount="0"/>
        <line num="71" count="1" type="stmt"/>
        <line num="76" count="81" type="stmt"/>
        <line num="77" count="81" type="cond" truecount="1" falsecount="0"/>
        <line num="78" count="1" type="stmt"/>
        <line num="83" count="81" type="cond" truecount="1" falsecount="0"/>
        <line num="84" count="79" type="stmt"/>
        <line num="87" count="70" type="cond" truecount="3" falsecount="0"/>
        <line num="88" count="2" type="stmt"/>
        <line num="96" count="68" type="stmt"/>
        <line num="100" count="68" type="stmt"/>
        <line num="105" count="66" type="cond" truecount="2" falsecount="0"/>
        <line num="106" count="6" type="stmt"/>
        <line num="111" count="60" type="cond" truecount="2" falsecount="0"/>
        <line num="112" count="1" type="stmt"/>
        <line num="113" count="1" type="stmt"/>
        <line num="126" count="59" type="cond" truecount="2" falsecount="0"/>
        <line num="127" count="3" type="stmt"/>
        <line num="140" count="56" type="cond" truecount="7" falsecount="0"/>
        <line num="141" count="2" type="stmt"/>
        <line num="150" count="62" type="cond" truecount="2" falsecount="0"/>
        <line num="151" count="8" type="stmt"/>
        <line num="156" count="54" type="cond" truecount="2" falsecount="0"/>
        <line num="157" count="1" type="stmt"/>
        <line num="158" count="1" type="stmt"/>
        <line num="171" count="53" type="cond" truecount="2" falsecount="0"/>
        <line num="172" count="3" type="stmt"/>
        <line num="185" count="50" type="cond" truecount="7" falsecount="0"/>
        <line num="187" count="2" type="stmt"/>
        <line num="195" count="58" type="stmt"/>
        <line num="197" count="44" type="stmt"/>
        <line num="199" count="42" type="stmt"/>
        <line num="202" count="2" type="stmt"/>
        <line num="203" count="3" type="stmt"/>
        <line num="205" count="2" type="stmt"/>
        <line num="206" count="70" type="stmt"/>
        <line num="207" count="70" type="stmt"/>
        <line num="208" count="70" type="stmt"/>
        <line num="209" count="70" type="stmt"/>
        <line num="210" count="70" type="stmt"/>
        <line num="211" count="70" type="stmt"/>
        <line num="212" count="70" type="stmt"/>
        <line num="213" count="70" type="stmt"/>
        <line num="214" count="70" type="stmt"/>
        <line num="215" count="70" type="stmt"/>
        <line num="216" count="70" type="stmt"/>
        <line num="217" count="70" type="stmt"/>
        <line num="227" count="70" type="stmt"/>
        <line num="229" count="70" type="stmt"/>
        <line num="230" count="6" type="stmt"/>
        <line num="231" count="21" type="stmt"/>
        <line num="232" count="18" type="stmt"/>
        <line num="233" count="18" type="stmt"/>
        <line num="234" count="20" type="stmt"/>
        <line num="235" count="18" type="stmt"/>
        <line num="236" count="18" type="stmt"/>
        <line num="237" count="18" type="stmt"/>
        <line num="238" count="18" type="stmt"/>
        <line num="239" count="18" type="stmt"/>
        <line num="240" count="6" type="stmt"/>
        <line num="241" count="3" type="stmt"/>
        <line num="245" count="48" type="stmt"/>
        <line num="246" count="28" type="stmt"/>
      </file>
      <file name="day.mjs" path="/Users/zane/playground/string-input/src/day.mjs">
        <metrics statements="59" coveredstatements="59" conditionals="81" coveredconditionals="78" methods="11" coveredmethods="11"/>
        <line num="1" count="2" type="stmt"/>
        <line num="2" count="2" type="stmt"/>
        <line num="4" count="2" type="stmt"/>
        <line num="5" count="2" type="stmt"/>
        <line num="6" count="2" type="stmt"/>
        <line num="7" count="2" type="stmt"/>
        <line num="8" count="2" type="stmt"/>
        <line num="39" count="90" type="cond" truecount="6" falsecount="0"/>
        <line num="40" count="90" type="stmt"/>
        <line num="41" count="90" type="stmt"/>
        <line num="43" count="90" type="stmt"/>
        <line num="45" count="83" type="stmt"/>
        <line num="46" count="83" type="stmt"/>
        <line num="47" count="83" type="stmt"/>
        <line num="50" count="83" type="cond" truecount="2" falsecount="0"/>
        <line num="54" count="83" type="cond" truecount="2" falsecount="0"/>
        <line num="55" count="2" type="stmt"/>
        <line num="62" count="81" type="cond" truecount="1" falsecount="0"/>
        <line num="63" count="6" type="stmt"/>
        <line num="72" count="75" type="stmt"/>
        <line num="76" count="75" type="stmt"/>
        <line num="78" count="73" type="cond" truecount="11" falsecount="0"/>
        <line num="79" count="73" type="stmt"/>
        <line num="83" count="73" type="cond" truecount="2" falsecount="0"/>
        <line num="84" count="51" type="stmt"/>
        <line num="87" count="22" type="cond" truecount="9" falsecount="1"/>
        <line num="89" count="73" type="cond" truecount="14" falsecount="1"/>
        <line num="93" count="73" type="stmt"/>
        <line num="95" count="73" type="cond" truecount="1" falsecount="0"/>
        <line num="96" count="17" type="stmt"/>
        <line num="98" count="69" type="cond" truecount="1" falsecount="0"/>
        <line num="99" count="17" type="stmt"/>
        <line num="102" count="65" type="stmt"/>
        <line num="105" count="49" type="cond" truecount="1" falsecount="0"/>
        <line num="106" count="2" type="stmt"/>
        <line num="115" count="47" type="stmt"/>
        <line num="117" count="47" type="stmt"/>
        <line num="119" count="45" type="stmt"/>
        <line num="122" count="2" type="stmt"/>
        <line num="123" count="3" type="stmt"/>
        <line num="125" count="2" type="stmt"/>
        <line num="126" count="34" type="cond" truecount="2" falsecount="0"/>
        <line num="127" count="12" type="stmt"/>
        <line num="129" count="22" type="cond" truecount="2" falsecount="0"/>
        <line num="130" count="6" type="stmt"/>
        <line num="132" count="6" type="stmt"/>
        <line num="136" count="16" type="cond" truecount="2" falsecount="0"/>
        <line num="137" count="6" type="stmt"/>
        <line num="141" count="10" type="cond" truecount="4" falsecount="0"/>
        <line num="142" count="4" type="stmt"/>
        <line num="150" count="6" type="stmt"/>
        <line num="153" count="47" type="stmt"/>
        <line num="154" count="6" type="stmt"/>
        <line num="155" count="19" type="stmt"/>
        <line num="156" count="19" type="stmt"/>
        <line num="157" count="22" type="stmt"/>
        <line num="158" count="1" type="stmt"/>
        <line num="159" count="27" type="stmt"/>
        <line num="160" count="32" type="stmt"/>
      </file>
      <file name="ein.mjs" path="/Users/zane/playground/string-input/src/ein.mjs">
        <metrics statements="18" coveredstatements="18" conditionals="7" coveredconditionals="7" methods="2" coveredmethods="2"/>
        <line num="1" count="2" type="stmt"/>
        <line num="2" count="2" type="stmt"/>
        <line num="4" count="2" type="stmt"/>
        <line num="5" count="2" type="stmt"/>
        <line num="6" count="2" type="stmt"/>
        <line num="21" count="18" type="cond" truecount="6" falsecount="0"/>
        <line num="22" count="18" type="stmt"/>
        <line num="24" count="18" type="stmt"/>
        <line num="26" count="18" type="stmt"/>
        <line num="27" count="18" type="cond" truecount="1" falsecount="0"/>
        <line num="28" count="6" type="stmt"/>
        <line num="35" count="12" type="stmt"/>
        <line num="39" count="12" type="stmt"/>
        <line num="41" count="8" type="stmt"/>
        <line num="43" count="8" type="stmt"/>
        <line num="45" count="4" type="stmt"/>
        <line num="48" count="2" type="stmt"/>
        <line num="49" count="5" type="stmt"/>
      </file>
      <file name="email.mjs" path="/Users/zane/playground/string-input/src/email.mjs">
        <metrics statements="19" coveredstatements="18" conditionals="9" coveredconditionals="8" methods="2" coveredmethods="2"/>
        <line num="1" count="2" type="stmt"/>
        <line num="2" count="2" type="stmt"/>
        <line num="4" count="2" type="stmt"/>
        <line num="106" count="46" type="cond" truecount="6" falsecount="0"/>
        <line num="107" count="46" type="stmt"/>
        <line num="109" count="46" type="stmt"/>
        <line num="111" count="46" type="cond" truecount="1" falsecount="0"/>
        <line num="112" count="9" type="stmt"/>
        <line num="115" count="46" type="stmt"/>
        <line num="116" count="46" type="stmt"/>
        <line num="117" count="46" type="stmt"/>
        <line num="118" count="46" type="stmt"/>
        <line num="120" count="46" type="cond" truecount="1" falsecount="0"/>
        <line num="121" count="36" type="cond" truecount="0" falsecount="1"/>
        <line num="123" count="0" type="stmt"/>
        <line num="125" count="36" type="stmt"/>
        <line num="133" count="10" type="stmt"/>
        <line num="136" count="2" type="stmt"/>
        <line num="137" count="2" type="stmt"/>
      </file>
      <file name="integer.mjs" path="/Users/zane/playground/string-input/src/integer.mjs">
        <metrics statements="27" coveredstatements="27" conditionals="17" coveredconditionals="17" methods="2" coveredmethods="2"/>
        <line num="1" count="2" type="stmt"/>
        <line num="2" count="2" type="stmt"/>
        <line num="4" count="2" type="stmt"/>
        <line num="5" count="2" type="stmt"/>
        <line num="6" count="2" type="stmt"/>
        <line num="7" count="2" type="stmt"/>
        <line num="9" count="2" type="stmt"/>
        <line num="29" count="33" type="cond" truecount="6" falsecount="0"/>
        <line num="30" count="33" type="stmt"/>
        <line num="32" count="33" type="stmt"/>
        <line num="34" count="27" type="cond" truecount="4" falsecount="0"/>
        <line num="35" count="6" type="stmt"/>
        <line num="36" count="6" type="cond" truecount="1" falsecount="0"/>
        <line num="37" count="2" type="stmt"/>
        <line num="39" count="6" type="stmt"/>
        <line num="46" count="21" type="cond" truecount="3" falsecount="0"/>
        <line num="47" count="2" type="stmt"/>
        <line num="55" count="19" type="stmt"/>
        <line num="59" count="19" type="stmt"/>
        <line num="60" count="17" type="stmt"/>
        <line num="61" count="17" type="stmt"/>
        <line num="62" count="13" type="cond" truecount="3" falsecount="0"/>
        <line num="63" count="2" type="stmt"/>
        <line num="70" count="11" type="stmt"/>
        <line num="72" count="9" type="stmt"/>
        <line num="75" count="2" type="stmt"/>
        <line num="76" count="3" type="stmt"/>
      </file>
      <file name="numeric.mjs" path="/Users/zane/playground/string-input/src/numeric.mjs">
        <metrics statements="23" coveredstatements="23" conditionals="14" coveredconditionals="14" methods="2" coveredmethods="2"/>
        <line num="1" count="2" type="stmt"/>
        <line num="3" count="2" type="stmt"/>
        <line num="4" count="2" type="stmt"/>
        <line num="5" count="2" type="stmt"/>
        <line num="6" count="2" type="stmt"/>
        <line num="8" count="2" type="stmt"/>
        <line num="28" count="27" type="cond" truecount="6" falsecount="0"/>
        <line num="29" count="27" type="stmt"/>
        <line num="31" count="27" type="stmt"/>
        <line num="33" count="27" type="cond" truecount="4" falsecount="0"/>
        <line num="34" count="2" type="stmt"/>
        <line num="41" count="25" type="cond" truecount="1" falsecount="0"/>
        <line num="42" count="4" type="stmt"/>
        <line num="50" count="21" type="stmt"/>
        <line num="54" count="21" type="stmt"/>
        <line num="56" count="21" type="stmt"/>
        <line num="58" count="21" type="stmt"/>
        <line num="59" count="17" type="cond" truecount="3" falsecount="0"/>
        <line num="60" count="2" type="stmt"/>
        <line num="68" count="15" type="stmt"/>
        <line num="70" count="15" type="stmt"/>
        <line num="73" count="2" type="stmt"/>
        <line num="74" count="2" type="stmt"/>
      </file>
      <file name="ssn.mjs" path="/Users/zane/playground/string-input/src/ssn.mjs">
        <metrics statements="18" coveredstatements="18" conditionals="7" coveredconditionals="7" methods="2" coveredmethods="2"/>
        <line num="1" count="2" type="stmt"/>
        <line num="2" count="2" type="stmt"/>
        <line num="4" count="2" type="stmt"/>
        <line num="5" count="2" type="stmt"/>
        <line num="6" count="2" type="stmt"/>
        <line num="21" count="18" type="cond" truecount="6" falsecount="0"/>
        <line num="22" count="18" type="stmt"/>
        <line num="24" count="18" type="stmt"/>
        <line num="26" count="18" type="stmt"/>
        <line num="27" count="18" type="cond" truecount="1" falsecount="0"/>
        <line num="28" count="10" type="stmt"/>
        <line num="35" count="8" type="stmt"/>
        <line num="39" count="8" type="stmt"/>
        <line num="41" count="6" type="stmt"/>
        <line num="43" count="6" type="stmt"/>
        <line num="45" count="4" type="stmt"/>
        <line num="48" count="2" type="stmt"/>
        <line num="49" count="3" type="stmt"/>
      </file>
      <file name="time-of-day.mjs" path="/Users/zane/playground/string-input/src/time-of-day.mjs">
        <metrics statements="62" coveredstatements="62" conditionals="85" coveredconditionals="82" methods="10" coveredmethods="10"/>
        <line num="1" count="2" type="stmt"/>
        <line num="2" count="2" type="stmt"/>
        <line num="4" count="2" type="stmt"/>
        <line num="5" count="2" type="stmt"/>
        <line num="6" count="2" type="stmt"/>
        <line num="7" count="2" type="stmt"/>
        <line num="40" count="43" type="cond" truecount="6" falsecount="0"/>
        <line num="41" count="43" type="stmt"/>
        <line num="42" count="43" type="stmt"/>
        <line num="44" count="43" type="stmt"/>
        <line num="46" count="39" type="stmt"/>
        <line num="47" count="39" type="stmt"/>
        <line num="48" count="39" type="stmt"/>
        <line num="50" count="39" type="cond" truecount="1" falsecount="0"/>
        <line num="55" count="3" type="stmt"/>
        <line num="63" count="36" type="cond" truecount="6" falsecount="0"/>
        <line num="65" count="36" type="cond" truecount="1" falsecount="0"/>
        <line num="66" count="1" type="stmt"/>
        <line num="72" count="35" type="stmt"/>
        <line num="76" count="35" type="stmt"/>
        <line num="78" count="34" type="stmt"/>
        <line num="85" count="34" type="cond" truecount="1" falsecount="0"/>
        <line num="86" count="5" type="stmt"/>
        <line num="89" count="33" type="cond" truecount="1" falsecount="0"/>
        <line num="90" count="5" type="stmt"/>
        <line num="92" count="32" type="stmt"/>
        <line num="94" count="28" type="stmt"/>
        <line num="96" count="27" type="stmt"/>
        <line num="99" count="2" type="stmt"/>
        <line num="100" count="34" type="stmt"/>
        <line num="101" count="34" type="stmt"/>
        <line num="102" count="34" type="stmt"/>
        <line num="103" count="34" type="stmt"/>
        <line num="106" count="34" type="cond" truecount="2" falsecount="0"/>
        <line num="107" count="3" type="stmt"/>
        <line num="108" count="3" type="stmt"/>
        <line num="109" count="3" type="stmt"/>
        <line num="110" count="3" type="stmt"/>
        <line num="113" count="31" type="cond" truecount="2" falsecount="0"/>
        <line num="114" count="5" type="stmt"/>
        <line num="116" count="5" type="cond" truecount="1" falsecount="0"/>
        <line num="117" count="1" type="stmt"/>
        <line num="121" count="26" type="cond" truecount="9" falsecount="1"/>
        <line num="123" count="31" type="stmt"/>
        <line num="126" count="31" type="cond" truecount="11" falsecount="0"/>
        <line num="128" count="31" type="cond" truecount="11" falsecount="0"/>
        <line num="129" count="31" type="stmt"/>
        <line num="132" count="34" type="stmt"/>
        <line num="133" count="19" type="stmt"/>
        <line num="134" count="16" type="stmt"/>
        <line num="135" count="16" type="stmt"/>
        <line num="136" count="18" type="stmt"/>
        <line num="137" count="16" type="stmt"/>
        <line num="138" count="16" type="stmt"/>
        <line num="140" count="8" type="cond" truecount="2" falsecount="0"/>
        <line num="141" count="8" type="cond" truecount="3" falsecount="0"/>
        <line num="142" count="4" type="cond" truecount="1" falsecount="1"/>
        <line num="143" count="4" type="cond" truecount="1" falsecount="0"/>
        <line num="144" count="4" type="stmt"/>
        <line num="148" count="8" type="stmt"/>
        <line num="153" count="2" type="stmt"/>
        <line num="154" count="2" type="stmt"/>
      </file>
      <file name="validated-string.mjs" path="/Users/zane/playground/string-input/src/validated-string.mjs">
        <metrics statements="34" coveredstatements="34" conditionals="32" coveredconditionals="32" methods="2" coveredmethods="2"/>
        <line num="1" count="2" type="stmt"/>
        <line num="3" count="2" type="stmt"/>
        <line num="4" count="2" type="stmt"/>
        <line num="5" count="2" type="stmt"/>
        <line num="29" count="36" type="cond" truecount="6" falsecount="0"/>
        <line num="40" count="36" type="stmt"/>
        <line num="41" count="36" type="stmt"/>
        <line num="43" count="36" type="stmt"/>
        <line num="45" count="36" type="cond" truecount="3" falsecount="0"/>
        <line num="46" count="2" type="stmt"/>
        <line num="53" count="34" type="cond" truecount="3" falsecount="0"/>
        <line num="54" count="2" type="stmt"/>
        <line num="62" count="32" type="cond" truecount="3" falsecount="0"/>
        <line num="63" count="2" type="stmt"/>
        <line num="70" count="30" type="cond" truecount="3" falsecount="0"/>
        <line num="71" count="2" type="stmt"/>
        <line num="79" count="28" type="cond" truecount="1" falsecount="0"/>
        <line num="80" count="4" type="cond" truecount="1" falsecount="0"/>
        <line num="81" count="3" type="stmt"/>
        <line num="83" count="4" type="cond" truecount="1" falsecount="0"/>
        <line num="84" count="2" type="stmt"/>
        <line num="93" count="26" type="cond" truecount="3" falsecount="0"/>
        <line num="94" count="2" type="stmt"/>
        <line num="101" count="24" type="cond" truecount="3" falsecount="0"/>
        <line num="102" count="2" type="stmt"/>
        <line num="110" count="22" type="cond" truecount="3" falsecount="0"/>
        <line num="111" count="4" type="cond" truecount="2" falsecount="0"/>
        <line num="112" count="4" type="stmt"/>
        <line num="120" count="18" type="stmt"/>
        <line num="124" count="18" type="stmt"/>
        <line num="125" count="16" type="stmt"/>
        <line num="127" count="14" type="stmt"/>
        <line num="130" count="2" type="stmt"/>
        <line num="131" count="3" type="stmt"/>
      </file>
    </package>
    <package name="src.lib">
      <metrics statements="45" coveredstatements="45" conditionals="27" coveredconditionals="25" methods="6" coveredmethods="6"/>
      <file name="check-max-min.mjs" path="/Users/zane/playground/string-input/src/lib/check-max-min.mjs">
        <metrics statements="6" coveredstatements="6" conditionals="6" coveredconditionals="6" methods="1" coveredmethods="1"/>
        <line num="1" count="6" type="stmt"/>
        <line num="3" count="193" type="stmt"/>
        <line num="4" count="193" type="cond" truecount="3" falsecount="0"/>
        <line num="5" count="20" type="stmt"/>
        <line num="13" count="173" type="cond" truecount="3" falsecount="0"/>
        <line num="14" count="22" type="stmt"/>
      </file>
      <file name="check-validate-input.mjs" path="/Users/zane/playground/string-input/src/lib/check-validate-input.mjs">
        <metrics statements="3" coveredstatements="3" conditionals="4" coveredconditionals="3" methods="1" coveredmethods="1"/>
        <line num="1" count="11" type="stmt"/>
        <line num="3" count="295" type="cond" truecount="3" falsecount="1"/>
        <line num="4" count="295" type="stmt"/>
      </file>
      <file name="check-validate-value.mjs" path="/Users/zane/playground/string-input/src/lib/check-validate-value.mjs">
        <metrics statements="3" coveredstatements="3" conditionals="4" coveredconditionals="3" methods="1" coveredmethods="1"/>
        <line num="1" count="11" type="stmt"/>
        <line num="3" count="208" type="cond" truecount="3" falsecount="1"/>
        <line num="4" count="208" type="stmt"/>
      </file>
      <file name="possible-boolean-values.mjs" path="/Users/zane/playground/string-input/src/lib/possible-boolean-values.mjs">
        <metrics statements="18" coveredstatements="18" conditionals="5" coveredconditionals="5" methods="1" coveredmethods="1"/>
        <line num="1" count="3" type="stmt"/>
        <line num="2" count="22" type="stmt"/>
        <line num="3" count="22" type="stmt"/>
        <line num="4" count="22" type="stmt"/>
        <line num="5" count="22" type="stmt"/>
        <line num="7" count="22" type="stmt"/>
        <line num="8" count="22" type="cond" truecount="1" falsecount="0"/>
        <line num="9" count="16" type="stmt"/>
        <line num="11" count="22" type="cond" truecount="1" falsecount="0"/>
        <line num="12" count="16" type="stmt"/>
        <line num="13" count="16" type="cond" truecount="1" falsecount="0"/>
        <line num="14" count="10" type="stmt"/>
        <line num="17" count="22" type="cond" truecount="1" falsecount="0"/>
        <line num="18" count="18" type="stmt"/>
        <line num="19" count="18" type="cond" truecount="1" falsecount="0"/>
        <line num="20" count="1" type="stmt"/>
        <line num="22" count="18" type="stmt"/>
        <line num="25" count="22" type="stmt"/>
      </file>
      <file name="type-checks.mjs" path="/Users/zane/playground/string-input/src/lib/type-checks.mjs">
        <metrics statements="6" coveredstatements="6" conditionals="4" coveredconditionals="4" methods="1" coveredmethods="1"/>
        <line num="1" count="12" type="stmt"/>
        <line num="3" count="478" type="stmt"/>
        <line num="4" count="478" type="cond" truecount="3" falsecount="0"/>
        <line num="5" count="20" type="stmt"/>
        <line num="11" count="458" type="cond" truecount="1" falsecount="0"/>
        <line num="12" count="7" type="stmt"/>
      </file>
      <file name="validate-helper.mjs" path="/Users/zane/playground/string-input/src/lib/validate-helper.mjs">
        <metrics statements="9" coveredstatements="9" conditionals="4" coveredconditionals="4" methods="1" coveredmethods="1"/>
        <line num="1" count="11" type="stmt"/>
        <line num="3" count="503" type="stmt"/>
        <line num="4" count="503" type="cond" truecount="1" falsecount="0"/>
        <line num="6" count="56" type="stmt"/>
        <line num="7" count="56" type="stmt"/>
        <line num="8" count="56" type="cond" truecount="2" falsecount="0"/>
        <line num="9" count="8" type="stmt"/>
        <line num="17" count="48" type="cond" truecount="1" falsecount="0"/>
        <line num="18" count="30" type="stmt"/>
      </file>
    </package>
    <package name="src.lib.date-time">
      <metrics statements="158" coveredstatements="158" conditionals="210" coveredconditionals="205" methods="8" coveredmethods="8"/>
      <file name="convert-month-name.mjs" path="/Users/zane/playground/string-input/src/lib/date-time/convert-month-name.mjs">
        <metrics statements="14" coveredstatements="14" conditionals="12" coveredconditionals="12" methods="1" coveredmethods="1"/>
        <line num="1" count="6" type="stmt"/>
        <line num="2" count="77" type="cond" truecount="12" falsecount="0"/>
        <line num="4" count="66" type="stmt"/>
        <line num="6" count="1" type="stmt"/>
        <line num="8" count="1" type="stmt"/>
        <line num="10" count="1" type="stmt"/>
        <line num="12" count="1" type="stmt"/>
        <line num="14" count="1" type="stmt"/>
        <line num="16" count="1" type="stmt"/>
        <line num="18" count="1" type="stmt"/>
        <line num="20" count="1" type="stmt"/>
        <line num="22" count="1" type="stmt"/>
        <line num="24" count="1" type="stmt"/>
        <line num="26" count="1" type="stmt"/>
      </file>
      <file name="convert-timezone-offset-to-string.mjs" path="/Users/zane/playground/string-input/src/lib/date-time/convert-timezone-offset-to-string.mjs">
        <metrics statements="5" coveredstatements="5" conditionals="2" coveredconditionals="2" methods="1" coveredmethods="1"/>
        <line num="1" count="3" type="stmt"/>
        <line num="2" count="72" type="stmt"/>
        <line num="3" count="72" type="stmt"/>
        <line num="8" count="72" type="cond" truecount="2" falsecount="0"/>
        <line num="12" count="72" type="stmt"/>
      </file>
      <file name="get-timezone-offset.mjs" path="/Users/zane/playground/string-input/src/lib/date-time/get-timezone-offset.mjs">
        <metrics statements="21" coveredstatements="21" conditionals="11" coveredconditionals="11" methods="1" coveredmethods="1"/>
        <line num="1" count="6" type="stmt"/>
        <line num="3" count="6" type="stmt"/>
        <line num="5" count="6" type="stmt"/>
        <line num="6" count="113" type="stmt"/>
        <line num="7" count="113" type="stmt"/>
        <line num="9" count="113" type="cond" truecount="2" falsecount="0"/>
        <line num="12" count="41" type="stmt"/>
        <line num="24" count="72" type="cond" truecount="4" falsecount="0"/>
        <line num="25" count="43" type="stmt"/>
        <line num="28" count="29" type="stmt"/>
        <line num="29" count="29" type="cond" truecount="2" falsecount="0"/>
        <line num="30" count="25" type="cond" truecount="2" falsecount="0"/>
        <line num="31" count="25" type="stmt"/>
        <line num="32" count="25" type="stmt"/>
        <line num="34" count="25" type="stmt"/>
        <line num="38" count="4" type="stmt"/>
        <line num="47" count="4" type="stmt"/>
        <line num="48" count="4" type="cond" truecount="1" falsecount="0"/>
        <line num="50" count="1" type="stmt"/>
        <line num="57" count="3" type="stmt"/>
        <line num="59" count="3" type="stmt"/>
      </file>
      <file name="make-date-time-string.mjs" path="/Users/zane/playground/string-input/src/lib/date-time/make-date-time-string.mjs">
        <metrics statements="14" coveredstatements="14" conditionals="3" coveredconditionals="3" methods="1" coveredmethods="1"/>
        <line num="1" count="6" type="stmt"/>
        <line num="2" count="151" type="stmt"/>
        <line num="3" count="151" type="stmt"/>
        <line num="4" count="151" type="stmt"/>
        <line num="5" count="151" type="stmt"/>
        <line num="6" count="151" type="stmt"/>
        <line num="7" count="151" type="stmt"/>
        <line num="8" count="151" type="stmt"/>
        <line num="9" count="151" type="stmt"/>
        <line num="10" count="151" type="stmt"/>
        <line num="12" count="151" type="stmt"/>
        <line num="16" count="151" type="cond" truecount="1" falsecount="0"/>
        <line num="17" count="106" type="stmt"/>
        <line num="20" count="151" type="stmt"/>
      </file>
      <file name="process-idiomatic-date-time.mjs" path="/Users/zane/playground/string-input/src/lib/date-time/process-idiomatic-date-time.mjs">
        <metrics statements="50" coveredstatements="50" conditionals="154" coveredconditionals="149" methods="1" coveredmethods="1"/>
        <line num="1" count="3" type="stmt"/>
        <line num="10" count="3" type="stmt"/>
        <line num="12" count="3" type="stmt"/>
        <line num="13" count="3" type="stmt"/>
        <line num="15" count="3" type="stmt"/>
        <line num="16" count="96" type="stmt"/>
        <line num="19" count="96" type="stmt"/>
        <line num="22" count="96" type="stmt"/>
        <line num="23" count="96" type="stmt"/>
        <line num="24" count="96" type="stmt"/>
        <line num="25" count="96" type="stmt"/>
        <line num="28" count="96" type="stmt"/>
        <line num="31" count="96" type="cond" truecount="2" falsecount="0"/>
        <line num="35" count="96" type="cond" truecount="1" falsecount="0"/>
        <line num="36" count="10" type="stmt"/>
        <line num="45" count="86" type="stmt"/>
        <line num="46" count="86" type="stmt"/>
        <line num="47" count="86" type="stmt"/>
        <line num="48" count="86" type="stmt"/>
        <line num="50" count="86" type="stmt"/>
        <line num="51" count="86" type="stmt"/>
        <line num="54" count="86" type="cond" truecount="2" falsecount="0"/>
        <line num="58" count="86" type="cond" truecount="2" falsecount="0"/>
        <line num="59" count="3" type="stmt"/>
        <line num="66" count="83" type="cond" truecount="1" falsecount="0"/>
        <line num="67" count="1" type="stmt"/>
        <line num="76" count="82" type="cond" truecount="11" falsecount="0"/>
        <line num="77" count="82" type="stmt"/>
        <line num="82" count="82" type="cond" truecount="2" falsecount="0"/>
        <line num="83" count="8" type="stmt"/>
        <line num="84" count="8" type="stmt"/>
        <line num="87" count="74" type="cond" truecount="9" falsecount="1"/>
        <line num="89" count="82" type="stmt"/>
        <line num="94" count="82" type="cond" truecount="7" falsecount="0"/>
        <line num="98" count="82" type="cond" truecount="2" falsecount="0"/>
        <line num="99" count="4" type="stmt"/>
        <line num="100" count="4" type="stmt"/>
        <line num="101" count="4" type="stmt"/>
        <line num="102" count="4" type="stmt"/>
        <line num="105" count="78" type="stmt"/>
        <line num="108" count="78" type="cond" truecount="1" falsecount="0"/>
        <line num="109" count="2" type="cond" truecount="2" falsecount="0"/>
        <line num="110" count="2" type="cond" truecount="1" falsecount="0"/>
        <line num="111" count="1" type="stmt"/>
        <line num="114" count="78" type="stmt"/>
        <line num="117" count="78" type="cond" truecount="11" falsecount="0"/>
        <line num="118" count="78" type="stmt"/>
        <line num="124" count="82" type="cond" truecount="8" falsecount="0"/>
        <line num="128" count="82" type="stmt"/>
        <line num="139" count="82" type="stmt"/>
      </file>
      <file name="process-iso-8601-date-time.mjs" path="/Users/zane/playground/string-input/src/lib/date-time/process-iso-8601-date-time.mjs">
        <metrics statements="41" coveredstatements="41" conditionals="26" coveredconditionals="26" methods="2" coveredmethods="2"/>
        <line num="1" count="3" type="stmt"/>
        <line num="3" count="3" type="stmt"/>
        <line num="5" count="3" type="stmt"/>
        <line num="7" count="3" type="stmt"/>
        <line num="8" count="19" type="stmt"/>
        <line num="10" count="19" type="cond" truecount="2" falsecount="0"/>
        <line num="11" count="1" type="stmt"/>
        <line num="17" count="18" type="cond" truecount="1" falsecount="0"/>
        <line num="18" count="1" type="stmt"/>
        <line num="25" count="17" type="stmt"/>
        <line num="26" count="17" type="cond" truecount="2" falsecount="0"/>
        <line num="27" count="17" type="cond" truecount="2" falsecount="0"/>
        <line num="28" count="17" type="stmt"/>
        <line num="29" count="17" type="cond" truecount="2" falsecount="0"/>
        <line num="32" count="17" type="cond" truecount="2" falsecount="0"/>
        <line num="37" count="4" type="stmt"/>
        <line num="38" count="4" type="stmt"/>
        <line num="39" count="4" type="stmt"/>
        <line num="41" count="13" type="cond" truecount="2" falsecount="0"/>
        <line num="43" count="3" type="stmt"/>
        <line num="44" count="3" type="stmt"/>
        <line num="45" count="3" type="stmt"/>
        <line num="46" count="3" type="stmt"/>
        <line num="47" count="3" type="stmt"/>
        <line num="48" count="3" type="stmt"/>
        <line num="50" count="3" type="stmt"/>
        <line num="53" count="10" type="stmt"/>
        <line num="54" count="10" type="cond" truecount="4" falsecount="0"/>
        <line num="55" count="1" type="stmt"/>
        <line num="56" count="1" type="stmt"/>
        <line num="58" count="9" type="cond" truecount="2" falsecount="0"/>
        <line num="59" count="2" type="stmt"/>
        <line num="60" count="2" type="stmt"/>
        <line num="61" count="2" type="stmt"/>
        <line num="63" count="2" type="stmt"/>
        <line num="66" count="7" type="stmt"/>
        <line num="67" count="7" type="stmt"/>
        <line num="72" count="17" type="cond" truecount="2" falsecount="0"/>
        <line num="73" count="17" type="stmt"/>
        <line num="84" count="17" type="stmt"/>
        <line num="97" count="5" type="stmt"/>
      </file>
      <file name="process-rfc-2822-date-time.mjs" path="/Users/zane/playground/string-input/src/lib/date-time/process-rfc-2822-date-time.mjs">
        <metrics statements="13" coveredstatements="13" conditionals="2" coveredconditionals="2" methods="1" coveredmethods="1"/>
        <line num="1" count="3" type="stmt"/>
        <line num="2" count="3" type="stmt"/>
        <line num="4" count="3" type="stmt"/>
        <line num="5" count="6" type="stmt"/>
        <line num="6" count="6" type="stmt"/>
        <line num="7" count="6" type="stmt"/>
        <line num="8" count="6" type="stmt"/>
        <line num="9" count="6" type="stmt"/>
        <line num="10" count="6" type="stmt"/>
        <line num="11" count="6" type="stmt"/>
        <line num="12" count="6" type="cond" truecount="2" falsecount="0"/>
        <line num="14" count="6" type="stmt"/>
        <line num="25" count="6" type="stmt"/>
      </file>
    </package>
  </project>
</coverage>
