<?xml version="1.0" encoding="UTF-8"?>
<coverage generated="1725924319169" clover="3.2.0">
  <project timestamp="1725924319169" name="All files">
    <metrics statements="659" coveredstatements="657" conditionals="652" coveredconditionals="636" methods="84" coveredmethods="84" elements="1395" coveredelements="1377" complexity="0" loc="659" ncloc="659" packages="3" files="26" classes="26"/>
    <package name="src">
      <metrics statements="445" coveredstatements="443" conditionals="406" coveredconditionals="397" methods="66" coveredmethods="66"/>
      <file name="boolean-string.mjs" path="/Users/zane/playground/string-input/src/boolean-string.mjs">
        <metrics statements="40" coveredstatements="40" conditionals="48" coveredconditionals="48" methods="3" coveredmethods="3"/>
        <line num="1" count="2" type="stmt"/>
        <line num="2" count="2" type="stmt"/>
        <line num="4" count="2" type="stmt"/>
        <line num="5" count="2" type="stmt"/>
        <line num="6" count="2" type="stmt"/>
        <line num="7" count="409" type="cond" truecount="3" falsecount="0"/>
        <line num="32" count="39" type="cond" truecount="6" falsecount="0"/>
        <line num="35" count="39" type="cond" truecount="2" falsecount="0"/>
        <line num="36" count="39" type="cond" truecount="2" falsecount="0"/>
        <line num="37" count="39" type="cond" truecount="2" falsecount="0"/>
        <line num="39" count="39" type="cond" truecount="2" falsecount="0"/>
        <line num="40" count="39" type="stmt"/>
        <line num="42" count="39" type="stmt"/>
        <line num="43" count="36" type="cond" truecount="1" falsecount="0"/>
        <line num="44" count="1" type="stmt"/>
        <line num="47" count="35" type="stmt"/>
        <line num="49" count="35" type="cond" truecount="1" falsecount="0"/>
        <line num="53" count="5" type="stmt"/>
        <line num="62" count="30" type="cond" truecount="1" falsecount="0"/>
        <line num="66" count="5" type="stmt"/>
        <line num="76" count="25" type="cond" truecount="2" falsecount="0"/>
        <line num="77" count="7" type="stmt"/>
        <line num="79" count="18" type="cond" truecount="2" falsecount="0"/>
        <line num="80" count="5" type="stmt"/>
        <line num="83" count="13" type="stmt"/>
        <line num="84" count="13" type="cond" truecount="4" falsecount="0"/>
        <line num="85" count="3" type="stmt"/>
        <line num="93" count="10" type="cond" truecount="1" falsecount="0"/>
        <line num="98" count="3" type="stmt"/>
        <line num="106" count="7" type="cond" truecount="2" falsecount="0"/>
        <line num="110" count="3" type="stmt"/>
        <line num="112" count="4" type="cond" truecount="2" falsecount="0"/>
        <line num="113" count="3" type="stmt"/>
        <line num="116" count="1" type="stmt"/>
        <line num="126" count="18" type="stmt"/>
        <line num="130" count="18" type="stmt"/>
        <line num="131" count="18" type="stmt"/>
        <line num="133" count="18" type="stmt"/>
        <line num="136" count="2" type="stmt"/>
        <line num="137" count="2" type="stmt"/>
      </file>
      <file name="card-number.mjs" path="/Users/zane/playground/string-input/src/card-number.mjs">
        <metrics statements="46" coveredstatements="46" conditionals="29" coveredconditionals="28" methods="4" coveredmethods="4"/>
        <line num="1" count="2" type="stmt"/>
        <line num="2" count="2" type="stmt"/>
        <line num="4" count="2" type="stmt"/>
        <line num="5" count="2" type="stmt"/>
        <line num="6" count="613" type="cond" truecount="3" falsecount="0"/>
        <line num="8" count="2" type="stmt"/>
        <line num="9" count="2" type="stmt"/>
        <line num="10" count="2" type="stmt"/>
        <line num="34" count="52" type="cond" truecount="6" falsecount="0"/>
        <line num="38" count="52" type="cond" truecount="1" falsecount="1"/>
        <line num="40" count="52" type="stmt"/>
        <line num="42" count="52" type="stmt"/>
        <line num="43" count="44" type="cond" truecount="1" falsecount="0"/>
        <line num="44" count="1" type="stmt"/>
        <line num="47" count="43" type="cond" truecount="1" falsecount="0"/>
        <line num="48" count="2" type="stmt"/>
        <line num="57" count="41" type="stmt"/>
        <line num="58" count="41" type="cond" truecount="3" falsecount="0"/>
        <line num="59" count="4" type="stmt"/>
        <line num="68" count="37" type="cond" truecount="1" falsecount="0"/>
        <line num="71" count="19" type="cond" truecount="1" falsecount="0"/>
        <line num="72" count="5" type="cond" truecount="1" falsecount="0"/>
        <line num="73" count="2" type="stmt"/>
        <line num="83" count="3" type="stmt"/>
        <line num="85" count="14" type="stmt"/>
        <line num="86" count="14" type="cond" truecount="2" falsecount="0"/>
        <line num="87" count="6" type="stmt"/>
        <line num="89" count="8" type="cond" truecount="2" falsecount="0"/>
        <line num="90" count="6" type="stmt"/>
        <line num="91" count="6" type="cond" truecount="1" falsecount="0"/>
        <line num="92" count="2" type="stmt"/>
        <line num="100" count="4" type="stmt"/>
        <line num="101" count="4" type="stmt"/>
        <line num="102" count="4" type="stmt"/>
        <line num="103" count="4" type="stmt"/>
        <line num="105" count="4" type="cond" truecount="2" falsecount="0"/>
        <line num="108" count="2" type="stmt"/>
        <line num="117" count="8" type="stmt"/>
        <line num="125" count="23" type="stmt"/>
        <line num="129" count="23" type="stmt"/>
        <line num="131" count="19" type="cond" truecount="1" falsecount="0"/>
        <line num="132" count="2" type="stmt"/>
        <line num="141" count="17" type="stmt"/>
        <line num="143" count="13" type="stmt"/>
        <line num="146" count="2" type="stmt"/>
        <line num="147" count="5" type="stmt"/>
      </file>
      <file name="date-time.mjs" path="/Users/zane/playground/string-input/src/date-time.mjs">
        <metrics statements="81" coveredstatements="81" conditionals="44" coveredconditionals="44" methods="18" coveredmethods="18"/>
        <line num="1" count="2" type="stmt"/>
        <line num="2" count="2" type="stmt"/>
        <line num="4" count="2" type="stmt"/>
        <line num="5" count="2" type="stmt"/>
        <line num="6" count="2" type="stmt"/>
        <line num="7" count="2" type="stmt"/>
        <line num="8" count="2" type="stmt"/>
        <line num="9" count="2" type="stmt"/>
        <line num="10" count="2" type="stmt"/>
        <line num="11" count="2" type="stmt"/>
        <line num="12" count="1099" type="cond" truecount="3" falsecount="0"/>
        <line num="64" count="95" type="cond" truecount="6" falsecount="0"/>
        <line num="67" count="95" type="cond" truecount="2" falsecount="0"/>
        <line num="68" count="95" type="stmt"/>
        <line num="70" count="95" type="stmt"/>
        <line num="71" count="83" type="cond" truecount="1" falsecount="0"/>
        <line num="72" count="1" type="stmt"/>
        <line num="77" count="82" type="stmt"/>
        <line num="78" count="82" type="cond" truecount="1" falsecount="0"/>
        <line num="79" count="2" type="stmt"/>
        <line num="84" count="82" type="stmt"/>
        <line num="85" count="82" type="cond" truecount="1" falsecount="0"/>
        <line num="86" count="1" type="stmt"/>
        <line num="91" count="82" type="cond" truecount="1" falsecount="0"/>
        <line num="92" count="79" type="stmt"/>
        <line num="95" count="71" type="cond" truecount="3" falsecount="0"/>
        <line num="96" count="2" type="stmt"/>
        <line num="104" count="69" type="stmt"/>
        <line num="108" count="69" type="stmt"/>
        <line num="113" count="67" type="cond" truecount="2" falsecount="0"/>
        <line num="114" count="6" type="stmt"/>
        <line num="119" count="61" type="cond" truecount="2" falsecount="0"/>
        <line num="120" count="1" type="stmt"/>
        <line num="121" count="1" type="stmt"/>
        <line num="134" count="60" type="cond" truecount="2" falsecount="0"/>
        <line num="135" count="3" type="stmt"/>
        <line num="148" count="57" type="cond" truecount="7" falsecount="0"/>
        <line num="149" count="2" type="stmt"/>
        <line num="158" count="63" type="cond" truecount="2" falsecount="0"/>
        <line num="159" count="8" type="stmt"/>
        <line num="164" count="55" type="cond" truecount="2" falsecount="0"/>
        <line num="165" count="1" type="stmt"/>
        <line num="166" count="1" type="stmt"/>
        <line num="179" count="54" type="cond" truecount="2" falsecount="0"/>
        <line num="180" count="3" type="stmt"/>
        <line num="193" count="51" type="cond" truecount="7" falsecount="0"/>
        <line num="195" count="2" type="stmt"/>
        <line num="203" count="59" type="stmt"/>
        <line num="205" count="45" type="stmt"/>
        <line num="207" count="43" type="stmt"/>
        <line num="210" count="2" type="stmt"/>
        <line num="211" count="3" type="stmt"/>
        <line num="213" count="2" type="stmt"/>
        <line num="214" count="71" type="stmt"/>
        <line num="215" count="71" type="stmt"/>
        <line num="216" count="71" type="stmt"/>
        <line num="217" count="71" type="stmt"/>
        <line num="218" count="71" type="stmt"/>
        <line num="219" count="71" type="stmt"/>
        <line num="220" count="71" type="stmt"/>
        <line num="221" count="71" type="stmt"/>
        <line num="222" count="71" type="stmt"/>
        <line num="223" count="71" type="stmt"/>
        <line num="224" count="71" type="stmt"/>
        <line num="225" count="71" type="stmt"/>
        <line num="235" count="71" type="stmt"/>
        <line num="237" count="71" type="stmt"/>
        <line num="238" count="6" type="stmt"/>
        <line num="239" count="22" type="stmt"/>
        <line num="240" count="19" type="stmt"/>
        <line num="241" count="19" type="stmt"/>
        <line num="242" count="21" type="stmt"/>
        <line num="243" count="19" type="stmt"/>
        <line num="244" count="19" type="stmt"/>
        <line num="245" count="19" type="stmt"/>
        <line num="246" count="19" type="stmt"/>
        <line num="247" count="19" type="stmt"/>
        <line num="248" count="7" type="stmt"/>
        <line num="249" count="3" type="stmt"/>
        <line num="253" count="48" type="stmt"/>
        <line num="254" count="28" type="stmt"/>
      </file>
      <file name="day.mjs" path="/Users/zane/playground/string-input/src/day.mjs">
        <metrics statements="61" coveredstatements="61" conditionals="85" coveredconditionals="82" methods="12" coveredmethods="12"/>
        <line num="1" count="2" type="stmt"/>
        <line num="2" count="2" type="stmt"/>
        <line num="4" count="2" type="stmt"/>
        <line num="5" count="2" type="stmt"/>
        <line num="6" count="2" type="stmt"/>
        <line num="7" count="2" type="stmt"/>
        <line num="8" count="1111" type="cond" truecount="3" falsecount="0"/>
        <line num="43" count="98" type="cond" truecount="6" falsecount="0"/>
        <line num="44" count="98" type="stmt"/>
        <line num="45" count="98" type="stmt"/>
        <line num="47" count="98" type="stmt"/>
        <line num="48" count="85" type="cond" truecount="1" falsecount="0"/>
        <line num="49" count="1" type="stmt"/>
        <line num="52" count="84" type="stmt"/>
        <line num="53" count="84" type="stmt"/>
        <line num="54" count="84" type="stmt"/>
        <line num="57" count="84" type="cond" truecount="2" falsecount="0"/>
        <line num="61" count="84" type="cond" truecount="2" falsecount="0"/>
        <line num="62" count="2" type="stmt"/>
        <line num="69" count="82" type="cond" truecount="1" falsecount="0"/>
        <line num="70" count="6" type="stmt"/>
        <line num="79" count="76" type="stmt"/>
        <line num="83" count="76" type="stmt"/>
        <line num="85" count="74" type="cond" truecount="11" falsecount="0"/>
        <line num="86" count="74" type="stmt"/>
        <line num="90" count="74" type="cond" truecount="2" falsecount="0"/>
        <line num="91" count="51" type="stmt"/>
        <line num="94" count="23" type="cond" truecount="9" falsecount="1"/>
        <line num="96" count="74" type="cond" truecount="14" falsecount="1"/>
        <line num="100" count="74" type="stmt"/>
        <line num="102" count="74" type="cond" truecount="1" falsecount="0"/>
        <line num="103" count="17" type="stmt"/>
        <line num="105" count="70" type="cond" truecount="1" falsecount="0"/>
        <line num="106" count="17" type="stmt"/>
        <line num="109" count="66" type="stmt"/>
        <line num="112" count="50" type="cond" truecount="1" falsecount="0"/>
        <line num="113" count="2" type="stmt"/>
        <line num="122" count="48" type="stmt"/>
        <line num="124" count="48" type="stmt"/>
        <line num="126" count="46" type="stmt"/>
        <line num="129" count="2" type="stmt"/>
        <line num="130" count="3" type="stmt"/>
        <line num="132" count="2" type="stmt"/>
        <line num="133" count="34" type="cond" truecount="2" falsecount="0"/>
        <line num="134" count="12" type="stmt"/>
        <line num="136" count="22" type="cond" truecount="2" falsecount="0"/>
        <line num="137" count="6" type="stmt"/>
        <line num="139" count="6" type="stmt"/>
        <line num="143" count="16" type="cond" truecount="2" falsecount="0"/>
        <line num="144" count="6" type="stmt"/>
        <line num="148" count="10" type="cond" truecount="4" falsecount="0"/>
        <line num="149" count="4" type="stmt"/>
        <line num="157" count="6" type="stmt"/>
        <line num="160" count="48" type="stmt"/>
        <line num="161" count="6" type="stmt"/>
        <line num="162" count="20" type="stmt"/>
        <line num="163" count="20" type="stmt"/>
        <line num="164" count="23" type="stmt"/>
        <line num="165" count="1" type="stmt"/>
        <line num="166" count="27" type="stmt"/>
        <line num="167" count="32" type="stmt"/>
      </file>
      <file name="ein.mjs" path="/Users/zane/playground/string-input/src/ein.mjs">
        <metrics statements="20" coveredstatements="20" conditionals="11" coveredconditionals="11" methods="3" coveredmethods="3"/>
        <line num="1" count="2" type="stmt"/>
        <line num="2" count="2" type="stmt"/>
        <line num="4" count="2" type="stmt"/>
        <line num="5" count="2" type="stmt"/>
        <line num="6" count="313" type="cond" truecount="3" falsecount="0"/>
        <line num="25" count="26" type="cond" truecount="6" falsecount="0"/>
        <line num="26" count="26" type="stmt"/>
        <line num="28" count="26" type="stmt"/>
        <line num="29" count="20" type="cond" truecount="1" falsecount="0"/>
        <line num="30" count="1" type="stmt"/>
        <line num="33" count="19" type="stmt"/>
        <line num="34" count="19" type="cond" truecount="1" falsecount="0"/>
        <line num="35" count="6" type="stmt"/>
        <line num="42" count="13" type="stmt"/>
        <line num="46" count="13" type="stmt"/>
        <line num="48" count="9" type="stmt"/>
        <line num="50" count="9" type="stmt"/>
        <line num="52" count="5" type="stmt"/>
        <line num="55" count="2" type="stmt"/>
        <line num="56" count="5" type="stmt"/>
      </file>
      <file name="email.mjs" path="/Users/zane/playground/string-input/src/email.mjs">
        <metrics statements="21" coveredstatements="20" conditionals="13" coveredconditionals="12" methods="3" coveredmethods="3"/>
        <line num="1" count="2" type="stmt"/>
        <line num="2" count="2" type="stmt"/>
        <line num="4" count="645" type="cond" truecount="3" falsecount="0"/>
        <line num="111" count="54" type="cond" truecount="6" falsecount="0"/>
        <line num="112" count="54" type="stmt"/>
        <line num="114" count="54" type="stmt"/>
        <line num="115" count="48" type="cond" truecount="1" falsecount="0"/>
        <line num="116" count="1" type="stmt"/>
        <line num="119" count="47" type="cond" truecount="1" falsecount="0"/>
        <line num="120" count="9" type="stmt"/>
        <line num="123" count="47" type="stmt"/>
        <line num="124" count="47" type="stmt"/>
        <line num="125" count="47" type="stmt"/>
        <line num="126" count="47" type="stmt"/>
        <line num="128" count="47" type="cond" truecount="1" falsecount="0"/>
        <line num="129" count="36" type="cond" truecount="0" falsecount="1"/>
        <line num="131" count="0" type="stmt"/>
        <line num="133" count="36" type="stmt"/>
        <line num="141" count="11" type="stmt"/>
        <line num="144" count="2" type="stmt"/>
        <line num="145" count="2" type="stmt"/>
      </file>
      <file name="integer.mjs" path="/Users/zane/playground/string-input/src/integer.mjs">
        <metrics statements="29" coveredstatements="29" conditionals="21" coveredconditionals="21" methods="3" coveredmethods="3"/>
        <line num="1" count="2" type="stmt"/>
        <line num="2" count="2" type="stmt"/>
        <line num="4" count="2" type="stmt"/>
        <line num="5" count="2" type="stmt"/>
        <line num="6" count="2" type="stmt"/>
        <line num="7" count="1638" type="cond" truecount="3" falsecount="0"/>
        <line num="9" count="2" type="stmt"/>
        <line num="31" count="41" type="cond" truecount="6" falsecount="0"/>
        <line num="32" count="41" type="stmt"/>
        <line num="34" count="41" type="stmt"/>
        <line num="35" count="29" type="cond" truecount="1" falsecount="0"/>
        <line num="36" count="1" type="stmt"/>
        <line num="39" count="28" type="cond" truecount="4" falsecount="0"/>
        <line num="40" count="6" type="stmt"/>
        <line num="41" count="6" type="cond" truecount="1" falsecount="0"/>
        <line num="42" count="2" type="stmt"/>
        <line num="44" count="6" type="stmt"/>
        <line num="51" count="22" type="cond" truecount="3" falsecount="0"/>
        <line num="52" count="2" type="stmt"/>
        <line num="60" count="20" type="stmt"/>
        <line num="64" count="20" type="stmt"/>
        <line num="65" count="18" type="stmt"/>
        <line num="66" count="18" type="stmt"/>
        <line num="67" count="14" type="cond" truecount="3" falsecount="0"/>
        <line num="68" count="2" type="stmt"/>
        <line num="75" count="12" type="stmt"/>
        <line num="77" count="10" type="stmt"/>
        <line num="80" count="2" type="stmt"/>
        <line num="81" count="3" type="stmt"/>
      </file>
      <file name="numeric.mjs" path="/Users/zane/playground/string-input/src/numeric.mjs">
        <metrics statements="25" coveredstatements="24" conditionals="18" coveredconditionals="17" methods="3" coveredmethods="3"/>
        <line num="1" count="2" type="stmt"/>
        <line num="3" count="2" type="stmt"/>
        <line num="4" count="2" type="stmt"/>
        <line num="5" count="2" type="stmt"/>
        <line num="6" count="374" type="cond" truecount="3" falsecount="0"/>
        <line num="8" count="2" type="stmt"/>
        <line num="30" count="33" type="cond" truecount="6" falsecount="0"/>
        <line num="31" count="33" type="stmt"/>
        <line num="33" count="33" type="stmt"/>
        <line num="34" count="27" type="cond" truecount="1" falsecount="0"/>
        <line num="35" count="1" type="stmt"/>
        <line num="38" count="26" type="cond" truecount="4" falsecount="0"/>
        <line num="39" count="2" type="stmt"/>
        <line num="46" count="24" type="cond" truecount="0" falsecount="1"/>
        <line num="47" count="0" type="stmt"/>
        <line num="55" count="24" type="stmt"/>
        <line num="59" count="24" type="stmt"/>
        <line num="61" count="24" type="stmt"/>
        <line num="63" count="24" type="stmt"/>
        <line num="64" count="20" type="cond" truecount="3" falsecount="0"/>
        <line num="65" count="2" type="stmt"/>
        <line num="73" count="18" type="stmt"/>
        <line num="75" count="18" type="stmt"/>
        <line num="78" count="2" type="stmt"/>
        <line num="79" count="2" type="stmt"/>
      </file>
      <file name="ssn.mjs" path="/Users/zane/playground/string-input/src/ssn.mjs">
        <metrics statements="20" coveredstatements="20" conditionals="11" coveredconditionals="11" methods="3" coveredmethods="3"/>
        <line num="1" count="2" type="stmt"/>
        <line num="2" count="2" type="stmt"/>
        <line num="4" count="2" type="stmt"/>
        <line num="5" count="2" type="stmt"/>
        <line num="6" count="305" type="cond" truecount="3" falsecount="0"/>
        <line num="23" count="26" type="cond" truecount="6" falsecount="0"/>
        <line num="24" count="26" type="stmt"/>
        <line num="26" count="26" type="stmt"/>
        <line num="27" count="20" type="cond" truecount="1" falsecount="0"/>
        <line num="28" count="1" type="stmt"/>
        <line num="31" count="19" type="stmt"/>
        <line num="32" count="19" type="cond" truecount="1" falsecount="0"/>
        <line num="33" count="10" type="stmt"/>
        <line num="40" count="9" type="stmt"/>
        <line num="44" count="9" type="stmt"/>
        <line num="46" count="7" type="stmt"/>
        <line num="48" count="7" type="stmt"/>
        <line num="50" count="5" type="stmt"/>
        <line num="53" count="2" type="stmt"/>
        <line num="54" count="3" type="stmt"/>
      </file>
      <file name="time-of-day.mjs" path="/Users/zane/playground/string-input/src/time-of-day.mjs">
        <metrics statements="64" coveredstatements="64" conditionals="89" coveredconditionals="86" methods="11" coveredmethods="11"/>
        <line num="1" count="2" type="stmt"/>
        <line num="2" count="2" type="stmt"/>
        <line num="4" count="2" type="stmt"/>
        <line num="5" count="2" type="stmt"/>
        <line num="6" count="2" type="stmt"/>
        <line num="7" count="527" type="cond" truecount="3" falsecount="0"/>
        <line num="42" count="48" type="cond" truecount="6" falsecount="0"/>
        <line num="43" count="48" type="stmt"/>
        <line num="44" count="48" type="stmt"/>
        <line num="46" count="48" type="stmt"/>
        <line num="47" count="41" type="cond" truecount="1" falsecount="0"/>
        <line num="48" count="1" type="stmt"/>
        <line num="51" count="40" type="stmt"/>
        <line num="52" count="40" type="stmt"/>
        <line num="53" count="40" type="stmt"/>
        <line num="55" count="40" type="cond" truecount="1" falsecount="0"/>
        <line num="60" count="3" type="stmt"/>
        <line num="68" count="37" type="cond" truecount="6" falsecount="0"/>
        <line num="70" count="37" type="cond" truecount="1" falsecount="0"/>
        <line num="71" count="1" type="stmt"/>
        <line num="77" count="36" type="stmt"/>
        <line num="81" count="36" type="stmt"/>
        <line num="83" count="35" type="stmt"/>
        <line num="90" count="35" type="cond" truecount="1" falsecount="0"/>
        <line num="91" count="5" type="stmt"/>
        <line num="94" count="34" type="cond" truecount="1" falsecount="0"/>
        <line num="95" count="5" type="stmt"/>
        <line num="97" count="33" type="stmt"/>
        <line num="99" count="29" type="stmt"/>
        <line num="101" count="28" type="stmt"/>
        <line num="104" count="2" type="stmt"/>
        <line num="105" count="35" type="stmt"/>
        <line num="106" count="35" type="stmt"/>
        <line num="107" count="35" type="stmt"/>
        <line num="108" count="35" type="stmt"/>
        <line num="111" count="35" type="cond" truecount="2" falsecount="0"/>
        <line num="112" count="3" type="stmt"/>
        <line num="113" count="3" type="stmt"/>
        <line num="114" count="3" type="stmt"/>
        <line num="115" count="3" type="stmt"/>
        <line num="118" count="32" type="cond" truecount="2" falsecount="0"/>
        <line num="119" count="5" type="stmt"/>
        <line num="121" count="5" type="cond" truecount="1" falsecount="0"/>
        <line num="122" count="1" type="stmt"/>
        <line num="126" count="27" type="cond" truecount="9" falsecount="1"/>
        <line num="128" count="32" type="stmt"/>
        <line num="131" count="32" type="cond" truecount="11" falsecount="0"/>
        <line num="133" count="32" type="cond" truecount="11" falsecount="0"/>
        <line num="134" count="32" type="stmt"/>
        <line num="137" count="35" type="stmt"/>
        <line num="138" count="20" type="stmt"/>
        <line num="139" count="17" type="stmt"/>
        <line num="140" count="17" type="stmt"/>
        <line num="141" count="19" type="stmt"/>
        <line num="142" count="17" type="stmt"/>
        <line num="143" count="16" type="stmt"/>
        <line num="145" count="8" type="cond" truecount="2" falsecount="0"/>
        <line num="146" count="8" type="cond" truecount="3" falsecount="0"/>
        <line num="147" count="4" type="cond" truecount="1" falsecount="1"/>
        <line num="148" count="4" type="cond" truecount="1" falsecount="0"/>
        <line num="149" count="4" type="stmt"/>
        <line num="153" count="8" type="stmt"/>
        <line num="158" count="2" type="stmt"/>
        <line num="159" count="2" type="stmt"/>
      </file>
      <file name="validated-string.mjs" path="/Users/zane/playground/string-input/src/validated-string.mjs">
        <metrics statements="38" coveredstatements="38" conditionals="37" coveredconditionals="37" methods="3" coveredmethods="3"/>
        <line num="1" count="2" type="stmt"/>
        <line num="3" count="2" type="stmt"/>
        <line num="4" count="2" type="stmt"/>
        <line num="5" count="551" type="cond" truecount="3" falsecount="0"/>
        <line num="34" count="46" type="cond" truecount="6" falsecount="0"/>
        <line num="45" count="46" type="stmt"/>
        <line num="46" count="46" type="stmt"/>
        <line num="48" count="46" type="stmt"/>
        <line num="49" count="40" type="cond" truecount="1" falsecount="0"/>
        <line num="50" count="1" type="stmt"/>
        <line num="53" count="39" type="cond" truecount="3" falsecount="0"/>
        <line num="54" count="2" type="stmt"/>
        <line num="61" count="37" type="cond" truecount="3" falsecount="0"/>
        <line num="62" count="2" type="stmt"/>
        <line num="70" count="35" type="cond" truecount="3" falsecount="0"/>
        <line num="71" count="2" type="stmt"/>
        <line num="78" count="33" type="cond" truecount="3" falsecount="0"/>
        <line num="79" count="2" type="stmt"/>
        <line num="87" count="31" type="cond" truecount="1" falsecount="0"/>
        <line num="88" count="4" type="cond" truecount="1" falsecount="0"/>
        <line num="89" count="3" type="stmt"/>
        <line num="91" count="4" type="cond" truecount="1" falsecount="0"/>
        <line num="92" count="2" type="stmt"/>
        <line num="101" count="29" type="cond" truecount="3" falsecount="0"/>
        <line num="102" count="2" type="stmt"/>
        <line num="109" count="27" type="cond" truecount="3" falsecount="0"/>
        <line num="110" count="2" type="stmt"/>
        <line num="118" count="25" type="cond" truecount="1" falsecount="0"/>
        <line num="119" count="7" type="cond" truecount="2" falsecount="0"/>
        <line num="121" count="7" type="cond" truecount="1" falsecount="0"/>
        <line num="123" count="6" type="stmt"/>
        <line num="127" count="6" type="stmt"/>
        <line num="136" count="19" type="stmt"/>
        <line num="140" count="19" type="stmt"/>
        <line num="141" count="17" type="stmt"/>
        <line num="143" count="15" type="stmt"/>
        <line num="146" count="2" type="stmt"/>
        <line num="147" count="3" type="stmt"/>
      </file>
    </package>
    <package name="src.lib">
      <metrics statements="56" coveredstatements="56" conditionals="36" coveredconditionals="34" methods="10" coveredmethods="10"/>
      <file name="check-max-min.mjs" path="/Users/zane/playground/string-input/src/lib/check-max-min.mjs">
        <metrics statements="6" coveredstatements="6" conditionals="6" coveredconditionals="6" methods="1" coveredmethods="1"/>
        <line num="1" count="6" type="stmt"/>
        <line num="3" count="200" type="stmt"/>
        <line num="4" count="200" type="cond" truecount="3" falsecount="0"/>
        <line num="5" count="20" type="stmt"/>
        <line num="13" count="180" type="cond" truecount="3" falsecount="0"/>
        <line num="14" count="22" type="stmt"/>
      </file>
      <file name="check-required.mjs" path="/Users/zane/playground/string-input/src/lib/check-required.mjs">
        <metrics statements="4" coveredstatements="4" conditionals="6" coveredconditionals="6" methods="2" coveredmethods="2"/>
        <line num="1" count="966" type="cond" truecount="3" falsecount="0"/>
        <line num="3" count="513" type="stmt"/>
        <line num="4" count="513" type="cond" truecount="3" falsecount="0"/>
        <line num="5" count="40" type="stmt"/>
      </file>
      <file name="check-validate-input.mjs" path="/Users/zane/playground/string-input/src/lib/check-validate-input.mjs">
        <metrics statements="3" coveredstatements="3" conditionals="4" coveredconditionals="3" methods="1" coveredmethods="1"/>
        <line num="1" count="11" type="stmt"/>
        <line num="3" count="307" type="cond" truecount="3" falsecount="1"/>
        <line num="4" count="307" type="stmt"/>
      </file>
      <file name="check-validate-value.mjs" path="/Users/zane/playground/string-input/src/lib/check-validate-value.mjs">
        <metrics statements="3" coveredstatements="3" conditionals="4" coveredconditionals="3" methods="1" coveredmethods="1"/>
        <line num="1" count="11" type="stmt"/>
        <line num="3" count="220" type="cond" truecount="3" falsecount="1"/>
        <line num="4" count="220" type="stmt"/>
      </file>
      <file name="possible-boolean-values.mjs" path="/Users/zane/playground/string-input/src/lib/possible-boolean-values.mjs">
        <metrics statements="18" coveredstatements="18" conditionals="5" coveredconditionals="5" methods="1" coveredmethods="1"/>
        <line num="1" count="3" type="stmt"/>
        <line num="2" count="22" type="stmt"/>
        <line num="3" count="22" type="stmt"/>
        <line num="4" count="22" type="stmt"/>
        <line num="5" count="22" type="stmt"/>
        <line num="7" count="22" type="stmt"/>
        <line num="8" count="22" type="cond" truecount="1" falsecount="0"/>
        <line num="9" count="16" type="stmt"/>
        <line num="11" count="22" type="cond" truecount="1" falsecount="0"/>
        <line num="12" count="16" type="stmt"/>
        <line num="13" count="16" type="cond" truecount="1" falsecount="0"/>
        <line num="14" count="10" type="stmt"/>
        <line num="17" count="22" type="cond" truecount="1" falsecount="0"/>
        <line num="18" count="18" type="stmt"/>
        <line num="19" count="18" type="cond" truecount="1" falsecount="0"/>
        <line num="20" count="1" type="stmt"/>
        <line num="22" count="18" type="stmt"/>
        <line num="25" count="22" type="stmt"/>
      </file>
      <file name="standard-checks.mjs" path="/Users/zane/playground/string-input/src/lib/standard-checks.mjs">
        <metrics statements="7" coveredstatements="7" conditionals="0" coveredconditionals="0" methods="1" coveredmethods="1"/>
        <line num="1" count="12" type="stmt"/>
        <line num="2" count="12" type="stmt"/>
        <line num="4" count="12" type="stmt"/>
        <line num="5" count="558" type="stmt"/>
        <line num="7" count="513" type="stmt"/>
        <line num="9" count="513" type="stmt"/>
        <line num="11" count="473" type="stmt"/>
      </file>
      <file name="type-checks.mjs" path="/Users/zane/playground/string-input/src/lib/type-checks.mjs">
        <metrics statements="6" coveredstatements="6" conditionals="7" coveredconditionals="7" methods="2" coveredmethods="2"/>
        <line num="1" count="1076" type="cond" truecount="3" falsecount="0"/>
        <line num="3" count="558" type="stmt"/>
        <line num="4" count="558" type="cond" truecount="3" falsecount="0"/>
        <line num="5" count="20" type="stmt"/>
        <line num="11" count="538" type="cond" truecount="1" falsecount="0"/>
        <line num="12" count="25" type="stmt"/>
      </file>
      <file name="validate-helper.mjs" path="/Users/zane/playground/string-input/src/lib/validate-helper.mjs">
        <metrics statements="9" coveredstatements="9" conditionals="4" coveredconditionals="4" methods="1" coveredmethods="1"/>
        <line num="1" count="11" type="stmt"/>
        <line num="3" count="527" type="stmt"/>
        <line num="4" count="527" type="cond" truecount="1" falsecount="0"/>
        <line num="6" count="56" type="stmt"/>
        <line num="7" count="56" type="stmt"/>
        <line num="8" count="56" type="cond" truecount="2" falsecount="0"/>
        <line num="9" count="8" type="stmt"/>
        <line num="17" count="48" type="cond" truecount="1" falsecount="0"/>
        <line num="18" count="30" type="stmt"/>
      </file>
    </package>
    <package name="src.lib.date-time">
      <metrics statements="158" coveredstatements="158" conditionals="210" coveredconditionals="205" methods="8" coveredmethods="8"/>
      <file name="convert-month-name.mjs" path="/Users/zane/playground/string-input/src/lib/date-time/convert-month-name.mjs">
        <metrics statements="14" coveredstatements="14" conditionals="12" coveredconditionals="12" methods="1" coveredmethods="1"/>
        <line num="1" count="6" type="stmt"/>
        <line num="2" count="77" type="cond" truecount="12" falsecount="0"/>
        <line num="4" count="66" type="stmt"/>
        <line num="6" count="1" type="stmt"/>
        <line num="8" count="1" type="stmt"/>
        <line num="10" count="1" type="stmt"/>
        <line num="12" count="1" type="stmt"/>
        <line num="14" count="1" type="stmt"/>
        <line num="16" count="1" type="stmt"/>
        <line num="18" count="1" type="stmt"/>
        <line num="20" count="1" type="stmt"/>
        <line num="22" count="1" type="stmt"/>
        <line num="24" count="1" type="stmt"/>
        <line num="26" count="1" type="stmt"/>
      </file>
      <file name="convert-timezone-offset-to-string.mjs" path="/Users/zane/playground/string-input/src/lib/date-time/convert-timezone-offset-to-string.mjs">
        <metrics statements="5" coveredstatements="5" conditionals="2" coveredconditionals="2" methods="1" coveredmethods="1"/>
        <line num="1" count="3" type="stmt"/>
        <line num="2" count="73" type="stmt"/>
        <line num="3" count="73" type="stmt"/>
        <line num="8" count="73" type="cond" truecount="2" falsecount="0"/>
        <line num="12" count="73" type="stmt"/>
      </file>
      <file name="get-timezone-offset.mjs" path="/Users/zane/playground/string-input/src/lib/date-time/get-timezone-offset.mjs">
        <metrics statements="21" coveredstatements="21" conditionals="11" coveredconditionals="11" methods="1" coveredmethods="1"/>
        <line num="1" count="6" type="stmt"/>
        <line num="3" count="6" type="stmt"/>
        <line num="5" count="6" type="stmt"/>
        <line num="6" count="114" type="stmt"/>
        <line num="7" count="114" type="stmt"/>
        <line num="9" count="114" type="cond" truecount="2" falsecount="0"/>
        <line num="12" count="41" type="stmt"/>
        <line num="24" count="73" type="cond" truecount="4" falsecount="0"/>
        <line num="25" count="44" type="stmt"/>
        <line num="28" count="29" type="stmt"/>
        <line num="29" count="29" type="cond" truecount="2" falsecount="0"/>
        <line num="30" count="25" type="cond" truecount="2" falsecount="0"/>
        <line num="31" count="25" type="stmt"/>
        <line num="32" count="25" type="stmt"/>
        <line num="34" count="25" type="stmt"/>
        <line num="38" count="4" type="stmt"/>
        <line num="47" count="4" type="stmt"/>
        <line num="48" count="4" type="cond" truecount="1" falsecount="0"/>
        <line num="50" count="1" type="stmt"/>
        <line num="57" count="3" type="stmt"/>
        <line num="59" count="3" type="stmt"/>
      </file>
      <file name="make-date-time-string.mjs" path="/Users/zane/playground/string-input/src/lib/date-time/make-date-time-string.mjs">
        <metrics statements="14" coveredstatements="14" conditionals="3" coveredconditionals="3" methods="1" coveredmethods="1"/>
        <line num="1" count="6" type="stmt"/>
        <line num="2" count="152" type="stmt"/>
        <line num="3" count="152" type="stmt"/>
        <line num="4" count="152" type="stmt"/>
        <line num="5" count="152" type="stmt"/>
        <line num="6" count="152" type="stmt"/>
        <line num="7" count="152" type="stmt"/>
        <line num="8" count="152" type="stmt"/>
        <line num="9" count="152" type="stmt"/>
        <line num="10" count="152" type="stmt"/>
        <line num="12" count="152" type="stmt"/>
        <line num="16" count="152" type="cond" truecount="1" falsecount="0"/>
        <line num="17" count="107" type="stmt"/>
        <line num="20" count="152" type="stmt"/>
      </file>
      <file name="process-idiomatic-date-time.mjs" path="/Users/zane/playground/string-input/src/lib/date-time/process-idiomatic-date-time.mjs">
        <metrics statements="50" coveredstatements="50" conditionals="154" coveredconditionals="149" methods="1" coveredmethods="1"/>
        <line num="1" count="3" type="stmt"/>
        <line num="10" count="3" type="stmt"/>
        <line num="12" count="3" type="stmt"/>
        <line num="13" count="3" type="stmt"/>
        <line num="15" count="3" type="stmt"/>
        <line num="16" count="96" type="stmt"/>
        <line num="19" count="96" type="stmt"/>
        <line num="22" count="96" type="stmt"/>
        <line num="23" count="96" type="stmt"/>
        <line num="24" count="96" type="stmt"/>
        <line num="25" count="96" type="stmt"/>
        <line num="28" count="96" type="stmt"/>
        <line num="31" count="96" type="cond" truecount="2" falsecount="0"/>
        <line num="35" count="96" type="cond" truecount="1" falsecount="0"/>
        <line num="36" count="10" type="stmt"/>
        <line num="45" count="86" type="stmt"/>
        <line num="46" count="86" type="stmt"/>
        <line num="47" count="86" type="stmt"/>
        <line num="48" count="86" type="stmt"/>
        <line num="50" count="86" type="stmt"/>
        <line num="51" count="86" type="stmt"/>
        <line num="54" count="86" type="cond" truecount="2" falsecount="0"/>
        <line num="58" count="86" type="cond" truecount="2" falsecount="0"/>
        <line num="59" count="3" type="stmt"/>
        <line num="66" count="83" type="cond" truecount="1" falsecount="0"/>
        <line num="67" count="1" type="stmt"/>
        <line num="76" count="82" type="cond" truecount="11" falsecount="0"/>
        <line num="77" count="82" type="stmt"/>
        <line num="82" count="82" type="cond" truecount="2" falsecount="0"/>
        <line num="83" count="8" type="stmt"/>
        <line num="84" count="8" type="stmt"/>
        <line num="87" count="74" type="cond" truecount="9" falsecount="1"/>
        <line num="89" count="82" type="stmt"/>
        <line num="94" count="82" type="cond" truecount="7" falsecount="0"/>
        <line num="98" count="82" type="cond" truecount="2" falsecount="0"/>
        <line num="99" count="4" type="stmt"/>
        <line num="100" count="4" type="stmt"/>
        <line num="101" count="4" type="stmt"/>
        <line num="102" count="4" type="stmt"/>
        <line num="105" count="78" type="stmt"/>
        <line num="108" count="78" type="cond" truecount="1" falsecount="0"/>
        <line num="109" count="2" type="cond" truecount="2" falsecount="0"/>
        <line num="110" count="2" type="cond" truecount="1" falsecount="0"/>
        <line num="111" count="1" type="stmt"/>
        <line num="114" count="78" type="stmt"/>
        <line num="117" count="78" type="cond" truecount="11" falsecount="0"/>
        <line num="118" count="78" type="stmt"/>
        <line num="124" count="82" type="cond" truecount="8" falsecount="0"/>
        <line num="128" count="82" type="stmt"/>
        <line num="139" count="82" type="stmt"/>
      </file>
      <file name="process-iso-8601-date-time.mjs" path="/Users/zane/playground/string-input/src/lib/date-time/process-iso-8601-date-time.mjs">
        <metrics statements="41" coveredstatements="41" conditionals="26" coveredconditionals="26" methods="2" coveredmethods="2"/>
        <line num="1" count="3" type="stmt"/>
        <line num="3" count="3" type="stmt"/>
        <line num="5" count="3" type="stmt"/>
        <line num="7" count="3" type="stmt"/>
        <line num="8" count="20" type="stmt"/>
        <line num="10" count="20" type="cond" truecount="2" falsecount="0"/>
        <line num="11" count="1" type="stmt"/>
        <line num="17" count="19" type="cond" truecount="1" falsecount="0"/>
        <line num="18" count="1" type="stmt"/>
        <line num="25" count="18" type="stmt"/>
        <line num="26" count="18" type="cond" truecount="2" falsecount="0"/>
        <line num="27" count="18" type="cond" truecount="2" falsecount="0"/>
        <line num="28" count="18" type="stmt"/>
        <line num="29" count="18" type="cond" truecount="2" falsecount="0"/>
        <line num="32" count="18" type="cond" truecount="2" falsecount="0"/>
        <line num="37" count="4" type="stmt"/>
        <line num="38" count="4" type="stmt"/>
        <line num="39" count="4" type="stmt"/>
        <line num="41" count="14" type="cond" truecount="2" falsecount="0"/>
        <line num="43" count="3" type="stmt"/>
        <line num="44" count="3" type="stmt"/>
        <line num="45" count="3" type="stmt"/>
        <line num="46" count="3" type="stmt"/>
        <line num="47" count="3" type="stmt"/>
        <line num="48" count="3" type="stmt"/>
        <line num="50" count="3" type="stmt"/>
        <line num="53" count="11" type="stmt"/>
        <line num="54" count="11" type="cond" truecount="4" falsecount="0"/>
        <line num="55" count="1" type="stmt"/>
        <line num="56" count="1" type="stmt"/>
        <line num="58" count="10" type="cond" truecount="2" falsecount="0"/>
        <line num="59" count="2" type="stmt"/>
        <line num="60" count="2" type="stmt"/>
        <line num="61" count="2" type="stmt"/>
        <line num="63" count="2" type="stmt"/>
        <line num="66" count="8" type="stmt"/>
        <line num="67" count="8" type="stmt"/>
        <line num="72" count="18" type="cond" truecount="2" falsecount="0"/>
        <line num="73" count="18" type="stmt"/>
        <line num="84" count="18" type="stmt"/>
        <line num="97" count="5" type="stmt"/>
      </file>
      <file name="process-rfc-2822-date-time.mjs" path="/Users/zane/playground/string-input/src/lib/date-time/process-rfc-2822-date-time.mjs">
        <metrics statements="13" coveredstatements="13" conditionals="2" coveredconditionals="2" methods="1" coveredmethods="1"/>
        <line num="1" count="3" type="stmt"/>
        <line num="2" count="3" type="stmt"/>
        <line num="4" count="3" type="stmt"/>
        <line num="5" count="6" type="stmt"/>
        <line num="6" count="6" type="stmt"/>
        <line num="7" count="6" type="stmt"/>
        <line num="8" count="6" type="stmt"/>
        <line num="9" count="6" type="stmt"/>
        <line num="10" count="6" type="stmt"/>
        <line num="11" count="6" type="stmt"/>
        <line num="12" count="6" type="cond" truecount="2" falsecount="0"/>
        <line num="14" count="6" type="stmt"/>
        <line num="25" count="6" type="stmt"/>
      </file>
    </package>
  </project>
</coverage>
