{"/Users/zane/playground/string-input/src/boolean-string.mjs": {"path":"/Users/zane/playground/string-input/src/boolean-string.mjs","statementMap":{"0":{"start":{"line":1,"column":0},"end":{"line":1,"column":null}},"1":{"start":{"line":2,"column":0},"end":{"line":2,"column":null}},"2":{"start":{"line":4,"column":0},"end":{"line":4,"column":null}},"3":{"start":{"line":5,"column":0},"end":{"line":5,"column":null}},"4":{"start":{"line":6,"column":0},"end":{"line":6,"column":null}},"5":{"start":{"line":7,"column":0},"end":{"line":7,"column":null}},"6":{"start":{"line":8,"column":0},"end":{"line":8,"column":54}},"7":{"start":{"line":8,"column":54},"end":{"line":8,"column":null}},"8":{"start":{"line":33,"column":19},"end":{"line":136,"column":1}},"9":{"start":{"line":33,"column":46},"end":{"line":33,"column":59}},"10":{"start":{"line":40,"column":6},"end":{"line":40,"column":13}},"11":{"start":{"line":35,"column":8},"end":{"line":35,"column":7}},"12":{"start":{"line":35,"column":8},"end":{"line":36,"column":19}},"13":{"start":{"line":36,"column":19},"end":{"line":36,"column":null}},"14":{"start":{"line":36,"column":27},"end":{"line":37,"column":13}},"15":{"start":{"line":37,"column":13},"end":{"line":37,"column":null}},"16":{"start":{"line":37,"column":21},"end":{"line":38,"column":11}},"17":{"start":{"line":38,"column":11},"end":{"line":38,"column":null}},"18":{"start":{"line":38,"column":19},"end":{"line":39,"column":30}},"19":{"start":{"line":39,"column":30},"end":{"line":39,"column":null}},"20":{"start":{"line":42,"column":2},"end":{"line":42,"column":null}},"21":{"start":{"line":44,"column":2},"end":{"line":44,"column":null}},"22":{"start":{"line":45,"column":2},"end":{"line":47,"column":null}},"23":{"start":{"line":46,"column":4},"end":{"line":46,"column":null}},"24":{"start":{"line":49,"column":2},"end":{"line":49,"column":null}},"25":{"start":{"line":51,"column":2},"end":{"line":62,"column":null}},"26":{"start":{"line":55,"column":4},"end":{"line":61,"column":null}},"27":{"start":{"line":64,"column":2},"end":{"line":75,"column":null}},"28":{"start":{"line":68,"column":4},"end":{"line":74,"column":null}},"29":{"start":{"line":78,"column":2},"end":{"line":126,"column":null}},"30":{"start":{"line":79,"column":4},"end":{"line":79,"column":null}},"31":{"start":{"line":81,"column":7},"end":{"line":126,"column":null}},"32":{"start":{"line":82,"column":4},"end":{"line":82,"column":null}},"33":{"start":{"line":85,"column":25},"end":{"line":85,"column":49}},"34":{"start":{"line":86,"column":4},"end":{"line":107,"column":null}},"35":{"start":{"line":87,"column":6},"end":{"line":93,"column":null}},"36":{"start":{"line":95,"column":9},"end":{"line":107,"column":null}},"37":{"start":{"line":100,"column":6},"end":{"line":106,"column":null}},"38":{"start":{"line":108,"column":4},"end":{"line":125,"column":null}},"39":{"start":{"line":112,"column":6},"end":{"line":112,"column":null}},"40":{"start":{"line":114,"column":9},"end":{"line":125,"column":null}},"41":{"start":{"line":115,"column":6},"end":{"line":115,"column":null}},"42":{"start":{"line":118,"column":6},"end":{"line":124,"column":null}},"43":{"start":{"line":128,"column":28},"end":{"line":131,"column":3}},"44":{"start":{"line":132,"column":2},"end":{"line":132,"column":null}},"45":{"start":{"line":133,"column":2},"end":{"line":133,"column":null}},"46":{"start":{"line":135,"column":2},"end":{"line":135,"column":null}},"47":{"start":{"line":138,"column":0},"end":{"line":138,"column":null}},"48":{"start":{"line":139,"column":0},"end":{"line":139,"column":null}},"49":{"start":{"line":139,"column":25},"end":{"line":139,"column":null}}},"fnMap":{"0":{"name":"ownKeys","decl":{"start":{"line":8,"column":54},"end":{"line":8,"column":null}},"loc":{"start":{"line":8,"column":54},"end":{"line":8,"column":null}}},"1":{"name":"BooleanString","decl":{"start":{"line":33,"column":6},"end":{"line":33,"column":19}},"loc":{"start":{"line":33,"column":61},"end":{"line":136,"column":1}}},"2":{"name":"(anonymous_6)","decl":{"start":{"line":139,"column":25},"end":{"line":139,"column":31}},"loc":{"start":{"line":139,"column":25},"end":{"line":139,"column":null}}}},"branchMap":{"0":{"loc":{"start":{"line":8,"column":54},"end":{"line":8,"column":null}},"type":"if","locations":[{"start":{"line":8,"column":54},"end":{"line":8,"column":null}}]},"1":{"loc":{"start":{"line":8,"column":54},"end":{"line":8,"column":null}},"type":"binary-expr","locations":[{"start":{"line":8,"column":54},"end":{"line":8,"column":null}},{"start":{"line":8,"column":54},"end":{"line":8,"column":null}}]},"2":{"loc":{"start":{"line":33,"column":46},"end":{"line":33,"column":59}},"type":"cond-expr","locations":[{"start":{"line":33,"column":46},"end":{"line":33,"column":49}},{"start":{"line":33,"column":49},"end":{"line":33,"column":59}}]},"3":{"loc":{"start":{"line":33,"column":46},"end":{"line":33,"column":49}},"type":"binary-expr","locations":[{"start":{"line":33,"column":46},"end":{"line":33,"column":49}},{"start":{"line":33,"column":46},"end":{"line":33,"column":49}}]},"4":{"loc":{"start":{"line":33,"column":49},"end":{"line":33,"column":59}},"type":"binary-expr","locations":[{"start":{"line":33,"column":49},"end":{"line":33,"column":53}},{"start":{"line":33,"column":57},"end":{"line":33,"column":59}}]},"5":{"loc":{"start":{"line":36,"column":19},"end":{"line":36,"column":null}},"type":"cond-expr","locations":[{"start":{"line":36,"column":22},"end":{"line":36,"column":27}},{"start":{"line":36,"column":27},"end":{"line":36,"column":null}}]},"6":{"loc":{"start":{"line":37,"column":13},"end":{"line":37,"column":null}},"type":"cond-expr","locations":[{"start":{"line":37,"column":16},"end":{"line":37,"column":21}},{"start":{"line":37,"column":21},"end":{"line":37,"column":null}}]},"7":{"loc":{"start":{"line":38,"column":11},"end":{"line":38,"column":null}},"type":"cond-expr","locations":[{"start":{"line":38,"column":14},"end":{"line":38,"column":19}},{"start":{"line":38,"column":19},"end":{"line":38,"column":null}}]},"8":{"loc":{"start":{"line":39,"column":30},"end":{"line":39,"column":null}},"type":"cond-expr","locations":[{"start":{"line":39,"column":33},"end":{"line":39,"column":38}},{"start":{"line":39,"column":38},"end":{"line":39,"column":null}}]},"9":{"loc":{"start":{"line":45,"column":2},"end":{"line":47,"column":null}},"type":"if","locations":[{"start":{"line":45,"column":2},"end":{"line":47,"column":null}}]},"10":{"loc":{"start":{"line":51,"column":2},"end":{"line":62,"column":null}},"type":"if","locations":[{"start":{"line":51,"column":2},"end":{"line":62,"column":null}}]},"11":{"loc":{"start":{"line":52,"column":4},"end":{"line":53,"column":73}},"type":"binary-expr","locations":[{"start":{"line":52,"column":4},"end":{"line":52,"column":28}},{"start":{"line":53,"column":8},"end":{"line":53,"column":21}},{"start":{"line":53,"column":25},"end":{"line":53,"column":38}},{"start":{"line":53,"column":42},"end":{"line":53,"column":55}},{"start":{"line":53,"column":59},"end":{"line":53,"column":72}}]},"12":{"loc":{"start":{"line":64,"column":2},"end":{"line":75,"column":null}},"type":"if","locations":[{"start":{"line":64,"column":2},"end":{"line":75,"column":null}}]},"13":{"loc":{"start":{"line":65,"column":4},"end":{"line":66,"column":76}},"type":"binary-expr","locations":[{"start":{"line":65,"column":4},"end":{"line":65,"column":20}},{"start":{"line":66,"column":8},"end":{"line":66,"column":23}},{"start":{"line":66,"column":27},"end":{"line":66,"column":40}},{"start":{"line":66,"column":44},"end":{"line":66,"column":58}},{"start":{"line":66,"column":62},"end":{"line":66,"column":75}}]},"14":{"loc":{"start":{"line":78,"column":2},"end":{"line":126,"column":null}},"type":"if","locations":[{"start":{"line":78,"column":2},"end":{"line":126,"column":null}},{"start":{"line":81,"column":7},"end":{"line":126,"column":null}}]},"15":{"loc":{"start":{"line":81,"column":7},"end":{"line":126,"column":null}},"type":"if","locations":[{"start":{"line":81,"column":7},"end":{"line":126,"column":null}},{"start":{"line":84,"column":7},"end":{"line":126,"column":null}}]},"16":{"loc":{"start":{"line":86,"column":4},"end":{"line":107,"column":null}},"type":"if","locations":[{"start":{"line":86,"column":4},"end":{"line":107,"column":null}},{"start":{"line":95,"column":9},"end":{"line":107,"column":null}}]},"17":{"loc":{"start":{"line":86,"column":8},"end":{"line":86,"column":66}},"type":"binary-expr","locations":[{"start":{"line":86,"column":8},"end":{"line":86,"column":26}},{"start":{"line":86,"column":30},"end":{"line":86,"column":66}}]},"18":{"loc":{"start":{"line":95,"column":9},"end":{"line":107,"column":null}},"type":"if","locations":[{"start":{"line":95,"column":9},"end":{"line":107,"column":null}}]},"19":{"loc":{"start":{"line":96,"column":6},"end":{"line":97,"column":37}},"type":"binary-expr","locations":[{"start":{"line":96,"column":6},"end":{"line":96,"column":41}},{"start":{"line":97,"column":9},"end":{"line":97,"column":37}}]},"20":{"loc":{"start":{"line":108,"column":4},"end":{"line":125,"column":null}},"type":"if","locations":[{"start":{"line":108,"column":4},"end":{"line":125,"column":null}},{"start":{"line":114,"column":9},"end":{"line":125,"column":null}}]},"21":{"loc":{"start":{"line":109,"column":6},"end":{"line":110,"column":66}},"type":"binary-expr","locations":[{"start":{"line":109,"column":6},"end":{"line":109,"column":24}},{"start":{"line":110,"column":10},"end":{"line":110,"column":45}},{"start":{"line":110,"column":49},"end":{"line":110,"column":66}}]},"22":{"loc":{"start":{"line":114,"column":9},"end":{"line":125,"column":null}},"type":"if","locations":[{"start":{"line":114,"column":9},"end":{"line":125,"column":null}},{"start":{"line":117,"column":9},"end":{"line":125,"column":null}}]}},"s":{"0":2,"1":2,"2":2,"3":2,"4":2,"5":2,"6":2,"7":1060,"8":2,"9":39,"10":39,"11":39,"12":39,"13":39,"14":39,"15":39,"16":39,"17":39,"18":39,"19":39,"20":39,"21":39,"22":36,"23":1,"24":35,"25":35,"26":5,"27":30,"28":5,"29":25,"30":7,"31":18,"32":5,"33":13,"34":13,"35":3,"36":10,"37":3,"38":7,"39":3,"40":4,"41":3,"42":1,"43":18,"44":18,"45":18,"46":18,"47":2,"48":2,"49":1},"f":{"0":222,"1":39,"2":1},"b":{"0":[95],"1":[363,134],"2":[22,17],"3":[39,38],"4":[17,17],"5":[34,5],"6":[36,3],"7":[34,5],"8":[38,1],"9":[1],"10":[5],"11":[35,5,3,2,1],"12":[5],"13":[30,5,3,2,1],"14":[7,18],"15":[5,13],"16":[3,10],"17":[13,3],"18":[3],"19":[10,8],"20":[3,4],"21":[7,5,1],"22":[3,1]}}
,"/Users/zane/playground/string-input/src/card-number.mjs": {"path":"/Users/zane/playground/string-input/src/card-number.mjs","statementMap":{"0":{"start":{"line":1,"column":0},"end":{"line":1,"column":null}},"1":{"start":{"line":2,"column":0},"end":{"line":2,"column":null}},"2":{"start":{"line":4,"column":0},"end":{"line":4,"column":null}},"3":{"start":{"line":5,"column":0},"end":{"line":5,"column":null}},"4":{"start":{"line":6,"column":0},"end":{"line":6,"column":null}},"5":{"start":{"line":7,"column":0},"end":{"line":7,"column":54}},"6":{"start":{"line":7,"column":54},"end":{"line":7,"column":null}},"7":{"start":{"line":9,"column":13},"end":{"line":9,"column":19}},"8":{"start":{"line":10,"column":26},"end":{"line":10,"column":61}},"9":{"start":{"line":11,"column":20},"end":{"line":11,"column":41}},"10":{"start":{"line":35,"column":16},"end":{"line":142,"column":1}},"11":{"start":{"line":35,"column":43},"end":{"line":35,"column":56}},"12":{"start":{"line":36,"column":69},"end":{"line":36,"column":76}},"13":{"start":{"line":36,"column":14},"end":{"line":36,"column":13}},"14":{"start":{"line":36,"column":20},"end":{"line":36,"column":19}},"15":{"start":{"line":36,"column":20},"end":{"line":36,"column":29}},"16":{"start":{"line":36,"column":29},"end":{"line":36,"column":69}},"17":{"start":{"line":38,"column":2},"end":{"line":38,"column":null}},"18":{"start":{"line":40,"column":2},"end":{"line":40,"column":null}},"19":{"start":{"line":41,"column":2},"end":{"line":43,"column":null}},"20":{"start":{"line":42,"column":4},"end":{"line":42,"column":null}},"21":{"start":{"line":45,"column":2},"end":{"line":53,"column":null}},"22":{"start":{"line":46,"column":4},"end":{"line":52,"column":null}},"23":{"start":{"line":55,"column":23},"end":{"line":55,"column":56}},"24":{"start":{"line":56,"column":2},"end":{"line":64,"column":null}},"25":{"start":{"line":57,"column":4},"end":{"line":63,"column":null}},"26":{"start":{"line":66,"column":2},"end":{"line":121,"column":null}},"27":{"start":{"line":69,"column":6},"end":{"line":82,"column":7}},"28":{"start":{"line":70,"column":8},"end":{"line":79,"column":null}},"29":{"start":{"line":71,"column":10},"end":{"line":78,"column":null}},"30":{"start":{"line":81,"column":8},"end":{"line":81,"column":null}},"31":{"start":{"line":83,"column":20},"end":{"line":83,"column":41}},"32":{"start":{"line":84,"column":6},"end":{"line":112,"column":null}},"33":{"start":{"line":85,"column":8},"end":{"line":85,"column":null}},"34":{"start":{"line":87,"column":11},"end":{"line":112,"column":null}},"35":{"start":{"line":88,"column":28},"end":{"line":88,"column":43}},"36":{"start":{"line":89,"column":8},"end":{"line":97,"column":null}},"37":{"start":{"line":90,"column":10},"end":{"line":96,"column":null}},"38":{"start":{"line":98,"column":20},"end":{"line":98,"column":38}},"39":{"start":{"line":99,"column":20},"end":{"line":99,"column":38}},"40":{"start":{"line":100,"column":25},"end":{"line":100,"column":59}},"41":{"start":{"line":101,"column":28},"end":{"line":101,"column":46}},"42":{"start":{"line":103,"column":8},"end":{"line":103,"column":null}},"43":{"start":{"line":106,"column":8},"end":{"line":111,"column":null}},"44":{"start":{"line":115,"column":4},"end":{"line":120,"column":null}},"45":{"start":{"line":123,"column":28},"end":{"line":126,"column":3}},"46":{"start":{"line":127,"column":2},"end":{"line":127,"column":null}},"47":{"start":{"line":129,"column":2},"end":{"line":137,"column":null}},"48":{"start":{"line":130,"column":4},"end":{"line":136,"column":null}},"49":{"start":{"line":139,"column":2},"end":{"line":139,"column":null}},"50":{"start":{"line":141,"column":2},"end":{"line":141,"column":null}},"51":{"start":{"line":144,"column":0},"end":{"line":144,"column":null}},"52":{"start":{"line":145,"column":0},"end":{"line":145,"column":null}},"53":{"start":{"line":145,"column":22},"end":{"line":145,"column":null}}},"fnMap":{"0":{"name":"ownKeys","decl":{"start":{"line":7,"column":54},"end":{"line":7,"column":null}},"loc":{"start":{"line":7,"column":54},"end":{"line":7,"column":null}}},"1":{"name":"CardNumber","decl":{"start":{"line":35,"column":6},"end":{"line":35,"column":16}},"loc":{"start":{"line":35,"column":58},"end":{"line":142,"column":1}}},"2":{"name":"(anonymous_6)","decl":{"start":{"line":68,"column":17},"end":{"line":68,"column":18}},"loc":{"start":{"line":68,"column":26},"end":{"line":113,"column":5}}},"3":{"name":"(anonymous_7)","decl":{"start":{"line":145,"column":22},"end":{"line":145,"column":28}},"loc":{"start":{"line":145,"column":22},"end":{"line":145,"column":null}}}},"branchMap":{"0":{"loc":{"start":{"line":7,"column":54},"end":{"line":7,"column":null}},"type":"if","locations":[{"start":{"line":7,"column":54},"end":{"line":7,"column":null}}]},"1":{"loc":{"start":{"line":7,"column":54},"end":{"line":7,"column":null}},"type":"binary-expr","locations":[{"start":{"line":7,"column":54},"end":{"line":7,"column":null}},{"start":{"line":7,"column":54},"end":{"line":7,"column":null}}]},"2":{"loc":{"start":{"line":35,"column":43},"end":{"line":35,"column":56}},"type":"cond-expr","locations":[{"start":{"line":35,"column":43},"end":{"line":35,"column":46}},{"start":{"line":35,"column":46},"end":{"line":35,"column":56}}]},"3":{"loc":{"start":{"line":35,"column":43},"end":{"line":35,"column":46}},"type":"binary-expr","locations":[{"start":{"line":35,"column":43},"end":{"line":35,"column":46}},{"start":{"line":35,"column":43},"end":{"line":35,"column":46}}]},"4":{"loc":{"start":{"line":35,"column":46},"end":{"line":35,"column":56}},"type":"binary-expr","locations":[{"start":{"line":35,"column":46},"end":{"line":35,"column":50}},{"start":{"line":35,"column":54},"end":{"line":35,"column":56}}]},"5":{"loc":{"start":{"line":36,"column":29},"end":{"line":36,"column":69}},"type":"cond-expr","locations":[{"start":{"line":36,"column":32},"end":{"line":36,"column":64}},{"start":{"line":36,"column":64},"end":{"line":36,"column":69}}]},"6":{"loc":{"start":{"line":41,"column":2},"end":{"line":43,"column":null}},"type":"if","locations":[{"start":{"line":41,"column":2},"end":{"line":43,"column":null}}]},"7":{"loc":{"start":{"line":45,"column":2},"end":{"line":53,"column":null}},"type":"if","locations":[{"start":{"line":45,"column":2},"end":{"line":53,"column":null}}]},"8":{"loc":{"start":{"line":56,"column":2},"end":{"line":64,"column":null}},"type":"if","locations":[{"start":{"line":56,"column":2},"end":{"line":64,"column":null}}]},"9":{"loc":{"start":{"line":56,"column":6},"end":{"line":56,"column":69}},"type":"binary-expr","locations":[{"start":{"line":56,"column":6},"end":{"line":56,"column":27}},{"start":{"line":56,"column":31},"end":{"line":56,"column":69}}]},"10":{"loc":{"start":{"line":66,"column":2},"end":{"line":121,"column":null}},"type":"if","locations":[{"start":{"line":66,"column":2},"end":{"line":121,"column":null}}]},"11":{"loc":{"start":{"line":67,"column":4},"end":{"line":113,"column":15}},"type":"binary-expr","locations":[{"start":{"line":67,"column":4},"end":{"line":67,"column":22}},{"start":{"line":68,"column":7},"end":{"line":113,"column":15}}]},"12":{"loc":{"start":{"line":69,"column":6},"end":{"line":82,"column":7}},"type":"if","locations":[{"start":{"line":69,"column":6},"end":{"line":82,"column":7}}]},"13":{"loc":{"start":{"line":70,"column":8},"end":{"line":79,"column":null}},"type":"if","locations":[{"start":{"line":70,"column":8},"end":{"line":79,"column":null}}]},"14":{"loc":{"start":{"line":84,"column":6},"end":{"line":112,"column":null}},"type":"if","locations":[{"start":{"line":84,"column":6},"end":{"line":112,"column":null}},{"start":{"line":87,"column":11},"end":{"line":112,"column":null}}]},"15":{"loc":{"start":{"line":87,"column":11},"end":{"line":112,"column":null}},"type":"if","locations":[{"start":{"line":87,"column":11},"end":{"line":112,"column":null}},{"start":{"line":105,"column":11},"end":{"line":112,"column":null}}]},"16":{"loc":{"start":{"line":89,"column":8},"end":{"line":97,"column":null}},"type":"if","locations":[{"start":{"line":89,"column":8},"end":{"line":97,"column":null}}]},"17":{"loc":{"start":{"line":103,"column":15},"end":{"line":103,"column":55}},"type":"binary-expr","locations":[{"start":{"line":103,"column":15},"end":{"line":103,"column":33}},{"start":{"line":103,"column":37},"end":{"line":103,"column":55}}]},"18":{"loc":{"start":{"line":129,"column":2},"end":{"line":137,"column":null}},"type":"if","locations":[{"start":{"line":129,"column":2},"end":{"line":137,"column":null}}]}},"s":{"0":2,"1":2,"2":2,"3":2,"4":2,"5":2,"6":1329,"7":2,"8":2,"9":2,"10":2,"11":52,"12":52,"13":52,"14":52,"15":52,"16":52,"17":52,"18":52,"19":44,"20":1,"21":43,"22":2,"23":41,"24":41,"25":4,"26":37,"27":19,"28":5,"29":2,"30":3,"31":14,"32":14,"33":6,"34":8,"35":6,"36":6,"37":2,"38":4,"39":4,"40":4,"41":4,"42":4,"43":2,"44":8,"45":23,"46":23,"47":19,"48":2,"49":17,"50":13,"51":2,"52":2,"53":5},"f":{"0":329,"1":52,"2":19,"3":5},"b":{"0":[112],"1":[440,164],"2":[28,24],"3":[52,33],"4":[24,5],"5":[52,0],"6":[1],"7":[2],"8":[4],"9":[41,41],"10":[8],"11":[37,19],"12":[5],"13":[2],"14":[6,8],"15":[6,2],"16":[2],"17":[4,2],"18":[2]}}
,"/Users/zane/playground/string-input/src/date-time.mjs": {"path":"/Users/zane/playground/string-input/src/date-time.mjs","statementMap":{"0":{"start":{"line":1,"column":0},"end":{"line":1,"column":null}},"1":{"start":{"line":2,"column":0},"end":{"line":2,"column":null}},"2":{"start":{"line":4,"column":0},"end":{"line":4,"column":null}},"3":{"start":{"line":5,"column":0},"end":{"line":5,"column":null}},"4":{"start":{"line":6,"column":0},"end":{"line":6,"column":null}},"5":{"start":{"line":7,"column":0},"end":{"line":7,"column":null}},"6":{"start":{"line":8,"column":0},"end":{"line":8,"column":null}},"7":{"start":{"line":9,"column":0},"end":{"line":9,"column":null}},"8":{"start":{"line":10,"column":0},"end":{"line":10,"column":null}},"9":{"start":{"line":11,"column":0},"end":{"line":11,"column":null}},"10":{"start":{"line":12,"column":0},"end":{"line":12,"column":null}},"11":{"start":{"line":13,"column":0},"end":{"line":13,"column":54}},"12":{"start":{"line":13,"column":54},"end":{"line":13,"column":null}},"13":{"start":{"line":65,"column":14},"end":{"line":211,"column":1}},"14":{"start":{"line":65,"column":41},"end":{"line":65,"column":54}},"15":{"start":{"line":68,"column":41},"end":{"line":68,"column":48}},"16":{"start":{"line":68,"column":14},"end":{"line":68,"column":13}},"17":{"start":{"line":68,"column":29},"end":{"line":68,"column":28}},"18":{"start":{"line":68,"column":36},"end":{"line":68,"column":35}},"19":{"start":{"line":69,"column":21},"end":{"line":69,"column":28}},"20":{"start":{"line":69,"column":11},"end":{"line":69,"column":10}},"21":{"start":{"line":69,"column":16},"end":{"line":69,"column":15}},"22":{"start":{"line":71,"column":2},"end":{"line":71,"column":null}},"23":{"start":{"line":73,"column":2},"end":{"line":73,"column":null}},"24":{"start":{"line":74,"column":2},"end":{"line":76,"column":null}},"25":{"start":{"line":75,"column":4},"end":{"line":75,"column":null}},"26":{"start":{"line":80,"column":23},"end":{"line":80,"column":53}},"27":{"start":{"line":81,"column":2},"end":{"line":85,"column":null}},"28":{"start":{"line":82,"column":4},"end":{"line":84,"column":null}},"29":{"start":{"line":87,"column":23},"end":{"line":87,"column":49}},"30":{"start":{"line":88,"column":2},"end":{"line":92,"column":null}},"31":{"start":{"line":89,"column":4},"end":{"line":91,"column":null}},"32":{"start":{"line":94,"column":2},"end":{"line":96,"column":null}},"33":{"start":{"line":95,"column":4},"end":{"line":95,"column":null}},"34":{"start":{"line":98,"column":2},"end":{"line":105,"column":null}},"35":{"start":{"line":99,"column":4},"end":{"line":104,"column":null}},"36":{"start":{"line":107,"column":28},"end":{"line":110,"column":3}},"37":{"start":{"line":111,"column":2},"end":{"line":111,"column":null}},"38":{"start":{"line":116,"column":2},"end":{"line":159,"column":null}},"39":{"start":{"line":117,"column":4},"end":{"line":120,"column":null}},"40":{"start":{"line":122,"column":7},"end":{"line":159,"column":null}},"41":{"start":{"line":123,"column":20},"end":{"line":123,"column":33}},"42":{"start":{"line":124,"column":4},"end":{"line":135,"column":null}},"43":{"start":{"line":137,"column":7},"end":{"line":159,"column":null}},"44":{"start":{"line":138,"column":4},"end":{"line":149,"column":null}},"45":{"start":{"line":151,"column":7},"end":{"line":159,"column":null}},"46":{"start":{"line":152,"column":4},"end":{"line":158,"column":null}},"47":{"start":{"line":161,"column":2},"end":{"line":205,"column":null}},"48":{"start":{"line":162,"column":4},"end":{"line":165,"column":null}},"49":{"start":{"line":167,"column":7},"end":{"line":205,"column":null}},"50":{"start":{"line":168,"column":20},"end":{"line":168,"column":33}},"51":{"start":{"line":169,"column":4},"end":{"line":180,"column":null}},"52":{"start":{"line":182,"column":7},"end":{"line":205,"column":null}},"53":{"start":{"line":183,"column":4},"end":{"line":194,"column":null}},"54":{"start":{"line":196,"column":7},"end":{"line":205,"column":null}},"55":{"start":{"line":198,"column":4},"end":{"line":204,"column":null}},"56":{"start":{"line":206,"column":2},"end":{"line":206,"column":null}},"57":{"start":{"line":208,"column":2},"end":{"line":208,"column":null}},"58":{"start":{"line":210,"column":2},"end":{"line":210,"column":null}},"59":{"start":{"line":213,"column":0},"end":{"line":213,"column":null}},"60":{"start":{"line":214,"column":0},"end":{"line":214,"column":null}},"61":{"start":{"line":214,"column":20},"end":{"line":214,"column":null}},"62":{"start":{"line":216,"column":20},"end":{"line":269,"column":1}},"63":{"start":{"line":226,"column":6},"end":{"line":226,"column":null}},"64":{"start":{"line":217,"column":6},"end":{"line":217,"column":null}},"65":{"start":{"line":218,"column":7},"end":{"line":218,"column":null}},"66":{"start":{"line":219,"column":5},"end":{"line":219,"column":null}},"67":{"start":{"line":220,"column":7},"end":{"line":220,"column":null}},"68":{"start":{"line":221,"column":7},"end":{"line":221,"column":null}},"69":{"start":{"line":222,"column":9},"end":{"line":222,"column":null}},"70":{"start":{"line":223,"column":9},"end":{"line":223,"column":null}},"71":{"start":{"line":224,"column":13},"end":{"line":224,"column":null}},"72":{"start":{"line":225,"column":16},"end":{"line":225,"column":null}},"73":{"start":{"line":227,"column":13},"end":{"line":227,"column":58}},"74":{"start":{"line":228,"column":21},"end":{"line":237,"column":4}},"75":{"start":{"line":238,"column":15},"end":{"line":238,"column":35}},"76":{"start":{"line":240,"column":2},"end":{"line":268,"column":null}},"77":{"start":{"line":241,"column":20},"end":{"line":241,"column":null}},"78":{"start":{"line":242,"column":11},"end":{"line":242,"column":null}},"79":{"start":{"line":243,"column":12},"end":{"line":243,"column":null}},"80":{"start":{"line":244,"column":17},"end":{"line":244,"column":null}},"81":{"start":{"line":245,"column":9},"end":{"line":245,"column":null}},"82":{"start":{"line":246,"column":12},"end":{"line":246,"column":null}},"83":{"start":{"line":247,"column":14},"end":{"line":247,"column":null}},"84":{"start":{"line":248,"column":14},"end":{"line":248,"column":null}},"85":{"start":{"line":249,"column":24},"end":{"line":249,"column":null}},"86":{"start":{"line":250,"column":19},"end":{"line":250,"column":null}},"87":{"start":{"line":251,"column":21},"end":{"line":251,"column":null}},"88":{"start":{"line":252,"column":11},"end":{"line":252,"column":null}},"89":{"start":{"line":256,"column":11},"end":{"line":256,"column":null}},"90":{"start":{"line":257,"column":12},"end":{"line":267,"column":null}}},"fnMap":{"0":{"name":"ownKeys","decl":{"start":{"line":13,"column":54},"end":{"line":13,"column":null}},"loc":{"start":{"line":13,"column":54},"end":{"line":13,"column":null}}},"1":{"name":"DateTime","decl":{"start":{"line":65,"column":6},"end":{"line":65,"column":14}},"loc":{"start":{"line":65,"column":56},"end":{"line":211,"column":1}}},"2":{"name":"(anonymous_6)","decl":{"start":{"line":214,"column":20},"end":{"line":214,"column":26}},"loc":{"start":{"line":214,"column":20},"end":{"line":214,"column":null}}},"3":{"name":"createValue","decl":{"start":{"line":216,"column":6},"end":{"line":216,"column":17}},"loc":{"start":{"line":226,"column":6},"end":{"line":269,"column":1}}},"4":{"name":"isDateTimeObject","decl":{"start":{"line":241,"column":4},"end":{"line":241,"column":20}},"loc":{"start":{"line":241,"column":20},"end":{"line":241,"column":null}}},"5":{"name":"getYear","decl":{"start":{"line":242,"column":4},"end":{"line":242,"column":11}},"loc":{"start":{"line":242,"column":11},"end":{"line":242,"column":null}}},"6":{"name":"getMonth","decl":{"start":{"line":243,"column":4},"end":{"line":243,"column":12}},"loc":{"start":{"line":243,"column":12},"end":{"line":243,"column":null}}},"7":{"name":"getDayOfMonth","decl":{"start":{"line":244,"column":4},"end":{"line":244,"column":17}},"loc":{"start":{"line":244,"column":17},"end":{"line":244,"column":null}}},"8":{"name":"isEod","decl":{"start":{"line":245,"column":4},"end":{"line":245,"column":9}},"loc":{"start":{"line":245,"column":9},"end":{"line":245,"column":null}}},"9":{"name":"getHours","decl":{"start":{"line":246,"column":4},"end":{"line":246,"column":12}},"loc":{"start":{"line":246,"column":12},"end":{"line":246,"column":null}}},"10":{"name":"getMinutes","decl":{"start":{"line":247,"column":4},"end":{"line":247,"column":14}},"loc":{"start":{"line":247,"column":14},"end":{"line":247,"column":null}}},"11":{"name":"getSeconds","decl":{"start":{"line":248,"column":4},"end":{"line":248,"column":14}},"loc":{"start":{"line":248,"column":14},"end":{"line":248,"column":null}}},"12":{"name":"getFractionalSeconds","decl":{"start":{"line":249,"column":4},"end":{"line":249,"column":24}},"loc":{"start":{"line":249,"column":24},"end":{"line":249,"column":null}}},"13":{"name":"getMilliseconds","decl":{"start":{"line":250,"column":4},"end":{"line":250,"column":19}},"loc":{"start":{"line":250,"column":19},"end":{"line":250,"column":null}}},"14":{"name":"getTimezoneOffset","decl":{"start":{"line":251,"column":4},"end":{"line":251,"column":21}},"loc":{"start":{"line":251,"column":21},"end":{"line":251,"column":null}}},"15":{"name":"getDate","decl":{"start":{"line":252,"column":4},"end":{"line":252,"column":11}},"loc":{"start":{"line":252,"column":11},"end":{"line":252,"column":null}}},"16":{"name":"valueOf","decl":{"start":{"line":256,"column":4},"end":{"line":256,"column":11}},"loc":{"start":{"line":256,"column":11},"end":{"line":256,"column":null}}},"17":{"name":"toString","decl":{"start":{"line":257,"column":4},"end":{"line":257,"column":12}},"loc":{"start":{"line":257,"column":12},"end":{"line":267,"column":null}}}},"branchMap":{"0":{"loc":{"start":{"line":13,"column":54},"end":{"line":13,"column":null}},"type":"if","locations":[{"start":{"line":13,"column":54},"end":{"line":13,"column":null}}]},"1":{"loc":{"start":{"line":13,"column":54},"end":{"line":13,"column":null}},"type":"binary-expr","locations":[{"start":{"line":13,"column":54},"end":{"line":13,"column":null}},{"start":{"line":13,"column":54},"end":{"line":13,"column":null}}]},"2":{"loc":{"start":{"line":65,"column":41},"end":{"line":65,"column":54}},"type":"cond-expr","locations":[{"start":{"line":65,"column":41},"end":{"line":65,"column":44}},{"start":{"line":65,"column":44},"end":{"line":65,"column":54}}]},"3":{"loc":{"start":{"line":65,"column":41},"end":{"line":65,"column":44}},"type":"binary-expr","locations":[{"start":{"line":65,"column":41},"end":{"line":65,"column":44}},{"start":{"line":65,"column":41},"end":{"line":65,"column":44}}]},"4":{"loc":{"start":{"line":65,"column":44},"end":{"line":65,"column":54}},"type":"binary-expr","locations":[{"start":{"line":65,"column":44},"end":{"line":65,"column":48}},{"start":{"line":65,"column":52},"end":{"line":65,"column":54}}]},"5":{"loc":{"start":{"line":74,"column":2},"end":{"line":76,"column":null}},"type":"if","locations":[{"start":{"line":74,"column":2},"end":{"line":76,"column":null}}]},"6":{"loc":{"start":{"line":81,"column":2},"end":{"line":85,"column":null}},"type":"if","locations":[{"start":{"line":81,"column":2},"end":{"line":85,"column":null}}]},"7":{"loc":{"start":{"line":88,"column":2},"end":{"line":92,"column":null}},"type":"if","locations":[{"start":{"line":88,"column":2},"end":{"line":92,"column":null}}]},"8":{"loc":{"start":{"line":94,"column":2},"end":{"line":96,"column":null}},"type":"if","locations":[{"start":{"line":94,"column":2},"end":{"line":96,"column":null}}]},"9":{"loc":{"start":{"line":98,"column":2},"end":{"line":105,"column":null}},"type":"if","locations":[{"start":{"line":98,"column":2},"end":{"line":105,"column":null}}]},"10":{"loc":{"start":{"line":98,"column":6},"end":{"line":98,"column":46}},"type":"binary-expr","locations":[{"start":{"line":98,"column":6},"end":{"line":98,"column":20}},{"start":{"line":98,"column":24},"end":{"line":98,"column":46}}]},"11":{"loc":{"start":{"line":116,"column":2},"end":{"line":159,"column":null}},"type":"if","locations":[{"start":{"line":116,"column":2},"end":{"line":159,"column":null}},{"start":{"line":122,"column":7},"end":{"line":159,"column":null}}]},"12":{"loc":{"start":{"line":122,"column":7},"end":{"line":159,"column":null}},"type":"if","locations":[{"start":{"line":122,"column":7},"end":{"line":159,"column":null}},{"start":{"line":137,"column":7},"end":{"line":159,"column":null}}]},"13":{"loc":{"start":{"line":137,"column":7},"end":{"line":159,"column":null}},"type":"if","locations":[{"start":{"line":137,"column":7},"end":{"line":159,"column":null}},{"start":{"line":151,"column":7},"end":{"line":159,"column":null}}]},"14":{"loc":{"start":{"line":151,"column":7},"end":{"line":159,"column":null}},"type":"if","locations":[{"start":{"line":151,"column":7},"end":{"line":159,"column":null}}]},"15":{"loc":{"start":{"line":151,"column":11},"end":{"line":151,"column":65}},"type":"binary-expr","locations":[{"start":{"line":151,"column":11},"end":{"line":151,"column":28}},{"start":{"line":151,"column":32},"end":{"line":151,"column":65}}]},"16":{"loc":{"start":{"line":151,"column":32},"end":{"line":151,"column":56}},"type":"cond-expr","locations":[{"start":{"line":151,"column":52},"end":{"line":151,"column":55}},{"start":{"line":151,"column":32},"end":{"line":151,"column":56}}]},"17":{"loc":{"start":{"line":151,"column":32},"end":{"line":151,"column":55}},"type":"binary-expr","locations":[{"start":{"line":151,"column":32},"end":{"line":151,"column":55}},{"start":{"line":151,"column":52},"end":{"line":151,"column":55}}]},"18":{"loc":{"start":{"line":161,"column":2},"end":{"line":205,"column":null}},"type":"if","locations":[{"start":{"line":161,"column":2},"end":{"line":205,"column":null}},{"start":{"line":167,"column":7},"end":{"line":205,"column":null}}]},"19":{"loc":{"start":{"line":167,"column":7},"end":{"line":205,"column":null}},"type":"if","locations":[{"start":{"line":167,"column":7},"end":{"line":205,"column":null}},{"start":{"line":182,"column":7},"end":{"line":205,"column":null}}]},"20":{"loc":{"start":{"line":182,"column":7},"end":{"line":205,"column":null}},"type":"if","locations":[{"start":{"line":182,"column":7},"end":{"line":205,"column":null}},{"start":{"line":196,"column":7},"end":{"line":205,"column":null}}]},"21":{"loc":{"start":{"line":196,"column":7},"end":{"line":205,"column":null}},"type":"if","locations":[{"start":{"line":196,"column":7},"end":{"line":205,"column":null}}]},"22":{"loc":{"start":{"line":196,"column":11},"end":{"line":196,"column":65}},"type":"binary-expr","locations":[{"start":{"line":196,"column":11},"end":{"line":196,"column":28}},{"start":{"line":196,"column":32},"end":{"line":196,"column":65}}]},"23":{"loc":{"start":{"line":196,"column":32},"end":{"line":196,"column":56}},"type":"cond-expr","locations":[{"start":{"line":196,"column":52},"end":{"line":196,"column":55}},{"start":{"line":196,"column":32},"end":{"line":196,"column":56}}]},"24":{"loc":{"start":{"line":196,"column":32},"end":{"line":196,"column":55}},"type":"binary-expr","locations":[{"start":{"line":196,"column":32},"end":{"line":196,"column":55}},{"start":{"line":196,"column":52},"end":{"line":196,"column":55}}]}},"s":{"0":2,"1":2,"2":2,"3":2,"4":2,"5":2,"6":2,"7":2,"8":2,"9":2,"10":2,"11":2,"12":3638,"13":2,"14":95,"15":95,"16":95,"17":95,"18":95,"19":95,"20":95,"21":95,"22":95,"23":95,"24":83,"25":1,"26":82,"27":82,"28":2,"29":82,"30":82,"31":1,"32":82,"33":79,"34":71,"35":2,"36":69,"37":69,"38":67,"39":6,"40":61,"41":1,"42":1,"43":60,"44":3,"45":57,"46":2,"47":63,"48":8,"49":55,"50":1,"51":1,"52":54,"53":3,"54":51,"55":2,"56":59,"57":45,"58":43,"59":2,"60":2,"61":3,"62":2,"63":71,"64":71,"65":71,"66":71,"67":71,"68":71,"69":71,"70":71,"71":71,"72":71,"73":71,"74":71,"75":71,"76":71,"77":6,"78":22,"79":19,"80":19,"81":21,"82":19,"83":19,"84":19,"85":19,"86":19,"87":7,"88":3,"89":48,"90":28},"f":{"0":850,"1":95,"2":3,"3":71,"4":6,"5":22,"6":19,"7":19,"8":21,"9":19,"10":19,"11":19,"12":19,"13":19,"14":7,"15":3,"16":48,"17":28},"b":{"0":[310],"1":[1238,464],"2":[54,41],"3":[95,59],"4":[41,17],"5":[1],"6":[2],"7":[1],"8":[79],"9":[2],"10":[71,2],"11":[6,61],"12":[1,60],"13":[3,57],"14":[2],"15":[57,5],"16":[2,3],"17":[5,5],"18":[8,55],"19":[1,54],"20":[3,51],"21":[2],"22":[51,5],"23":[2,3],"24":[5,5]}}
,"/Users/zane/playground/string-input/src/day.mjs": {"path":"/Users/zane/playground/string-input/src/day.mjs","statementMap":{"0":{"start":{"line":1,"column":0},"end":{"line":1,"column":null}},"1":{"start":{"line":2,"column":0},"end":{"line":2,"column":null}},"2":{"start":{"line":4,"column":0},"end":{"line":4,"column":null}},"3":{"start":{"line":5,"column":0},"end":{"line":5,"column":null}},"4":{"start":{"line":6,"column":0},"end":{"line":6,"column":null}},"5":{"start":{"line":7,"column":0},"end":{"line":7,"column":null}},"6":{"start":{"line":8,"column":0},"end":{"line":8,"column":null}},"7":{"start":{"line":9,"column":0},"end":{"line":9,"column":54}},"8":{"start":{"line":9,"column":54},"end":{"line":9,"column":null}},"9":{"start":{"line":44,"column":9},"end":{"line":132,"column":1}},"10":{"start":{"line":44,"column":36},"end":{"line":44,"column":49}},"11":{"start":{"line":45,"column":19},"end":{"line":45,"column":26}},"12":{"start":{"line":45,"column":14},"end":{"line":45,"column":13}},"13":{"start":{"line":46,"column":21},"end":{"line":46,"column":28}},"14":{"start":{"line":46,"column":11},"end":{"line":46,"column":10}},"15":{"start":{"line":46,"column":16},"end":{"line":46,"column":15}},"16":{"start":{"line":48,"column":2},"end":{"line":48,"column":null}},"17":{"start":{"line":50,"column":2},"end":{"line":50,"column":null}},"18":{"start":{"line":51,"column":2},"end":{"line":53,"column":null}},"19":{"start":{"line":52,"column":4},"end":{"line":52,"column":null}},"20":{"start":{"line":55,"column":20},"end":{"line":55,"column":43}},"21":{"start":{"line":56,"column":18},"end":{"line":56,"column":39}},"22":{"start":{"line":57,"column":23},"end":{"line":57,"column":73}},"23":{"start":{"line":60,"column":4},"end":{"line":62,"column":37}},"24":{"start":{"line":64,"column":2},"end":{"line":82,"column":null}},"25":{"start":{"line":65,"column":4},"end":{"line":71,"column":null}},"26":{"start":{"line":73,"column":7},"end":{"line":82,"column":null}},"27":{"start":{"line":74,"column":4},"end":{"line":81,"column":null}},"28":{"start":{"line":84,"column":28},"end":{"line":87,"column":3}},"29":{"start":{"line":88,"column":2},"end":{"line":88,"column":null}},"30":{"start":{"line":90,"column":22},"end":{"line":90,"column":58}},"31":{"start":{"line":91,"column":15},"end":{"line":93,"column":3}},"32":{"start":{"line":95,"column":2},"end":{"line":100,"column":null}},"33":{"start":{"line":96,"column":4},"end":{"line":96,"column":null}},"34":{"start":{"line":99,"column":4},"end":{"line":99,"column":null}},"35":{"start":{"line":101,"column":14},"end":{"line":101,"column":75}},"36":{"start":{"line":105,"column":15},"end":{"line":105,"column":45}},"37":{"start":{"line":107,"column":2},"end":{"line":109,"column":null}},"38":{"start":{"line":108,"column":4},"end":{"line":108,"column":null}},"39":{"start":{"line":110,"column":2},"end":{"line":112,"column":null}},"40":{"start":{"line":111,"column":4},"end":{"line":111,"column":null}},"41":{"start":{"line":114,"column":2},"end":{"line":114,"column":null}},"42":{"start":{"line":117,"column":2},"end":{"line":125,"column":null}},"43":{"start":{"line":118,"column":4},"end":{"line":124,"column":null}},"44":{"start":{"line":127,"column":16},"end":{"line":127,"column":55}},"45":{"start":{"line":129,"column":2},"end":{"line":129,"column":null}},"46":{"start":{"line":131,"column":2},"end":{"line":131,"column":null}},"47":{"start":{"line":134,"column":0},"end":{"line":134,"column":null}},"48":{"start":{"line":135,"column":0},"end":{"line":135,"column":null}},"49":{"start":{"line":135,"column":15},"end":{"line":135,"column":null}},"50":{"start":{"line":137,"column":21},"end":{"line":163,"column":1}},"51":{"start":{"line":138,"column":2},"end":{"line":160,"column":3}},"52":{"start":{"line":139,"column":4},"end":{"line":139,"column":null}},"53":{"start":{"line":141,"column":7},"end":{"line":160,"column":3}},"54":{"start":{"line":142,"column":17},"end":{"line":142,"column":32}},"55":{"start":{"line":144,"column":4},"end":{"line":146,"column":null}},"56":{"start":{"line":148,"column":7},"end":{"line":160,"column":3}},"57":{"start":{"line":149,"column":4},"end":{"line":151,"column":null}},"58":{"start":{"line":153,"column":7},"end":{"line":160,"column":3}},"59":{"start":{"line":154,"column":4},"end":{"line":159,"column":null}},"60":{"start":{"line":162,"column":2},"end":{"line":162,"column":null}},"61":{"start":{"line":165,"column":20},"end":{"line":174,"column":2}},"62":{"start":{"line":165,"column":26},"end":{"line":165,"column":25}},"63":{"start":{"line":165,"column":33},"end":{"line":165,"column":32}},"64":{"start":{"line":165,"column":39},"end":{"line":165,"column":38}},"65":{"start":{"line":165,"column":45},"end":{"line":165,"column":44}},"66":{"start":{"line":165,"column":45},"end":{"line":174,"column":2}},"67":{"start":{"line":166,"column":13},"end":{"line":166,"column":null}},"68":{"start":{"line":167,"column":15},"end":{"line":167,"column":null}},"69":{"start":{"line":168,"column":10},"end":{"line":168,"column":null}},"70":{"start":{"line":169,"column":9},"end":{"line":169,"column":null}},"71":{"start":{"line":170,"column":9},"end":{"line":170,"column":null}},"72":{"start":{"line":171,"column":9},"end":{"line":171,"column":null}},"73":{"start":{"line":172,"column":10},"end":{"line":173,"column":null}}},"fnMap":{"0":{"name":"ownKeys","decl":{"start":{"line":9,"column":54},"end":{"line":9,"column":null}},"loc":{"start":{"line":9,"column":54},"end":{"line":9,"column":null}}},"1":{"name":"Day","decl":{"start":{"line":44,"column":6},"end":{"line":44,"column":9}},"loc":{"start":{"line":44,"column":51},"end":{"line":132,"column":1}}},"2":{"name":"(anonymous_6)","decl":{"start":{"line":135,"column":15},"end":{"line":135,"column":21}},"loc":{"start":{"line":135,"column":15},"end":{"line":135,"column":null}}},"3":{"name":"convertToDay","decl":{"start":{"line":137,"column":6},"end":{"line":137,"column":18}},"loc":{"start":{"line":137,"column":59},"end":{"line":163,"column":1}}},"4":{"name":"createValue","decl":{"start":{"line":165,"column":6},"end":{"line":165,"column":17}},"loc":{"start":{"line":165,"column":17},"end":{"line":174,"column":2}}},"5":{"name":"isDayObject","decl":{"start":{"line":166,"column":2},"end":{"line":166,"column":13}},"loc":{"start":{"line":166,"column":13},"end":{"line":166,"column":null}}},"6":{"name":"getDayOfMonth","decl":{"start":{"line":167,"column":2},"end":{"line":167,"column":15}},"loc":{"start":{"line":167,"column":15},"end":{"line":167,"column":null}}},"7":{"name":"getMonth","decl":{"start":{"line":168,"column":2},"end":{"line":168,"column":10}},"loc":{"start":{"line":168,"column":10},"end":{"line":168,"column":null}}},"8":{"name":"getYear","decl":{"start":{"line":169,"column":2},"end":{"line":169,"column":9}},"loc":{"start":{"line":169,"column":9},"end":{"line":169,"column":null}}},"9":{"name":"getDate","decl":{"start":{"line":170,"column":2},"end":{"line":170,"column":9}},"loc":{"start":{"line":170,"column":9},"end":{"line":170,"column":null}}},"10":{"name":"valueOf","decl":{"start":{"line":171,"column":2},"end":{"line":171,"column":9}},"loc":{"start":{"line":171,"column":9},"end":{"line":171,"column":null}}},"11":{"name":"toString","decl":{"start":{"line":172,"column":2},"end":{"line":172,"column":10}},"loc":{"start":{"line":172,"column":10},"end":{"line":173,"column":null}}}},"branchMap":{"0":{"loc":{"start":{"line":9,"column":54},"end":{"line":9,"column":null}},"type":"if","locations":[{"start":{"line":9,"column":54},"end":{"line":9,"column":null}}]},"1":{"loc":{"start":{"line":9,"column":54},"end":{"line":9,"column":null}},"type":"binary-expr","locations":[{"start":{"line":9,"column":54},"end":{"line":9,"column":null}},{"start":{"line":9,"column":54},"end":{"line":9,"column":null}}]},"2":{"loc":{"start":{"line":44,"column":36},"end":{"line":44,"column":49}},"type":"cond-expr","locations":[{"start":{"line":44,"column":36},"end":{"line":44,"column":39}},{"start":{"line":44,"column":39},"end":{"line":44,"column":49}}]},"3":{"loc":{"start":{"line":44,"column":36},"end":{"line":44,"column":39}},"type":"binary-expr","locations":[{"start":{"line":44,"column":36},"end":{"line":44,"column":39}},{"start":{"line":44,"column":36},"end":{"line":44,"column":39}}]},"4":{"loc":{"start":{"line":44,"column":39},"end":{"line":44,"column":49}},"type":"binary-expr","locations":[{"start":{"line":44,"column":39},"end":{"line":44,"column":43}},{"start":{"line":44,"column":47},"end":{"line":44,"column":49}}]},"5":{"loc":{"start":{"line":51,"column":2},"end":{"line":53,"column":null}},"type":"if","locations":[{"start":{"line":51,"column":2},"end":{"line":53,"column":null}}]},"6":{"loc":{"start":{"line":60,"column":5},"end":{"line":60,"column":31}},"type":"cond-expr","locations":[{"start":{"line":60,"column":26},"end":{"line":60,"column":27}},{"start":{"line":60,"column":30},"end":{"line":60,"column":31}}]},"7":{"loc":{"start":{"line":61,"column":7},"end":{"line":61,"column":31}},"type":"cond-expr","locations":[{"start":{"line":61,"column":26},"end":{"line":61,"column":27}},{"start":{"line":61,"column":30},"end":{"line":61,"column":31}}]},"8":{"loc":{"start":{"line":62,"column":7},"end":{"line":62,"column":36}},"type":"cond-expr","locations":[{"start":{"line":62,"column":31},"end":{"line":62,"column":32}},{"start":{"line":62,"column":35},"end":{"line":62,"column":36}}]},"9":{"loc":{"start":{"line":64,"column":2},"end":{"line":82,"column":null}},"type":"if","locations":[{"start":{"line":64,"column":2},"end":{"line":82,"column":null}},{"start":{"line":73,"column":7},"end":{"line":82,"column":null}}]},"10":{"loc":{"start":{"line":73,"column":7},"end":{"line":82,"column":null}},"type":"if","locations":[{"start":{"line":73,"column":7},"end":{"line":82,"column":null}}]},"11":{"loc":{"start":{"line":90,"column":22},"end":{"line":90,"column":58}},"type":"binary-expr","locations":[{"start":{"line":90,"column":22},"end":{"line":90,"column":36}},{"start":{"line":90,"column":40},"end":{"line":90,"column":52}},{"start":{"line":90,"column":56},"end":{"line":90,"column":58}}]},"12":{"loc":{"start":{"line":90,"column":22},"end":{"line":90,"column":36}},"type":"cond-expr","locations":[{"start":{"line":90,"column":31},"end":{"line":90,"column":34}},{"start":{"line":90,"column":22},"end":{"line":90,"column":36}}]},"13":{"loc":{"start":{"line":90,"column":22},"end":{"line":90,"column":34}},"type":"binary-expr","locations":[{"start":{"line":90,"column":22},"end":{"line":90,"column":34}},{"start":{"line":90,"column":22},"end":{"line":90,"column":34}}]},"14":{"loc":{"start":{"line":90,"column":40},"end":{"line":90,"column":52}},"type":"cond-expr","locations":[{"start":{"line":90,"column":47},"end":{"line":90,"column":50}},{"start":{"line":90,"column":40},"end":{"line":90,"column":52}}]},"15":{"loc":{"start":{"line":90,"column":40},"end":{"line":90,"column":50}},"type":"binary-expr","locations":[{"start":{"line":90,"column":40},"end":{"line":90,"column":50}},{"start":{"line":90,"column":40},"end":{"line":90,"column":50}}]},"16":{"loc":{"start":{"line":92,"column":19},"end":{"line":92,"column":null}},"type":"binary-expr","locations":[{"start":{"line":92,"column":19},"end":{"line":92,"column":33}},{"start":{"line":92,"column":37},"end":{"line":92,"column":49}},{"start":{"line":92,"column":53},"end":{"line":92,"column":70}}]},"17":{"loc":{"start":{"line":92,"column":19},"end":{"line":92,"column":33}},"type":"cond-expr","locations":[{"start":{"line":92,"column":28},"end":{"line":92,"column":31}},{"start":{"line":92,"column":19},"end":{"line":92,"column":33}}]},"18":{"loc":{"start":{"line":92,"column":19},"end":{"line":92,"column":31}},"type":"binary-expr","locations":[{"start":{"line":92,"column":19},"end":{"line":92,"column":31}},{"start":{"line":92,"column":19},"end":{"line":92,"column":31}}]},"19":{"loc":{"start":{"line":92,"column":37},"end":{"line":92,"column":49}},"type":"cond-expr","locations":[{"start":{"line":92,"column":44},"end":{"line":92,"column":47}},{"start":{"line":92,"column":37},"end":{"line":92,"column":49}}]},"20":{"loc":{"start":{"line":92,"column":37},"end":{"line":92,"column":47}},"type":"binary-expr","locations":[{"start":{"line":92,"column":37},"end":{"line":92,"column":47}},{"start":{"line":92,"column":37},"end":{"line":92,"column":47}}]},"21":{"loc":{"start":{"line":92,"column":53},"end":{"line":92,"column":70}},"type":"cond-expr","locations":[{"start":{"line":92,"column":65},"end":{"line":92,"column":68}},{"start":{"line":92,"column":53},"end":{"line":92,"column":70}}]},"22":{"loc":{"start":{"line":92,"column":53},"end":{"line":92,"column":68}},"type":"binary-expr","locations":[{"start":{"line":92,"column":53},"end":{"line":92,"column":68}},{"start":{"line":92,"column":53},"end":{"line":92,"column":68}}]},"23":{"loc":{"start":{"line":95,"column":2},"end":{"line":100,"column":null}},"type":"if","locations":[{"start":{"line":95,"column":2},"end":{"line":100,"column":null}},{"start":{"line":98,"column":7},"end":{"line":100,"column":null}}]},"24":{"loc":{"start":{"line":99,"column":21},"end":{"line":99,"column":52}},"type":"binary-expr","locations":[{"start":{"line":99,"column":21},"end":{"line":99,"column":35}},{"start":{"line":99,"column":39},"end":{"line":99,"column":51}}]},"25":{"loc":{"start":{"line":99,"column":21},"end":{"line":99,"column":35}},"type":"cond-expr","locations":[{"start":{"line":99,"column":30},"end":{"line":99,"column":33}},{"start":{"line":99,"column":21},"end":{"line":99,"column":35}}]},"26":{"loc":{"start":{"line":99,"column":21},"end":{"line":99,"column":33}},"type":"binary-expr","locations":[{"start":{"line":99,"column":21},"end":{"line":99,"column":33}},{"start":{"line":99,"column":21},"end":{"line":99,"column":33}}]},"27":{"loc":{"start":{"line":99,"column":39},"end":{"line":99,"column":51}},"type":"cond-expr","locations":[{"start":{"line":99,"column":46},"end":{"line":99,"column":49}},{"start":{"line":99,"column":39},"end":{"line":99,"column":51}}]},"28":{"loc":{"start":{"line":99,"column":39},"end":{"line":99,"column":49}},"type":"binary-expr","locations":[{"start":{"line":99,"column":39},"end":{"line":99,"column":49}},{"start":{"line":99,"column":39},"end":{"line":99,"column":49}}]},"29":{"loc":{"start":{"line":101,"column":23},"end":{"line":101,"column":75}},"type":"binary-expr","locations":[{"start":{"line":101,"column":23},"end":{"line":101,"column":37}},{"start":{"line":101,"column":41},"end":{"line":101,"column":53}},{"start":{"line":101,"column":57},"end":{"line":101,"column":74}}]},"30":{"loc":{"start":{"line":101,"column":23},"end":{"line":101,"column":37}},"type":"cond-expr","locations":[{"start":{"line":101,"column":32},"end":{"line":101,"column":35}},{"start":{"line":101,"column":23},"end":{"line":101,"column":37}}]},"31":{"loc":{"start":{"line":101,"column":23},"end":{"line":101,"column":35}},"type":"binary-expr","locations":[{"start":{"line":101,"column":23},"end":{"line":101,"column":35}},{"start":{"line":101,"column":23},"end":{"line":101,"column":35}}]},"32":{"loc":{"start":{"line":101,"column":41},"end":{"line":101,"column":53}},"type":"cond-expr","locations":[{"start":{"line":101,"column":48},"end":{"line":101,"column":51}},{"start":{"line":101,"column":41},"end":{"line":101,"column":53}}]},"33":{"loc":{"start":{"line":101,"column":41},"end":{"line":101,"column":51}},"type":"binary-expr","locations":[{"start":{"line":101,"column":41},"end":{"line":101,"column":51}},{"start":{"line":101,"column":41},"end":{"line":101,"column":51}}]},"34":{"loc":{"start":{"line":101,"column":57},"end":{"line":101,"column":74}},"type":"cond-expr","locations":[{"start":{"line":101,"column":69},"end":{"line":101,"column":72}},{"start":{"line":101,"column":57},"end":{"line":101,"column":74}}]},"35":{"loc":{"start":{"line":101,"column":57},"end":{"line":101,"column":72}},"type":"binary-expr","locations":[{"start":{"line":101,"column":57},"end":{"line":101,"column":72}},{"start":{"line":101,"column":57},"end":{"line":101,"column":72}}]},"36":{"loc":{"start":{"line":107,"column":2},"end":{"line":109,"column":null}},"type":"if","locations":[{"start":{"line":107,"column":2},"end":{"line":109,"column":null}}]},"37":{"loc":{"start":{"line":110,"column":2},"end":{"line":112,"column":null}},"type":"if","locations":[{"start":{"line":110,"column":2},"end":{"line":112,"column":null}}]},"38":{"loc":{"start":{"line":117,"column":2},"end":{"line":125,"column":null}},"type":"if","locations":[{"start":{"line":117,"column":2},"end":{"line":125,"column":null}}]},"39":{"loc":{"start":{"line":138,"column":2},"end":{"line":160,"column":3}},"type":"if","locations":[{"start":{"line":138,"column":2},"end":{"line":160,"column":3}},{"start":{"line":141,"column":7},"end":{"line":160,"column":3}}]},"40":{"loc":{"start":{"line":141,"column":7},"end":{"line":160,"column":3}},"type":"if","locations":[{"start":{"line":141,"column":7},"end":{"line":160,"column":3}},{"start":{"line":148,"column":7},"end":{"line":160,"column":3}}]},"41":{"loc":{"start":{"line":148,"column":7},"end":{"line":160,"column":3}},"type":"if","locations":[{"start":{"line":148,"column":7},"end":{"line":160,"column":3}},{"start":{"line":153,"column":7},"end":{"line":160,"column":3}}]},"42":{"loc":{"start":{"line":153,"column":7},"end":{"line":160,"column":3}},"type":"if","locations":[{"start":{"line":153,"column":7},"end":{"line":160,"column":3}}]},"43":{"loc":{"start":{"line":153,"column":11},"end":{"line":153,"column":33}},"type":"binary-expr","locations":[{"start":{"line":153,"column":11},"end":{"line":153,"column":32}},{"start":{"line":153,"column":29},"end":{"line":153,"column":32}},{"start":{"line":153,"column":12},"end":{"line":153,"column":33}}]}},"s":{"0":2,"1":2,"2":2,"3":2,"4":2,"5":2,"6":2,"7":2,"8":3971,"9":2,"10":98,"11":98,"12":98,"13":98,"14":98,"15":98,"16":98,"17":98,"18":85,"19":1,"20":84,"21":84,"22":84,"23":84,"24":84,"25":2,"26":82,"27":6,"28":76,"29":76,"30":74,"31":74,"32":74,"33":51,"34":23,"35":74,"36":74,"37":74,"38":17,"39":70,"40":17,"41":66,"42":50,"43":2,"44":48,"45":48,"46":46,"47":2,"48":2,"49":3,"50":2,"51":34,"52":12,"53":22,"54":6,"55":6,"56":16,"57":6,"58":10,"59":4,"60":6,"61":2,"62":48,"63":48,"64":48,"65":48,"66":48,"67":6,"68":20,"69":20,"70":23,"71":1,"72":27,"73":32},"f":{"0":907,"1":98,"2":3,"3":34,"4":48,"5":6,"6":20,"7":20,"8":23,"9":1,"10":27,"11":32},"b":{"0":[342],"1":[1354,506],"2":[50,48],"3":[98,57],"4":[48,25],"5":[1],"6":[20,64],"7":[7,77],"8":[53,31],"9":[2,82],"10":[6],"11":[74,73,72],"12":[56,18],"13":[74,18],"14":[68,5],"15":[73,5],"16":[74,56,51],"17":[56,18],"18":[74,18],"19":[51,5],"20":[56,5],"21":[0,51],"22":[51,51],"23":[51,23],"24":[23,5],"25":[5,18],"26":[23,18],"27":[0,5],"28":[5,5],"29":[74,56,51],"30":[56,18],"31":[74,18],"32":[51,5],"33":[56,5],"34":[0,51],"35":[51,51],"36":[17],"37":[17],"38":[2],"39":[12,22],"40":[6,16],"41":[6,10],"42":[4],"43":[10,10,6]}}
,"/Users/zane/playground/string-input/src/ein.mjs": {"path":"/Users/zane/playground/string-input/src/ein.mjs","statementMap":{"0":{"start":{"line":1,"column":0},"end":{"line":1,"column":null}},"1":{"start":{"line":2,"column":0},"end":{"line":2,"column":null}},"2":{"start":{"line":4,"column":0},"end":{"line":4,"column":null}},"3":{"start":{"line":5,"column":0},"end":{"line":5,"column":null}},"4":{"start":{"line":6,"column":0},"end":{"line":6,"column":null}},"5":{"start":{"line":7,"column":0},"end":{"line":7,"column":54}},"6":{"start":{"line":7,"column":54},"end":{"line":7,"column":null}},"7":{"start":{"line":26,"column":9},"end":{"line":56,"column":1}},"8":{"start":{"line":26,"column":36},"end":{"line":26,"column":49}},"9":{"start":{"line":27,"column":19},"end":{"line":27,"column":26}},"10":{"start":{"line":27,"column":14},"end":{"line":27,"column":13}},"11":{"start":{"line":29,"column":2},"end":{"line":29,"column":null}},"12":{"start":{"line":31,"column":2},"end":{"line":31,"column":null}},"13":{"start":{"line":32,"column":2},"end":{"line":34,"column":null}},"14":{"start":{"line":33,"column":4},"end":{"line":33,"column":null}},"15":{"start":{"line":36,"column":19},"end":{"line":36,"column":37}},"16":{"start":{"line":37,"column":2},"end":{"line":44,"column":null}},"17":{"start":{"line":38,"column":4},"end":{"line":43,"column":null}},"18":{"start":{"line":45,"column":28},"end":{"line":48,"column":3}},"19":{"start":{"line":49,"column":2},"end":{"line":49,"column":null}},"20":{"start":{"line":51,"column":16},"end":{"line":51,"column":57}},"21":{"start":{"line":53,"column":2},"end":{"line":53,"column":null}},"22":{"start":{"line":55,"column":2},"end":{"line":55,"column":null}},"23":{"start":{"line":58,"column":0},"end":{"line":58,"column":null}},"24":{"start":{"line":59,"column":0},"end":{"line":59,"column":null}},"25":{"start":{"line":59,"column":15},"end":{"line":59,"column":null}}},"fnMap":{"0":{"name":"ownKeys","decl":{"start":{"line":7,"column":54},"end":{"line":7,"column":null}},"loc":{"start":{"line":7,"column":54},"end":{"line":7,"column":null}}},"1":{"name":"EIN","decl":{"start":{"line":26,"column":6},"end":{"line":26,"column":9}},"loc":{"start":{"line":26,"column":51},"end":{"line":56,"column":1}}},"2":{"name":"(anonymous_6)","decl":{"start":{"line":59,"column":15},"end":{"line":59,"column":21}},"loc":{"start":{"line":59,"column":15},"end":{"line":59,"column":null}}}},"branchMap":{"0":{"loc":{"start":{"line":7,"column":54},"end":{"line":7,"column":null}},"type":"if","locations":[{"start":{"line":7,"column":54},"end":{"line":7,"column":null}}]},"1":{"loc":{"start":{"line":7,"column":54},"end":{"line":7,"column":null}},"type":"binary-expr","locations":[{"start":{"line":7,"column":54},"end":{"line":7,"column":null}},{"start":{"line":7,"column":54},"end":{"line":7,"column":null}}]},"2":{"loc":{"start":{"line":26,"column":36},"end":{"line":26,"column":49}},"type":"cond-expr","locations":[{"start":{"line":26,"column":36},"end":{"line":26,"column":39}},{"start":{"line":26,"column":39},"end":{"line":26,"column":49}}]},"3":{"loc":{"start":{"line":26,"column":36},"end":{"line":26,"column":39}},"type":"binary-expr","locations":[{"start":{"line":26,"column":36},"end":{"line":26,"column":39}},{"start":{"line":26,"column":36},"end":{"line":26,"column":39}}]},"4":{"loc":{"start":{"line":26,"column":39},"end":{"line":26,"column":49}},"type":"binary-expr","locations":[{"start":{"line":26,"column":39},"end":{"line":26,"column":43}},{"start":{"line":26,"column":47},"end":{"line":26,"column":49}}]},"5":{"loc":{"start":{"line":32,"column":2},"end":{"line":34,"column":null}},"type":"if","locations":[{"start":{"line":32,"column":2},"end":{"line":34,"column":null}}]},"6":{"loc":{"start":{"line":37,"column":2},"end":{"line":44,"column":null}},"type":"if","locations":[{"start":{"line":37,"column":2},"end":{"line":44,"column":null}}]}},"s":{"0":2,"1":2,"2":2,"3":2,"4":2,"5":2,"6":694,"7":2,"8":26,"9":26,"10":26,"11":26,"12":26,"13":20,"14":1,"15":19,"16":19,"17":6,"18":13,"19":13,"20":9,"21":9,"22":5,"23":2,"24":2,"25":5},"f":{"0":178,"1":26,"2":5},"b":{"0":[58],"1":[226,84],"2":[14,12],"3":[26,16],"4":[12,2],"5":[1],"6":[6]}}
,"/Users/zane/playground/string-input/src/email.mjs": {"path":"/Users/zane/playground/string-input/src/email.mjs","statementMap":{"0":{"start":{"line":1,"column":0},"end":{"line":1,"column":null}},"1":{"start":{"line":2,"column":0},"end":{"line":2,"column":null}},"2":{"start":{"line":4,"column":0},"end":{"line":4,"column":null}},"3":{"start":{"line":5,"column":0},"end":{"line":5,"column":54}},"4":{"start":{"line":5,"column":54},"end":{"line":5,"column":null}},"5":{"start":{"line":112,"column":11},"end":{"line":145,"column":1}},"6":{"start":{"line":112,"column":38},"end":{"line":112,"column":51}},"7":{"start":{"line":113,"column":34},"end":{"line":113,"column":41}},"8":{"start":{"line":113,"column":14},"end":{"line":113,"column":13}},"9":{"start":{"line":113,"column":29},"end":{"line":113,"column":34}},"10":{"start":{"line":115,"column":2},"end":{"line":115,"column":null}},"11":{"start":{"line":117,"column":2},"end":{"line":117,"column":null}},"12":{"start":{"line":118,"column":2},"end":{"line":120,"column":null}},"13":{"start":{"line":119,"column":4},"end":{"line":119,"column":null}},"14":{"start":{"line":122,"column":2},"end":{"line":124,"column":null}},"15":{"start":{"line":123,"column":4},"end":{"line":123,"column":null}},"16":{"start":{"line":126,"column":17},"end":{"line":126,"column":46}},"17":{"start":{"line":127,"column":30},"end":{"line":127,"column":16}},"18":{"start":{"line":127,"column":30},"end":{"line":127,"column":25}},"19":{"start":{"line":128,"column":2},"end":{"line":128,"column":null}},"20":{"start":{"line":129,"column":2},"end":{"line":129,"column":null}},"21":{"start":{"line":131,"column":2},"end":{"line":142,"column":null}},"22":{"start":{"line":132,"column":4},"end":{"line":135,"column":null}},"23":{"start":{"line":134,"column":6},"end":{"line":134,"column":null}},"24":{"start":{"line":136,"column":4},"end":{"line":141,"column":null}},"25":{"start":{"line":144,"column":2},"end":{"line":144,"column":null}},"26":{"start":{"line":147,"column":0},"end":{"line":147,"column":null}},"27":{"start":{"line":148,"column":0},"end":{"line":148,"column":null}},"28":{"start":{"line":148,"column":17},"end":{"line":148,"column":null}}},"fnMap":{"0":{"name":"ownKeys","decl":{"start":{"line":5,"column":54},"end":{"line":5,"column":null}},"loc":{"start":{"line":5,"column":54},"end":{"line":5,"column":null}}},"1":{"name":"Email","decl":{"start":{"line":112,"column":6},"end":{"line":112,"column":11}},"loc":{"start":{"line":112,"column":53},"end":{"line":145,"column":1}}},"2":{"name":"(anonymous_7)","decl":{"start":{"line":148,"column":17},"end":{"line":148,"column":23}},"loc":{"start":{"line":148,"column":17},"end":{"line":148,"column":null}}}},"branchMap":{"0":{"loc":{"start":{"line":5,"column":54},"end":{"line":5,"column":null}},"type":"if","locations":[{"start":{"line":5,"column":54},"end":{"line":5,"column":null}}]},"1":{"loc":{"start":{"line":5,"column":54},"end":{"line":5,"column":null}},"type":"binary-expr","locations":[{"start":{"line":5,"column":54},"end":{"line":5,"column":null}},{"start":{"line":5,"column":54},"end":{"line":5,"column":null}}]},"2":{"loc":{"start":{"line":112,"column":38},"end":{"line":112,"column":51}},"type":"cond-expr","locations":[{"start":{"line":112,"column":38},"end":{"line":112,"column":41}},{"start":{"line":112,"column":41},"end":{"line":112,"column":51}}]},"3":{"loc":{"start":{"line":112,"column":38},"end":{"line":112,"column":41}},"type":"binary-expr","locations":[{"start":{"line":112,"column":38},"end":{"line":112,"column":41}},{"start":{"line":112,"column":38},"end":{"line":112,"column":41}}]},"4":{"loc":{"start":{"line":112,"column":41},"end":{"line":112,"column":51}},"type":"binary-expr","locations":[{"start":{"line":112,"column":41},"end":{"line":112,"column":45}},{"start":{"line":112,"column":49},"end":{"line":112,"column":51}}]},"5":{"loc":{"start":{"line":118,"column":2},"end":{"line":120,"column":null}},"type":"if","locations":[{"start":{"line":118,"column":2},"end":{"line":120,"column":null}}]},"6":{"loc":{"start":{"line":122,"column":2},"end":{"line":124,"column":null}},"type":"if","locations":[{"start":{"line":122,"column":2},"end":{"line":124,"column":null}}]},"7":{"loc":{"start":{"line":131,"column":2},"end":{"line":142,"column":null}},"type":"if","locations":[{"start":{"line":131,"column":2},"end":{"line":142,"column":null}}]},"8":{"loc":{"start":{"line":132,"column":4},"end":{"line":135,"column":null}},"type":"if","locations":[{"start":{"line":132,"column":4},"end":{"line":135,"column":null}}]}},"s":{"0":2,"1":2,"2":2,"3":2,"4":1691,"5":2,"6":54,"7":54,"8":54,"9":54,"10":54,"11":54,"12":48,"13":1,"14":47,"15":9,"16":47,"17":47,"18":47,"19":47,"20":47,"21":47,"22":36,"23":0,"24":36,"25":11,"26":2,"27":2,"28":1},"f":{"0":429,"1":54,"2":1},"b":{"0":[144],"1":[540,198],"2":[30,24],"3":[54,33],"4":[24,3],"5":[1],"6":[9],"7":[36],"8":[0]}}
,"/Users/zane/playground/string-input/src/integer.mjs": {"path":"/Users/zane/playground/string-input/src/integer.mjs","statementMap":{"0":{"start":{"line":1,"column":0},"end":{"line":1,"column":null}},"1":{"start":{"line":2,"column":0},"end":{"line":2,"column":null}},"2":{"start":{"line":4,"column":0},"end":{"line":4,"column":null}},"3":{"start":{"line":5,"column":0},"end":{"line":5,"column":null}},"4":{"start":{"line":6,"column":0},"end":{"line":6,"column":null}},"5":{"start":{"line":7,"column":0},"end":{"line":7,"column":null}},"6":{"start":{"line":8,"column":0},"end":{"line":8,"column":54}},"7":{"start":{"line":8,"column":54},"end":{"line":8,"column":null}},"8":{"start":{"line":10,"column":20},"end":{"line":10,"column":29}},"9":{"start":{"line":33,"column":13},"end":{"line":81,"column":1}},"10":{"start":{"line":33,"column":40},"end":{"line":33,"column":53}},"11":{"start":{"line":34,"column":59},"end":{"line":34,"column":66}},"12":{"start":{"line":34,"column":14},"end":{"line":34,"column":13}},"13":{"start":{"line":34,"column":14},"end":{"line":34,"column":33}},"14":{"start":{"line":34,"column":33},"end":{"line":34,"column":43}},"15":{"start":{"line":34,"column":54},"end":{"line":34,"column":53}},"16":{"start":{"line":36,"column":2},"end":{"line":36,"column":null}},"17":{"start":{"line":38,"column":2},"end":{"line":38,"column":null}},"18":{"start":{"line":39,"column":2},"end":{"line":41,"column":null}},"19":{"start":{"line":40,"column":4},"end":{"line":40,"column":null}},"20":{"start":{"line":42,"column":2},"end":{"line":61,"column":null}},"21":{"start":{"line":43,"column":16},"end":{"line":43,"column":50}},"22":{"start":{"line":44,"column":4},"end":{"line":46,"column":null}},"23":{"start":{"line":45,"column":6},"end":{"line":45,"column":null}},"24":{"start":{"line":47,"column":4},"end":{"line":52,"column":null}},"25":{"start":{"line":54,"column":7},"end":{"line":61,"column":null}},"26":{"start":{"line":55,"column":4},"end":{"line":60,"column":null}},"27":{"start":{"line":63,"column":28},"end":{"line":66,"column":3}},"28":{"start":{"line":67,"column":2},"end":{"line":67,"column":null}},"29":{"start":{"line":68,"column":16},"end":{"line":68,"column":31}},"30":{"start":{"line":69,"column":2},"end":{"line":69,"column":null}},"31":{"start":{"line":70,"column":2},"end":{"line":77,"column":null}},"32":{"start":{"line":71,"column":4},"end":{"line":76,"column":null}},"33":{"start":{"line":78,"column":2},"end":{"line":78,"column":null}},"34":{"start":{"line":80,"column":2},"end":{"line":80,"column":null}},"35":{"start":{"line":83,"column":0},"end":{"line":83,"column":null}},"36":{"start":{"line":84,"column":0},"end":{"line":84,"column":null}},"37":{"start":{"line":84,"column":19},"end":{"line":84,"column":null}}},"fnMap":{"0":{"name":"ownKeys","decl":{"start":{"line":8,"column":54},"end":{"line":8,"column":null}},"loc":{"start":{"line":8,"column":54},"end":{"line":8,"column":null}}},"1":{"name":"Integer","decl":{"start":{"line":33,"column":6},"end":{"line":33,"column":13}},"loc":{"start":{"line":33,"column":55},"end":{"line":81,"column":1}}},"2":{"name":"(anonymous_6)","decl":{"start":{"line":84,"column":19},"end":{"line":84,"column":25}},"loc":{"start":{"line":84,"column":19},"end":{"line":84,"column":null}}}},"branchMap":{"0":{"loc":{"start":{"line":8,"column":54},"end":{"line":8,"column":null}},"type":"if","locations":[{"start":{"line":8,"column":54},"end":{"line":8,"column":null}}]},"1":{"loc":{"start":{"line":8,"column":54},"end":{"line":8,"column":null}},"type":"binary-expr","locations":[{"start":{"line":8,"column":54},"end":{"line":8,"column":null}},{"start":{"line":8,"column":54},"end":{"line":8,"column":null}}]},"2":{"loc":{"start":{"line":33,"column":40},"end":{"line":33,"column":53}},"type":"cond-expr","locations":[{"start":{"line":33,"column":40},"end":{"line":33,"column":43}},{"start":{"line":33,"column":43},"end":{"line":33,"column":53}}]},"3":{"loc":{"start":{"line":33,"column":40},"end":{"line":33,"column":43}},"type":"binary-expr","locations":[{"start":{"line":33,"column":40},"end":{"line":33,"column":43}},{"start":{"line":33,"column":40},"end":{"line":33,"column":43}}]},"4":{"loc":{"start":{"line":33,"column":43},"end":{"line":33,"column":53}},"type":"binary-expr","locations":[{"start":{"line":33,"column":43},"end":{"line":33,"column":47}},{"start":{"line":33,"column":51},"end":{"line":33,"column":53}}]},"5":{"loc":{"start":{"line":34,"column":33},"end":{"line":34,"column":43}},"type":"cond-expr","locations":[{"start":{"line":34,"column":36},"end":{"line":34,"column":41}},{"start":{"line":34,"column":41},"end":{"line":34,"column":43}}]},"6":{"loc":{"start":{"line":39,"column":2},"end":{"line":41,"column":null}},"type":"if","locations":[{"start":{"line":39,"column":2},"end":{"line":41,"column":null}}]},"7":{"loc":{"start":{"line":42,"column":2},"end":{"line":61,"column":null}},"type":"if","locations":[{"start":{"line":42,"column":2},"end":{"line":61,"column":null}},{"start":{"line":54,"column":7},"end":{"line":61,"column":null}}]},"8":{"loc":{"start":{"line":42,"column":6},"end":{"line":42,"column":67}},"type":"binary-expr","locations":[{"start":{"line":42,"column":6},"end":{"line":42,"column":32}},{"start":{"line":42,"column":36},"end":{"line":42,"column":67}}]},"9":{"loc":{"start":{"line":44,"column":4},"end":{"line":46,"column":null}},"type":"if","locations":[{"start":{"line":44,"column":4},"end":{"line":46,"column":null}}]},"10":{"loc":{"start":{"line":54,"column":7},"end":{"line":61,"column":null}},"type":"if","locations":[{"start":{"line":54,"column":7},"end":{"line":61,"column":null}}]},"11":{"loc":{"start":{"line":54,"column":11},"end":{"line":54,"column":74}},"type":"binary-expr","locations":[{"start":{"line":54,"column":11},"end":{"line":54,"column":37}},{"start":{"line":54,"column":41},"end":{"line":54,"column":74}}]},"12":{"loc":{"start":{"line":70,"column":2},"end":{"line":77,"column":null}},"type":"if","locations":[{"start":{"line":70,"column":2},"end":{"line":77,"column":null}}]},"13":{"loc":{"start":{"line":70,"column":6},"end":{"line":70,"column":60}},"type":"binary-expr","locations":[{"start":{"line":70,"column":6},"end":{"line":70,"column":31}},{"start":{"line":70,"column":35},"end":{"line":70,"column":60}}]}},"s":{"0":2,"1":2,"2":2,"3":2,"4":2,"5":2,"6":2,"7":1518,"8":2,"9":2,"10":41,"11":41,"12":41,"13":41,"14":41,"15":41,"16":41,"17":41,"18":29,"19":1,"20":28,"21":6,"22":6,"23":2,"24":6,"25":22,"26":2,"27":20,"28":20,"29":18,"30":18,"31":14,"32":2,"33":12,"34":10,"35":2,"36":2,"37":3},"f":{"0":376,"1":41,"2":3},"b":{"0":[128],"1":[502,187],"2":[24,17],"3":[41,26],"4":[17,2],"5":[37,4],"6":[1],"7":[6,22],"8":[28,24],"9":[2],"10":[2],"11":[22,4],"12":[2],"13":[14,3]}}
,"/Users/zane/playground/string-input/src/numeric.mjs": {"path":"/Users/zane/playground/string-input/src/numeric.mjs","statementMap":{"0":{"start":{"line":1,"column":0},"end":{"line":1,"column":null}},"1":{"start":{"line":3,"column":0},"end":{"line":3,"column":null}},"2":{"start":{"line":4,"column":0},"end":{"line":4,"column":null}},"3":{"start":{"line":5,"column":0},"end":{"line":5,"column":null}},"4":{"start":{"line":6,"column":0},"end":{"line":6,"column":null}},"5":{"start":{"line":7,"column":0},"end":{"line":7,"column":54}},"6":{"start":{"line":7,"column":54},"end":{"line":7,"column":null}},"7":{"start":{"line":9,"column":22},"end":{"line":9,"column":34}},"8":{"start":{"line":31,"column":13},"end":{"line":79,"column":1}},"9":{"start":{"line":31,"column":40},"end":{"line":31,"column":53}},"10":{"start":{"line":32,"column":61},"end":{"line":32,"column":68}},"11":{"start":{"line":32,"column":14},"end":{"line":32,"column":13}},"12":{"start":{"line":32,"column":33},"end":{"line":32,"column":32}},"13":{"start":{"line":32,"column":46},"end":{"line":32,"column":45}},"14":{"start":{"line":32,"column":51},"end":{"line":32,"column":50}},"15":{"start":{"line":32,"column":56},"end":{"line":32,"column":55}},"16":{"start":{"line":34,"column":2},"end":{"line":34,"column":null}},"17":{"start":{"line":36,"column":2},"end":{"line":36,"column":null}},"18":{"start":{"line":37,"column":2},"end":{"line":39,"column":null}},"19":{"start":{"line":38,"column":4},"end":{"line":38,"column":null}},"20":{"start":{"line":41,"column":2},"end":{"line":56,"column":null}},"21":{"start":{"line":42,"column":4},"end":{"line":47,"column":null}},"22":{"start":{"line":49,"column":7},"end":{"line":56,"column":null}},"23":{"start":{"line":50,"column":4},"end":{"line":55,"column":null}},"24":{"start":{"line":58,"column":28},"end":{"line":61,"column":3}},"25":{"start":{"line":62,"column":2},"end":{"line":62,"column":null}},"26":{"start":{"line":64,"column":16},"end":{"line":64,"column":29}},"27":{"start":{"line":66,"column":2},"end":{"line":66,"column":null}},"28":{"start":{"line":67,"column":2},"end":{"line":74,"column":null}},"29":{"start":{"line":68,"column":4},"end":{"line":73,"column":null}},"30":{"start":{"line":76,"column":2},"end":{"line":76,"column":null}},"31":{"start":{"line":78,"column":2},"end":{"line":78,"column":null}},"32":{"start":{"line":81,"column":0},"end":{"line":81,"column":null}},"33":{"start":{"line":82,"column":0},"end":{"line":82,"column":null}},"34":{"start":{"line":82,"column":19},"end":{"line":82,"column":null}}},"fnMap":{"0":{"name":"ownKeys","decl":{"start":{"line":7,"column":54},"end":{"line":7,"column":null}},"loc":{"start":{"line":7,"column":54},"end":{"line":7,"column":null}}},"1":{"name":"Numeric","decl":{"start":{"line":31,"column":6},"end":{"line":31,"column":13}},"loc":{"start":{"line":31,"column":55},"end":{"line":79,"column":1}}},"2":{"name":"(anonymous_6)","decl":{"start":{"line":82,"column":19},"end":{"line":82,"column":25}},"loc":{"start":{"line":82,"column":19},"end":{"line":82,"column":null}}}},"branchMap":{"0":{"loc":{"start":{"line":7,"column":54},"end":{"line":7,"column":null}},"type":"if","locations":[{"start":{"line":7,"column":54},"end":{"line":7,"column":null}}]},"1":{"loc":{"start":{"line":7,"column":54},"end":{"line":7,"column":null}},"type":"binary-expr","locations":[{"start":{"line":7,"column":54},"end":{"line":7,"column":null}},{"start":{"line":7,"column":54},"end":{"line":7,"column":null}}]},"2":{"loc":{"start":{"line":31,"column":40},"end":{"line":31,"column":53}},"type":"cond-expr","locations":[{"start":{"line":31,"column":40},"end":{"line":31,"column":43}},{"start":{"line":31,"column":43},"end":{"line":31,"column":53}}]},"3":{"loc":{"start":{"line":31,"column":40},"end":{"line":31,"column":43}},"type":"binary-expr","locations":[{"start":{"line":31,"column":40},"end":{"line":31,"column":43}},{"start":{"line":31,"column":40},"end":{"line":31,"column":43}}]},"4":{"loc":{"start":{"line":31,"column":43},"end":{"line":31,"column":53}},"type":"binary-expr","locations":[{"start":{"line":31,"column":43},"end":{"line":31,"column":47}},{"start":{"line":31,"column":51},"end":{"line":31,"column":53}}]},"5":{"loc":{"start":{"line":37,"column":2},"end":{"line":39,"column":null}},"type":"if","locations":[{"start":{"line":37,"column":2},"end":{"line":39,"column":null}}]},"6":{"loc":{"start":{"line":41,"column":2},"end":{"line":56,"column":null}},"type":"if","locations":[{"start":{"line":41,"column":2},"end":{"line":56,"column":null}},{"start":{"line":49,"column":7},"end":{"line":56,"column":null}}]},"7":{"loc":{"start":{"line":41,"column":6},"end":{"line":41,"column":70}},"type":"binary-expr","locations":[{"start":{"line":41,"column":6},"end":{"line":41,"column":32}},{"start":{"line":41,"column":36},"end":{"line":41,"column":70}}]},"8":{"loc":{"start":{"line":49,"column":7},"end":{"line":56,"column":null}},"type":"if","locations":[{"start":{"line":49,"column":7},"end":{"line":56,"column":null}}]},"9":{"loc":{"start":{"line":67,"column":2},"end":{"line":74,"column":null}},"type":"if","locations":[{"start":{"line":67,"column":2},"end":{"line":74,"column":null}}]},"10":{"loc":{"start":{"line":67,"column":6},"end":{"line":67,"column":60}},"type":"binary-expr","locations":[{"start":{"line":67,"column":6},"end":{"line":67,"column":31}},{"start":{"line":67,"column":35},"end":{"line":67,"column":60}}]}},"s":{"0":2,"1":2,"2":2,"3":2,"4":2,"5":2,"6":1370,"7":2,"8":2,"9":33,"10":33,"11":33,"12":33,"13":33,"14":33,"15":33,"16":33,"17":33,"18":27,"19":1,"20":26,"21":2,"22":24,"23":0,"24":24,"25":24,"26":24,"27":24,"28":20,"29":2,"30":18,"31":18,"32":2,"33":2,"34":1},"f":{"0":312,"1":33,"2":1},"b":{"0":[118],"1":[468,175],"2":[19,14],"3":[33,26],"4":[14,7],"5":[1],"6":[2,24],"7":[26,25],"8":[0],"9":[2],"10":[20,3]}}
,"/Users/zane/playground/string-input/src/ssn.mjs": {"path":"/Users/zane/playground/string-input/src/ssn.mjs","statementMap":{"0":{"start":{"line":1,"column":0},"end":{"line":1,"column":null}},"1":{"start":{"line":2,"column":0},"end":{"line":2,"column":null}},"2":{"start":{"line":4,"column":0},"end":{"line":4,"column":null}},"3":{"start":{"line":5,"column":0},"end":{"line":5,"column":null}},"4":{"start":{"line":6,"column":0},"end":{"line":6,"column":null}},"5":{"start":{"line":7,"column":0},"end":{"line":7,"column":54}},"6":{"start":{"line":7,"column":54},"end":{"line":7,"column":null}},"7":{"start":{"line":24,"column":9},"end":{"line":55,"column":1}},"8":{"start":{"line":24,"column":36},"end":{"line":24,"column":49}},"9":{"start":{"line":25,"column":19},"end":{"line":25,"column":26}},"10":{"start":{"line":25,"column":14},"end":{"line":25,"column":13}},"11":{"start":{"line":27,"column":2},"end":{"line":27,"column":null}},"12":{"start":{"line":29,"column":2},"end":{"line":29,"column":null}},"13":{"start":{"line":30,"column":2},"end":{"line":32,"column":null}},"14":{"start":{"line":31,"column":4},"end":{"line":31,"column":null}},"15":{"start":{"line":34,"column":19},"end":{"line":34,"column":37}},"16":{"start":{"line":35,"column":2},"end":{"line":43,"column":null}},"17":{"start":{"line":36,"column":4},"end":{"line":42,"column":null}},"18":{"start":{"line":44,"column":28},"end":{"line":47,"column":3}},"19":{"start":{"line":48,"column":2},"end":{"line":48,"column":null}},"20":{"start":{"line":50,"column":13},"end":{"line":50,"column":62}},"21":{"start":{"line":52,"column":2},"end":{"line":52,"column":null}},"22":{"start":{"line":54,"column":2},"end":{"line":54,"column":null}},"23":{"start":{"line":57,"column":0},"end":{"line":57,"column":null}},"24":{"start":{"line":58,"column":0},"end":{"line":58,"column":null}},"25":{"start":{"line":58,"column":15},"end":{"line":58,"column":null}}},"fnMap":{"0":{"name":"ownKeys","decl":{"start":{"line":7,"column":54},"end":{"line":7,"column":null}},"loc":{"start":{"line":7,"column":54},"end":{"line":7,"column":null}}},"1":{"name":"SSN","decl":{"start":{"line":24,"column":6},"end":{"line":24,"column":9}},"loc":{"start":{"line":24,"column":51},"end":{"line":55,"column":1}}},"2":{"name":"(anonymous_6)","decl":{"start":{"line":58,"column":15},"end":{"line":58,"column":21}},"loc":{"start":{"line":58,"column":15},"end":{"line":58,"column":null}}}},"branchMap":{"0":{"loc":{"start":{"line":7,"column":54},"end":{"line":7,"column":null}},"type":"if","locations":[{"start":{"line":7,"column":54},"end":{"line":7,"column":null}}]},"1":{"loc":{"start":{"line":7,"column":54},"end":{"line":7,"column":null}},"type":"binary-expr","locations":[{"start":{"line":7,"column":54},"end":{"line":7,"column":null}},{"start":{"line":7,"column":54},"end":{"line":7,"column":null}}]},"2":{"loc":{"start":{"line":24,"column":36},"end":{"line":24,"column":49}},"type":"cond-expr","locations":[{"start":{"line":24,"column":36},"end":{"line":24,"column":39}},{"start":{"line":24,"column":39},"end":{"line":24,"column":49}}]},"3":{"loc":{"start":{"line":24,"column":36},"end":{"line":24,"column":39}},"type":"binary-expr","locations":[{"start":{"line":24,"column":36},"end":{"line":24,"column":39}},{"start":{"line":24,"column":36},"end":{"line":24,"column":39}}]},"4":{"loc":{"start":{"line":24,"column":39},"end":{"line":24,"column":49}},"type":"binary-expr","locations":[{"start":{"line":24,"column":39},"end":{"line":24,"column":43}},{"start":{"line":24,"column":47},"end":{"line":24,"column":49}}]},"5":{"loc":{"start":{"line":30,"column":2},"end":{"line":32,"column":null}},"type":"if
[...]
mn":7},"end":{"line":95,"column":35}},"type":"cond-expr","locations":[{"start":{"line":95,"column":30},"end":{"line":95,"column":33}},{"start":{"line":95,"column":7},"end":{"line":95,"column":35}}]},"40":{"loc":{"start":{"line":95,"column":7},"end":{"line":95,"column":33}},"type":"binary-expr","locations":[{"start":{"line":95,"column":7},"end":{"line":95,"column":33}},{"start":{"line":95,"column":7},"end":{"line":95,"column":33}}]},"41":{"loc":{"start":{"line":98,"column":2},"end":{"line":121,"column":null}},"type":"if","locations":[{"start":{"line":98,"column":2},"end":{"line":121,"column":null}},{"start":{"line":104,"column":7},"end":{"line":121,"column":null}}]},"42":{"loc":{"start":{"line":106,"column":6},"end":{"line":106,"column":null}},"type":"binary-expr","locations":[{"start":{"line":106,"column":6},"end":{"line":106,"column":23}},{"start":{"line":106,"column":27},"end":{"line":106,"column":41}},{"start":{"line":106,"column":45},"end":{"line":106,"column":73}}]},"43":{"loc":{"start":{"line":106,"column":6},"end":{"line":106,"column":23}},"type":"cond-expr","locations":[{"start":{"line":106,"column":18},"end":{"line":106,"column":21}},{"start":{"line":106,"column":6},"end":{"line":106,"column":23}}]},"44":{"loc":{"start":{"line":106,"column":6},"end":{"line":106,"column":21}},"type":"binary-expr","locations":[{"start":{"line":106,"column":6},"end":{"line":106,"column":21}},{"start":{"line":106,"column":6},"end":{"line":106,"column":21}}]},"45":{"loc":{"start":{"line":106,"column":27},"end":{"line":106,"column":41}},"type":"cond-expr","locations":[{"start":{"line":106,"column":36},"end":{"line":106,"column":39}},{"start":{"line":106,"column":27},"end":{"line":106,"column":41}}]},"46":{"loc":{"start":{"line":106,"column":27},"end":{"line":106,"column":39}},"type":"binary-expr","locations":[{"start":{"line":106,"column":27},"end":{"line":106,"column":39}},{"start":{"line":106,"column":27},"end":{"line":106,"column":39}}]},"47":{"loc":{"start":{"line":106,"column":45},"end":{"line":106,"column":73}},"type":"cond-expr","locations":[{"start":{"line":106,"column":68},"end":{"line":106,"column":71}},{"start":{"line":106,"column":45},"end":{"line":106,"column":73}}]},"48":{"loc":{"start":{"line":106,"column":45},"end":{"line":106,"column":71}},"type":"binary-expr","locations":[{"start":{"line":106,"column":45},"end":{"line":106,"column":71}},{"start":{"line":106,"column":45},"end":{"line":106,"column":71}}]},"49":{"loc":{"start":{"line":108,"column":4},"end":{"line":113,"column":null}},"type":"if","locations":[{"start":{"line":108,"column":4},"end":{"line":113,"column":null}}]},"50":{"loc":{"start":{"line":109,"column":15},"end":{"line":109,"column":59}},"type":"cond-expr","locations":[{"start":{"line":109,"column":53},"end":{"line":109,"column":54}},{"start":{"line":109,"column":57},"end":{"line":109,"column":59}}]},"51":{"loc":{"start":{"line":110,"column":6},"end":{"line":112,"column":null}},"type":"if","locations":[{"start":{"line":110,"column":6},"end":{"line":112,"column":null}}]},"52":{"loc":{"start":{"line":115,"column":6},"end":{"line":115,"column":null}},"type":"binary-expr","locations":[{"start":{"line":115,"column":6},"end":{"line":115,"column":23}},{"start":{"line":115,"column":27},"end":{"line":115,"column":41}},{"start":{"line":115,"column":45},"end":{"line":115,"column":73}}]},"53":{"loc":{"start":{"line":115,"column":6},"end":{"line":115,"column":23}},"type":"cond-expr","locations":[{"start":{"line":115,"column":18},"end":{"line":115,"column":21}},{"start":{"line":115,"column":6},"end":{"line":115,"column":23}}]},"54":{"loc":{"start":{"line":115,"column":6},"end":{"line":115,"column":21}},"type":"binary-expr","locations":[{"start":{"line":115,"column":6},"end":{"line":115,"column":21}},{"start":{"line":115,"column":6},"end":{"line":115,"column":21}}]},"55":{"loc":{"start":{"line":115,"column":27},"end":{"line":115,"column":41}},"type":"cond-expr","locations":[{"start":{"line":115,"column":36},"end":{"line":115,"column":39}},{"start":{"line":115,"column":27},"end":{"line":115,"column":41}}]},"56":{"loc":{"start":{"line":115,"column":27},"end":{"line":115,"column":39}},"type":"binary-expr","locations":[{"start":{"line":115,"column":27},"end":{"line":115,"column":39}},{"start":{"line":115,"column":27},"end":{"line":115,"column":39}}]},"57":{"loc":{"start":{"line":115,"column":45},"end":{"line":115,"column":73}},"type":"cond-expr","locations":[{"start":{"line":115,"column":68},"end":{"line":115,"column":71}},{"start":{"line":115,"column":45},"end":{"line":115,"column":73}}]},"58":{"loc":{"start":{"line":115,"column":45},"end":{"line":115,"column":71}},"type":"binary-expr","locations":[{"start":{"line":115,"column":45},"end":{"line":115,"column":71}},{"start":{"line":115,"column":45},"end":{"line":115,"column":71}}]},"59":{"loc":{"start":{"line":117,"column":23},"end":{"line":117,"column":76}},"type":"binary-expr","locations":[{"start":{"line":117,"column":23},"end":{"line":117,"column":37}},{"start":{"line":117,"column":41},"end":{"line":117,"column":69}},{"start":{"line":117,"column":73},"end":{"line":117,"column":76}}]},"60":{"loc":{"start":{"line":117,"column":23},"end":{"line":117,"column":37}},"type":"cond-expr","locations":[{"start":{"line":117,"column":32},"end":{"line":117,"column":35}},{"start":{"line":117,"column":23},"end":{"line":117,"column":37}}]},"61":{"loc":{"start":{"line":117,"column":23},"end":{"line":117,"column":35}},"type":"binary-expr","locations":[{"start":{"line":117,"column":23},"end":{"line":117,"column":35}},{"start":{"line":117,"column":23},"end":{"line":117,"column":35}}]},"62":{"loc":{"start":{"line":117,"column":41},"end":{"line":117,"column":69}},"type":"cond-expr","locations":[{"start":{"line":117,"column":64},"end":{"line":117,"column":67}},{"start":{"line":117,"column":41},"end":{"line":117,"column":69}}]},"63":{"loc":{"start":{"line":117,"column":41},"end":{"line":117,"column":67}},"type":"binary-expr","locations":[{"start":{"line":117,"column":41},"end":{"line":117,"column":67}},{"start":{"line":117,"column":41},"end":{"line":117,"column":67}}]},"64":{"loc":{"start":{"line":119,"column":14},"end":{"line":119,"column":67}},"type":"binary-expr","locations":[{"start":{"line":119,"column":14},"end":{"line":119,"column":28}},{"start":{"line":119,"column":32},"end":{"line":119,"column":60}},{"start":{"line":119,"column":64},"end":{"line":119,"column":67}}]},"65":{"loc":{"start":{"line":119,"column":14},"end":{"line":119,"column":28}},"type":"cond-expr","locations":[{"start":{"line":119,"column":23},"end":{"line":119,"column":26}},{"start":{"line":119,"column":14},"end":{"line":119,"column":28}}]},"66":{"loc":{"start":{"line":119,"column":14},"end":{"line":119,"column":26}},"type":"binary-expr","locations":[{"start":{"line":119,"column":14},"end":{"line":119,"column":26}},{"start":{"line":119,"column":14},"end":{"line":119,"column":26}}]},"67":{"loc":{"start":{"line":119,"column":32},"end":{"line":119,"column":60}},"type":"cond-expr","locations":[{"start":{"line":119,"column":55},"end":{"line":119,"column":58}},{"start":{"line":119,"column":32},"end":{"line":119,"column":60}}]},"68":{"loc":{"start":{"line":119,"column":32},"end":{"line":119,"column":58}},"type":"binary-expr","locations":[{"start":{"line":119,"column":32},"end":{"line":119,"column":58}},{"start":{"line":119,"column":32},"end":{"line":119,"column":58}}]},"69":{"loc":{"start":{"line":124,"column":4},"end":{"line":127,"column":20}},"type":"binary-expr","locations":[{"start":{"line":124,"column":4},"end":{"line":124,"column":21}},{"start":{"line":125,"column":7},"end":{"line":125,"column":21}},{"start":{"line":126,"column":7},"end":{"line":126,"column":35}},{"start":{"line":127,"column":7},"end":{"line":127,"column":20}}]},"70":{"loc":{"start":{"line":124,"column":4},"end":{"line":124,"column":21}},"type":"cond-expr","locations":[{"start":{"line":124,"column":16},"end":{"line":124,"column":19}},{"start":{"line":124,"column":4},"end":{"line":124,"column":21}}]},"71":{"loc":{"start":{"line":124,"column":4},"end":{"line":124,"column":19}},"type":"binary-expr","locations":[{"start":{"line":124,"column":4},"end":{"line":124,"column":19}},{"start":{"line":124,"column":4},"end":{"line":124,"column":19}}]},"72":{"loc":{"start":{"line":125,"column":7},"end":{"line":125,"column":21}},"type":"cond-expr","locations":[{"start":{"line":125,"column":16},"end":{"line":125,"column":19}},{"start":{"line":125,"column":7},"end":{"line":125,"column":21}}]},"73":{"loc":{"start":{"line":125,"column":7},"end":{"line":125,"column":19}},"type":"binary-expr","locations":[{"start":{"line":125,"column":7},"end":{"line":125,"column":19}},{"start":{"line":125,"column":7},"end":{"line":125,"column":19}}]},"74":{"loc":{"start":{"line":126,"column":7},"end":{"line":126,"column":35}},"type":"cond-expr","locations":[{"start":{"line":126,"column":30},"end":{"line":126,"column":33}},{"start":{"line":126,"column":7},"end":{"line":126,"column":35}}]},"75":{"loc":{"start":{"line":126,"column":7},"end":{"line":126,"column":33}},"type":"binary-expr","locations":[{"start":{"line":126,"column":7},"end":{"line":126,"column":33}},{"start":{"line":126,"column":7},"end":{"line":126,"column":33}}]}},"s":{"0":3,"1":3,"2":3,"3":3,"4":151,"5":3,"6":96,"7":96,"8":96,"9":96,"10":96,"11":96,"12":96,"13":96,"14":96,"15":96,"16":10,"17":86,"18":86,"19":86,"20":86,"21":86,"22":86,"23":86,"24":86,"25":3,"26":83,"27":1,"28":82,"29":82,"30":82,"31":8,"32":8,"33":74,"34":82,"35":82,"36":82,"37":4,"38":4,"39":4,"40":4,"41":78,"42":78,"43":2,"44":2,"45":1,"46":78,"47":78,"48":78,"49":82,"50":82,"51":82},"f":{"0":36,"1":96},"b":{"0":[14],"1":[42,14],"2":[6,90],"3":[4,92],"4":[80,16],"5":[10],"6":[8,78],"7":[61,25],"8":[15,71],"9":[3,83],"10":[1],"11":[82,80,78],"12":[22,60],"13":[82,60],"14":[66,14],"15":[80,14],"16":[82,74,14],"17":[74,8],"18":[82,8],"19":[14,60],"20":[74,60],"21":[0,14],"22":[14,14],"23":[8,74],"24":[74,14],"25":[14,60],"26":[74,60],"27":[0,14],"28":[14,14],"29":[82,74,14],"30":[74,8],"31":[82,8],"32":[14,60],"33":[74,60],"34":[0,14],"35":[14,14],"36":[82,81,78],"37":[78,4],"38":[82,4],"39":[3,78],"40":[81,78],"41":[4,78],"42":[78,75,73],"43":[75,3],"44":[78,3],"45":[73,2],"46":[75,2],"47":[0,73],"48":[73,73],"49":[2],"50":[1,1],"51":[1],"52":[78,75,73],"53":[75,3],"54":[78,3],"55":[73,2],"56":[75,2],"57":[0,73],"58":[73,73],"59":[78,78,63],"60":[76,2],"61":[78,2],"62":[3,75],"63":[78,75],"64":[78,78,71],"65":[76,2],"66":[78,2],"67":[3,75],"68":[78,75],"69":[82,82,82,52],"70":[78,4],"71":[82,4],"72":[80,2],"73":[82,2],"74":[4,78],"75":[82,78]}}
,"/Users/zane/playground/string-input/src/lib/date-time/process-iso-8601-date-time.mjs": {"path":"/Users/zane/playground/string-input/src/lib/date-time/process-iso-8601-date-time.mjs","statementMap":{"0":{"start":{"line":1,"column":0},"end":{"line":1,"column":null}},"1":{"start":{"line":3,"column":0},"end":{"line":3,"column":57}},"2":{"start":{"line":3,"column":57},"end":{"line":3,"column":null}},"3":{"start":{"line":5,"column":29},"end":{"line":5,"column":35}},"4":{"start":{"line":7,"column":28},"end":{"line":95,"column":1}},"5":{"start":{"line":8,"column":34},"end":{"line":8,"column":14}},"6":{"start":{"line":8,"column":29},"end":{"line":8,"column":null}},"7":{"start":{"line":10,"column":2},"end":{"line":23,"column":null}},"8":{"start":{"line":11,"column":4},"end":{"line":15,"column":null}},"9":{"start":{"line":17,"column":7},"end":{"line":23,"column":null}},"10":{"start":{"line":18,"column":4},"end":{"line":22,"column":null}},"11":{"start":{"line":25,"column":15},"end":{"line":25,"column":40}},"12":{"start":{"line":26,"column":16},"end":{"line":26,"column":46}},"13":{"start":{"line":27,"column":14},"end":{"line":27,"column":44}},"14":{"start":{"line":28,"column":16},"end":{"line":28,"column":45}},"15":{"start":{"line":29,"column":16},"end":{"line":29,"column":64}},"16":{"start":{"line":32,"column":2},"end":{"line":70,"column":null}},"17":{"start":{"line":37,"column":4},"end":{"line":37,"column":null}},"18":{"start":{"line":38,"column":4},"end":{"line":38,"column":null}},"19":{"start":{"line":39,"column":4},"end":{"line":39,"column":null}},"20":{"start":{"line":41,"column":7},"end":{"line":70,"column":null}},"21":{"start":{"line":43,"column":22},"end":{"line":43,"column":53}},"22":{"start":{"line":44,"column":24},"end":{"line":44,"column":38}},"23":{"start":{"line":45,"column":4},"end":{"line":45,"column":null}},"24":{"start":{"line":46,"column":24},"end":{"line":46,"column":39}},"25":{"start":{"line":47,"column":24},"end":{"line":47,"column":40}},"26":{"start":{"line":48,"column":4},"end":{"line":48,"column":null}},"27":{"start":{"line":50,"column":4},"end":{"line":50,"column":null}},"28":{"start":{"line":53,"column":4},"end":{"line":53,"column":null}},"29":{"start":{"line":54,"column":4},"end":{"line":69,"column":null}},"30":{"start":{"line":55,"column":6},"end":{"line":55,"column":null}},"31":{"start":{"line":56,"column":6},"end":{"line":56,"column":null}},"32":{"start":{"line":58,"column":9},"end":{"line":69,"column":null}},"33":{"start":{"line":59,"column":26},"end":{"line":59,"column":57}},"34":{"start":{"line":60,"column":26},"end":{"line":60,"column":42}},"35":{"start":{"line":61,"column":6},"end":{"line":61,"column":null}},"36":{"start":{"line":63,"column":6},"end":{"line":63,"column":null}},"37":{"start":{"line":66,"column":6},"end":{"line":66,"column":null}},"38":{"start":{"line":67,"column":6},"end":{"line":68,"column":null}},"39":{"start":{"line":72,"column":19},"end":{"line":72,"column":52}},"40":{"start":{"line":73,"column":25},"end":{"line":82,"column":4}},"41":{"start":{"line":84,"column":2},"end":{"line":94,"column":null}},"42":{"start":{"line":97,"column":25},"end":{"line":98,"column":null}},"43":{"start":{"line":97,"column":37},"end":{"line":98,"column":null}}},"fnMap":{"0":{"name":"ownKeys","decl":{"start":{"line":3,"column":57},"end":{"line":3,"column":null}},"loc":{"start":{"line":3,"column":57},"end":{"line":3,"column":null}}},"1":{"name":"processISO8601DateTime","decl":{"start":{"line":7,"column":6},"end":{"line":7,"column":28}},"loc":{"start":{"line":7,"column":73},"end":{"line":95,"column":1}}},"2":{"name":"roundFracSeconds","decl":{"start":{"line":97,"column":6},"end":{"line":97,"column":22}},"loc":{"start":{"line":97,"column":37},"end":{"line":98,"column":null}}}},"branchMap":{"0":{"loc":{"start":{"line":3,"column":57},"end":{"line":3,"column":null}},"type":"if","locations":[{"start":{"line":3,"column":57},"end":{"line":3,"column":null}}]},"1":{"loc":{"start":{"line":3,"column":57},"end":{"line":3,"column":null}},"type":"binary-expr","locations":[{"start":{"line":3,"column":57},"end":{"line":3,"column":null}},{"start":{"line":3,"column":57},"end":{"line":3,"column":null}}]},"2":{"loc":{"start":{"line":10,"column":2},"end":{"line":23,"column":null}},"type":"if","locations":[{"start":{"line":10,"column":2},"end":{"line":23,"column":null}},{"start":{"line":17,"column":7},"end":{"line":23,"column":null}}]},"3":{"loc":{"start":{"line":17,"column":7},"end":{"line":23,"column":null}},"type":"if","locations":[{"start":{"line":17,"column":7},"end":{"line":23,"column":null}}]},"4":{"loc":{"start":{"line":26,"column":16},"end":{"line":26,"column":46}},"type":"binary-expr","locations":[{"start":{"line":26,"column":16},"end":{"line":26,"column":41}},{"start":{"line":26,"column":45},"end":{"line":26,"column":46}}]},"5":{"loc":{"start":{"line":27,"column":14},"end":{"line":27,"column":44}},"type":"binary-expr","locations":[{"start":{"line":27,"column":14},"end":{"line":27,"column":39}},{"start":{"line":27,"column":43},"end":{"line":27,"column":44}}]},"6":{"loc":{"start":{"line":29,"column":16},"end":{"line":29,"column":64}},"type":"cond-expr","locations":[{"start":{"line":29,"column":33},"end":{"line":29,"column":35}},{"start":{"line":29,"column":38},"end":{"line":29,"column":64}}]},"7":{"loc":{"start":{"line":32,"column":2},"end":{"line":70,"column":null}},"type":"if","locations":[{"start":{"line":32,"column":2},"end":{"line":70,"column":null}},{"start":{"line":41,"column":7},"end":{"line":70,"column":null}}]},"8":{"loc":{"start":{"line":33,"column":4},"end":{"line":35,"column":37}},"type":"binary-expr","locations":[{"start":{"line":33,"column":4},"end":{"line":33,"column":34}},{"start":{"line":34,"column":7},"end":{"line":34,"column":37}},{"start":{"line":35,"column":7},"end":{"line":35,"column":37}}]},"9":{"loc":{"start":{"line":41,"column":7},"end":{"line":70,"column":null}},"type":"if","locations":[{"start":{"line":41,"column":7},"end":{"line":70,"column":null}},{"start":{"line":52,"column":7},"end":{"line":70,"column":null}}]},"10":{"loc":{"start":{"line":54,"column":4},"end":{"line":69,"column":null}},"type":"if","locations":[{"start":{"line":54,"column":4},"end":{"line":69,"column":null}},{"start":{"line":58,"column":9},"end":{"line":69,"column":null}}]},"11":{"loc":{"start":{"line":54,"column":8},"end":{"line":54,"column":72}},"type":"binary-expr","locations":[{"start":{"line":54,"column":8},"end":{"line":54,"column":38}},{"start":{"line":54,"column":42},"end":{"line":54,"column":72}}]},"12":{"loc":{"start":{"line":58,"column":9},"end":{"line":69,"column":null}},"type":"if","locations":[{"start":{"line":58,"column":9},"end":{"line":69,"column":null}},{"start":{"line":65,"column":9},"end":{"line":69,"column":null}}]},"13":{"loc":{"start":{"line":68,"column":8},"end":{"line":68,"column":76}},"type":"cond-expr","locations":[{"start":{"line":68,"column":41},"end":{"line":68,"column":42}},{"start":{"line":68,"column":45},"end":{"line":68,"column":76}}]},"14":{"loc":{"start":{"line":72,"column":19},"end":{"line":72,"column":52}},"type":"binary-expr","locations":[{"start":{"line":72,"column":19},"end":{"line":72,"column":35}},{"start":{"line":72,"column":39},"end":{"line":72,"column":52}}]}},"s":{"0":3,"1":3,"2":23,"3":3,"4":3,"5":20,"6":20,"7":20,"8":1,"9":19,"10":1,"11":18,"12":18,"13":18,"14":18,"15":18,"16":18,"17":4,"18":4,"19":4,"20":14,"21":3,"22":3,"23":3,"24":3,"25":3,"26":3,"27":3,"28":11,"29":11,"30":1,"31":1,"32":10,"33":2,"34":2,"35":2,"36":2,"37":8,"38":8,"39":18,"40":18,"41":18,"42":3,"43":5},"f":{"0":4,"1":20,"2":5},"b":{"0":[2],"1":[6,2],"2":[1,19],"3":[1],"4":[18,1],"5":[18,2],"6":[1,17],"7":[4,14],"8":[18,15,4],"9":[3,11],"10":[1,10],"11":[11,9],"12":[2,8],"13":[1,7],"14":[18,2]}}
,"/Users/zane/playground/string-input/src/lib/date-time/process-rfc-2822-date-time.mjs": {"path":"/Users/zane/playground/string-input/src/lib/date-time/process-rfc-2822-date-time.mjs","statementMap":{"0":{"start":{"line":1,"column":0},"end":{"line":1,"column":null}},"1":{"start":{"line":2,"column":0},"end":{"line":2,"column":null}},"2":{"start":{"line":4,"column":28},"end":{"line":36,"column":1}},"3":{"start":{"line":5,"column":15},"end":{"line":5,"column":40}},"4":{"start":{"line":6,"column":20},"end":{"line":6,"column":35}},"5":{"start":{"line":7,"column":16},"end":{"line":7,"column":43}},"6":{"start":{"line":8,"column":14},"end":{"line":8,"column":39}},"7":{"start":{"line":9,"column":16},"end":{"line":9,"column":41}},"8":{"start":{"line":10,"column":18},"end":{"line":10,"column":43}},"9":{"start":{"line":11,"column":18},"end":{"line":11,"column":43}},"10":{"start":{"line":12,"column":19},"end":{"line":12,"column":51}},"11":{"start":{"line":14,"column":25},"end":{"line":23,"column":4}},"12":{"start":{"line":25,"column":2},"end":{"line":35,"column":null}}},"fnMap":{"0":{"name":"processRFC2822DateTime","decl":{"start":{"line":4,"column":6},"end":{"line":4,"column":28}},"loc":{"start":{"line":4,"column":73},"end":{"line":36,"column":1}}}},"branchMap":{"0":{"loc":{"start":{"line":12,"column":19},"end":{"line":12,"column":51}},"type":"binary-expr","locations":[{"start":{"line":12,"column":19},"end":{"line":12,"column":34}},{"start":{"line":12,"column":38},"end":{"line":12,"column":51}}]}},"s":{"0":3,"1":3,"2":3,"3":6,"4":6,"5":6,"6":6,"7":6,"8":6,"9":6,"10":6,"11":6,"12":6},"f":{"0":6},"b":{"0":[6,2]}}
}
