{"/Users/zane/playground/string-input/src/boolean-string.mjs": {"path":"/Users/zane/playground/string-input/src/boolean-string.mjs","statementMap":{"0":{"start":{"line":1,"column":0},"end":{"line":1,"column":null}},"1":{"start":{"line":2,"column":0},"end":{"line":2,"column":null}},"2":{"start":{"line":4,"column":0},"end":{"line":4,"column":null}},"3":{"start":{"line":5,"column":0},"end":{"line":5,"column":null}},"4":{"start":{"line":6,"column":0},"end":{"line":6,"column":null}},"5":{"start":{"line":7,"column":0},"end":{"line":7,"column":null}},"6":{"start":{"line":28,"column":19},"end":{"line":127,"column":1}},"7":{"start":{"line":28,"column":46},"end":{"line":28,"column":59}},"8":{"start":{"line":36,"column":6},"end":{"line":30,"column":8}},"9":{"start":{"line":36,"column":6},"end":{"line":31,"column":19}},"10":{"start":{"line":31,"column":19},"end":{"line":31,"column":null}},"11":{"start":{"line":36,"column":6},"end":{"line":32,"column":13}},"12":{"start":{"line":32,"column":13},"end":{"line":32,"column":null}},"13":{"start":{"line":36,"column":6},"end":{"line":33,"column":11}},"14":{"start":{"line":33,"column":11},"end":{"line":33,"column":null}},"15":{"start":{"line":36,"column":6},"end":{"line":34,"column":10}},"16":{"start":{"line":36,"column":6},"end":{"line":35,"column":30}},"17":{"start":{"line":35,"column":30},"end":{"line":35,"column":null}},"18":{"start":{"line":38,"column":2},"end":{"line":38,"column":null}},"19":{"start":{"line":40,"column":2},"end":{"line":40,"column":null}},"20":{"start":{"line":42,"column":2},"end":{"line":53,"column":null}},"21":{"start":{"line":46,"column":4},"end":{"line":52,"column":null}},"22":{"start":{"line":55,"column":2},"end":{"line":66,"column":null}},"23":{"start":{"line":59,"column":4},"end":{"line":65,"column":null}},"24":{"start":{"line":69,"column":2},"end":{"line":117,"column":null}},"25":{"start":{"line":70,"column":4},"end":{"line":70,"column":null}},"26":{"start":{"line":72,"column":7},"end":{"line":117,"column":null}},"27":{"start":{"line":73,"column":4},"end":{"line":73,"column":null}},"28":{"start":{"line":76,"column":25},"end":{"line":76,"column":49}},"29":{"start":{"line":77,"column":4},"end":{"line":98,"column":null}},"30":{"start":{"line":78,"column":6},"end":{"line":84,"column":null}},"31":{"start":{"line":86,"column":9},"end":{"line":98,"column":null}},"32":{"start":{"line":91,"column":6},"end":{"line":97,"column":null}},"33":{"start":{"line":99,"column":4},"end":{"line":116,"column":null}},"34":{"start":{"line":103,"column":6},"end":{"line":103,"column":null}},"35":{"start":{"line":105,"column":9},"end":{"line":116,"column":null}},"36":{"start":{"line":106,"column":6},"end":{"line":106,"column":null}},"37":{"start":{"line":109,"column":6},"end":{"line":115,"column":null}},"38":{"start":{"line":119,"column":28},"end":{"line":122,"column":3}},"39":{"start":{"line":123,"column":2},"end":{"line":123,"column":null}},"40":{"start":{"line":124,"column":2},"end":{"line":124,"column":null}},"41":{"start":{"line":126,"column":2},"end":{"line":126,"column":null}},"42":{"start":{"line":129,"column":0},"end":{"line":129,"column":null}},"43":{"start":{"line":130,"column":0},"end":{"line":130,"column":null}},"44":{"start":{"line":130,"column":25},"end":{"line":130,"column":null}}},"fnMap":{"0":{"name":"BooleanString","decl":{"start":{"line":28,"column":6},"end":{"line":28,"column":19}},"loc":{"start":{"line":28,"column":61},"end":{"line":127,"column":1}}},"1":{"name":"(anonymous_1)","decl":{"start":{"line":130,"column":25},"end":{"line":130,"column":31}},"loc":{"start":{"line":130,"column":25},"end":{"line":130,"column":null}}}},"branchMap":{"0":{"loc":{"start":{"line":28,"column":46},"end":{"line":28,"column":59}},"type":"cond-expr","locations":[{"start":{"line":28,"column":46},"end":{"line":28,"column":49}},{"start":{"line":28,"column":49},"end":{"line":28,"column":59}}]},"1":{"loc":{"start":{"line":28,"column":46},"end":{"line":28,"column":49}},"type":"binary-expr","locations":[{"start":{"line":28,"column":46},"end":{"line":28,"column":49}},{"start":{"line":28,"column":46},"end":{"line":28,"column":49}}]},"2":{"loc":{"start":{"line":28,"column":49},"end":{"line":28,"column":59}},"type":"binary-expr","locations":[{"start":{"line":28,"column":49},"end":{"line":28,"column":53}},{"start":{"line":28,"column":57},"end":{"line":28,"column":59}}]},"3":{"loc":{"start":{"line":31,"column":19},"end":{"line":31,"column":null}},"type":"cond-expr","locations":[{"start":{"line":31,"column":22},"end":{"line":31,"column":27}},{"start":{"line":31,"column":27},"end":{"line":31,"column":null}}]},"4":{"loc":{"start":{"line":32,"column":13},"end":{"line":32,"column":null}},"type":"cond-expr","locations":[{"start":{"line":32,"column":16},"end":{"line":32,"column":21}},{"start":{"line":32,"column":21},"end":{"line":32,"column":null}}]},"5":{"loc":{"start":{"line":33,"column":11},"end":{"line":33,"column":null}},"type":"cond-expr","locations":[{"start":{"line":33,"column":14},"end":{"line":33,"column":19}},{"start":{"line":33,"column":19},"end":{"line":33,"column":null}}]},"6":{"loc":{"start":{"line":35,"column":30},"end":{"line":35,"column":null}},"type":"cond-expr","locations":[{"start":{"line":35,"column":33},"end":{"line":35,"column":38}},{"start":{"line":35,"column":38},"end":{"line":35,"column":null}}]},"7":{"loc":{"start":{"line":42,"column":2},"end":{"line":53,"column":null}},"type":"if","locations":[{"start":{"line":42,"column":2},"end":{"line":53,"column":null}}]},"8":{"loc":{"start":{"line":43,"column":4},"end":{"line":44,"column":73}},"type":"binary-expr","locations":[{"start":{"line":43,"column":4},"end":{"line":43,"column":28}},{"start":{"line":44,"column":8},"end":{"line":44,"column":21}},{"start":{"line":44,"column":25},"end":{"line":44,"column":38}},{"start":{"line":44,"column":42},"end":{"line":44,"column":55}},{"start":{"line":44,"column":59},"end":{"line":44,"column":72}}]},"9":{"loc":{"start":{"line":55,"column":2},"end":{"line":66,"column":null}},"type":"if","locations":[{"start":{"line":55,"column":2},"end":{"line":66,"column":null}}]},"10":{"loc":{"start":{"line":56,"column":4},"end":{"line":57,"column":76}},"type":"binary-expr","locations":[{"start":{"line":56,"column":4},"end":{"line":56,"column":20}},{"start":{"line":57,"column":8},"end":{"line":57,"column":23}},{"start":{"line":57,"column":27},"end":{"line":57,"column":40}},{"start":{"line":57,"column":44},"end":{"line":57,"column":58}},{"start":{"line":57,"column":62},"end":{"line":57,"column":75}}]},"11":{"loc":{"start":{"line":69,"column":2},"end":{"line":117,"column":null}},"type":"if","locations":[{"start":{"line":69,"column":2},"end":{"line":117,"column":null}},{"start":{"line":72,"column":7},"end":{"line":117,"column":null}}]},"12":{"loc":{"start":{"line":72,"column":7},"end":{"line":117,"column":null}},"type":"if","locations":[{"start":{"line":72,"column":7},"end":{"line":117,"column":null}},{"start":{"line":75,"column":7},"end":{"line":117,"column":null}}]},"13":{"loc":{"start":{"line":77,"column":4},"end":{"line":98,"column":null}},"type":"if","locations":[{"start":{"line":77,"column":4},"end":{"line":98,"column":null}},{"start":{"line":86,"column":9},"end":{"line":98,"column":null}}]},"14":{"loc":{"start":{"line":77,"column":8},"end":{"line":77,"column":66}},"type":"binary-expr","locations":[{"start":{"line":77,"column":8},"end":{"line":77,"column":26}},{"start":{"line":77,"column":30},"end":{"line":77,"column":66}}]},"15":{"loc":{"start":{"line":86,"column":9},"end":{"line":98,"column":null}},"type":"if","locations":[{"start":{"line":86,"column":9},"end":{"line":98,"column":null}}]},"16":{"loc":{"start":{"line":87,"column":6},"end":{"line":88,"column":37}},"type":"binary-expr","locations":[{"start":{"line":87,"column":6},"end":{"line":87,"column":41}},{"start":{"line":88,"column":9},"end":{"line":88,"column":37}}]},"17":{"loc":{"start":{"line":99,"column":4},"end":{"line":116,"column":null}},"type":"if","locations":[{"start":{"line":99,"column":4},"end":{"line":116,"column":null}},{"start":{"line":105,"column":9},"end":{"line":116,"column":null}}]},"18":{"loc":{"start":{"line":100,"column":6},"end":{"line":101,"column":66}},"type":"binary-expr","locations":[{"start":{"line":100,"column":6},"end":{"line":100,"column":24}},{"start":{"line":101,"column":10},"end":{"line":101,"column":45}},{"start":{"line":101,"column":49},"end":{"line":101,"column":66}}]},"19":{"loc":{"start":{"line":105,"column":9},"end":{"line":116,"column":null}},"type":"if","locations":[{"start":{"line":105,"column":9},"end":{"line":116,"column":null}},{"start":{"line":108,"column":9},"end":{"line":116,"column":null}}]}},"s":{"0":2,"1":2,"2":2,"3":2,"4":2,"5":2,"6":2,"7":34,"8":34,"9":34,"10":34,"11":34,"12":34,"13":34,"14":34,"15":34,"16":34,"17":34,"18":34,"19":34,"20":34,"21":5,"22":29,"23":5,"24":24,"25":6,"26":18,"27":5,"28":13,"29":13,"30":3,"31":10,"32":3,"33":7,"34":3,"35":4,"36":3,"37":1,"38":17,"39":17,"40":17,"41":17,"42":2,"43":2,"44":1},"f":{"0":34,"1":1},"b":{"0":[14,20],"1":[34,30],"2":[20,20],"3":[29,5],"4":[31,3],"5":[29,5],"6":[33,1],"7":[5],"8":[34,5,3,2,1],"9":[5],"10":[29,5,3,2,1],"11":[6,18],"12":[5,13],"13":[3,10],"14":[13,3],"15":[3],"16":[10,8],"17":[3,4],"18":[7,5,1],"19":[3,1]}}
,"/Users/zane/playground/string-input/src/card-number.mjs": {"path":"/Users/zane/playground/string-input/src/card-number.mjs","statementMap":{"0":{"start":{"line":1,"column":0},"end":{"line":1,"column":null}},"1":{"start":{"line":2,"column":0},"end":{"line":2,"column":null}},"2":{"start":{"line":4,"column":0},"end":{"line":4,"column":null}},"3":{"start":{"line":5,"column":0},"end":{"line":5,"column":null}},"4":{"start":{"line":6,"column":0},"end":{"line":6,"column":null}},"5":{"start":{"line":8,"column":13},"end":{"line":8,"column":19}},"6":{"start":{"line":9,"column":26},"end":{"line":9,"column":61}},"7":{"start":{"line":10,"column":20},"end":{"line":10,"column":41}},"8":{"start":{"line":30,"column":16},"end":{"line":137,"column":1}},"9":{"start":{"line":30,"column":43},"end":{"line":30,"column":56}},"10":{"start":{"line":36,"column":6},"end":{"line":32,"column":8}},"11":{"start":{"line":36,"column":6},"end":{"line":33,"column":8}},"12":{"start":{"line":36,"column":6},"end":{"line":34,"column":11}},"13":{"start":{"line":34,"column":11},"end":{"line":34,"column":null}},"14":{"start":{"line":36,"column":6},"end":{"line":35,"column":10}},"15":{"start":{"line":38,"column":2},"end":{"line":38,"column":null}},"16":{"start":{"line":40,"column":2},"end":{"line":48,"column":null}},"17":{"start":{"line":41,"column":4},"end":{"line":47,"column":null}},"18":{"start":{"line":50,"column":23},"end":{"line":50,"column":56}},"19":{"start":{"line":51,"column":2},"end":{"line":59,"column":null}},"20":{"start":{"line":52,"column":4},"end":{"line":58,"column":null}},"21":{"start":{"line":61,"column":2},"end":{"line":116,"column":null}},"22":{"start":{"line":64,"column":6},"end":{"line":77,"column":7}},"23":{"start":{"line":65,"column":8},"end":{"line":74,"column":null}},"24":{"start":{"line":66,"column":10},"end":{"line":73,"column":null}},"25":{"start":{"line":76,"column":8},"end":{"line":76,"column":null}},"26":{"start":{"line":78,"column":20},"end":{"line":78,"column":41}},"27":{"start":{"line":79,"column":6},"end":{"line":107,"column":null}},"28":{"start":{"line":80,"column":8},"end":{"line":80,"column":null}},"29":{"start":{"line":82,"column":11},"end":{"line":107,"column":null}},"30":{"start":{"line":83,"column":28},"end":{"line":83,"column":43}},"31":{"start":{"line":84,"column":8},"end":{"line":92,"column":null}},"32":{"start":{"line":85,"column":10},"end":{"line":91,"column":null}},"33":{"start":{"line":93,"column":20},"end":{"line":93,"column":38}},"34":{"start":{"line":94,"column":20},"end":{"line":94,"column":38}},"35":{"start":{"line":95,"column":25},"end":{"line":95,"column":59}},"36":{"start":{"line":96,"column":28},"end":{"line":96,"column":46}},"37":{"start":{"line":98,"column":8},"end":{"line":98,"column":null}},"38":{"start":{"line":101,"column":8},"end":{"line":106,"column":null}},"39":{"start":{"line":110,"column":4},"end":{"line":115,"column":null}},"40":{"start":{"line":118,"column":28},"end":{"line":121,"column":3}},"41":{"start":{"line":122,"column":2},"end":{"line":122,"column":null}},"42":{"start":{"line":124,"column":2},"end":{"line":132,"column":null}},"43":{"start":{"line":125,"column":4},"end":{"line":131,"column":null}},"44":{"start":{"line":134,"column":2},"end":{"line":134,"column":null}},"45":{"start":{"line":136,"column":2},"end":{"line":136,"column":null}},"46":{"start":{"line":139,"column":0},"end":{"line":139,"column":null}},"47":{"start":{"line":140,"column":0},"end":{"line":140,"column":null}},"48":{"start":{"line":140,"column":22},"end":{"line":140,"column":null}}},"fnMap":{"0":{"name":"CardNumber","decl":{"start":{"line":30,"column":6},"end":{"line":30,"column":16}},"loc":{"start":{"line":30,"column":58},"end":{"line":137,"column":1}}},"1":{"name":"(anonymous_1)","decl":{"start":{"line":63,"column":17},"end":{"line":63,"column":18}},"loc":{"start":{"line":63,"column":26},"end":{"line":108,"column":5}}},"2":{"name":"(anonymous_2)","decl":{"start":{"line":140,"column":22},"end":{"line":140,"column":28}},"loc":{"start":{"line":140,"column":22},"end":{"line":140,"column":null}}}},"branchMap":{"0":{"loc":{"start":{"line":30,"column":43},"end":{"line":30,"column":56}},"type":"cond-expr","locations":[{"start":{"line":30,"column":43},"end":{"line":30,"column":46}},{"start":{"line":30,"column":46},"end":{"line":30,"column":56}}]},"1":{"loc":{"start":{"line":30,"column":43},"end":{"line":30,"column":46}},"type":"binary-expr","locations":[{"start":{"line":30,"column":43},"end":{"line":30,"column":46}},{"start":{"line":30,"column":43},"end":{"line":30,"column":46}}]},"2":{"loc":{"start":{"line":30,"column":46},"end":{"line":30,"column":56}},"type":"binary-expr","locations":[{"start":{"line":30,"column":46},"end":{"line":30,"column":50}},{"start":{"line":30,"column":54},"end":{"line":30,"column":56}}]},"3":{"loc":{"start":{"line":34,"column":11},"end":{"line":34,"column":null}},"type":"cond-expr","locations":[{"start":{"line":34,"column":14},"end":{"line":34,"column":46}},{"start":{"line":34,"column":46},"end":{"line":34,"column":null}}]},"4":{"loc":{"start":{"line":40,"column":2},"end":{"line":48,"column":null}},"type":"if","locations":[{"start":{"line":40,"column":2},"end":{"line":48,"column":null}}]},"5":{"loc":{"start":{"line":51,"column":2},"end":{"line":59,"column":null}},"type":"if","locations":[{"start":{"line":51,"column":2},"end":{"line":59,"column":null}}]},"6":{"loc":{"start":{"line":51,"column":6},"end":{"line":51,"column":69}},"type":"binary-expr","locations":[{"start":{"line":51,"column":6},"end":{"line":51,"column":27}},{"start":{"line":51,"column":31},"end":{"line":51,"column":69}}]},"7":{"loc":{"start":{"line":61,"column":2},"end":{"line":116,"column":null}},"type":"if","locations":[{"start":{"line":61,"column":2},"end":{"line":116,"column":null}}]},"8":{"loc":{"start":{"line":62,"column":4},"end":{"line":108,"column":15}},"type":"binary-expr","locations":[{"start":{"line":62,"column":4},"end":{"line":62,"column":22}},{"start":{"line":63,"column":7},"end":{"line":108,"column":15}}]},"9":{"loc":{"start":{"line":64,"column":6},"end":{"line":77,"column":7}},"type":"if","locations":[{"start":{"line":64,"column":6},"end":{"line":77,"column":7}}]},"10":{"loc":{"start":{"line":65,"column":8},"end":{"line":74,"column":null}},"type":"if","locations":[{"start":{"line":65,"column":8},"end":{"line":74,"column":null}}]},"11":{"loc":{"start":{"line":79,"column":6},"end":{"line":107,"column":null}},"type":"if","locations":[{"start":{"line":79,"column":6},"end":{"line":107,"column":null}},{"start":{"line":82,"column":11},"end":{"line":107,"column":null}}]},"12":{"loc":{"start":{"line":82,"column":11},"end":{"line":107,"column":null}},"type":"if","locations":[{"start":{"line":82,"column":11},"end":{"line":107,"column":null}},{"start":{"line":100,"column":11},"end":{"line":107,"column":null}}]},"13":{"loc":{"start":{"line":84,"column":8},"end":{"line":92,"column":null}},"type":"if","locations":[{"start":{"line":84,"column":8},"end":{"line":92,"column":null}}]},"14":{"loc":{"start":{"line":98,"column":15},"end":{"line":98,"column":55}},"type":"binary-expr","locations":[{"start":{"line":98,"column":15},"end":{"line":98,"column":33}},{"start":{"line":98,"column":37},"end":{"line":98,"column":55}}]},"15":{"loc":{"start":{"line":124,"column":2},"end":{"line":132,"column":null}},"type":"if","locations":[{"start":{"line":124,"column":2},"end":{"line":132,"column":null}}]}},"s":{"0":2,"1":2,"2":2,"3":2,"4":2,"5":2,"6":2,"7":2,"8":2,"9":46,"10":46,"11":46,"12":46,"13":46,"14":46,"15":46,"16":42,"17":2,"18":40,"19":40,"20":4,"21":36,"22":19,"23":5,"24":2,"25":3,"26":14,"27":14,"28":6,"29":8,"30":6,"31":6,"32":2,"33":4,"34":4,"35":4,"36":4,"37":4,"38":2,"39":8,"40":22,"41":22,"42":18,"43":2,"44":16,"45":12,"46":2,"47":2,"48":5},"f":{"0":46,"1":19,"2":5},"b":{"0":[24,22],"1":[46,29],"2":[22,5],"3":[46,0],"4":[2],"5":[4],"6":[40,40],"7":[8],"8":[36,19],"9":[5],"10":[2],"11":[6,8],"12":[6,2],"13":[2],"14":[4,2],"15":[2]}}
,"/Users/zane/playground/string-input/src/date-time.mjs": {"path":"/Users/zane/playground/string-input/src/date-time.mjs","statementMap":{"0":{"start":{"line":1,"column":0},"end":{"line":1,"column":null}},"1":{"start":{"line":2,"column":0},"end":{"line":2,"column":null}},"2":{"start":{"line":4,"column":0},"end":{"line":4,"column":null}},"3":{"start":{"line":5,"column":0},"end":{"line":5,"column":null}},"4":{"start":{"line":6,"column":0},"end":{"line":6,"column":null}},"5":{"start":{"line":7,"column":0},"end":{"line":7,"column":null}},"6":{"start":{"line":8,"column":0},"end":{"line":8,"column":null}},"7":{"start":{"line":9,"column":0},"end":{"line":9,"column":null}},"8":{"start":{"line":10,"column":0},"end":{"line":10,"column":null}},"9":{"start":{"line":11,"column":0},"end":{"line":11,"column":null}},"10":{"start":{"line":12,"column":0},"end":{"line":12,"column":null}},"11":{"start":{"line":59,"column":14},"end":{"line":200,"column":1}},"12":{"start":{"line":59,"column":41},"end":{"line":59,"column":54}},"13":{"start":{"line":62,"column":55},"end":{"line":62,"column":14}},"14":{"start":{"line":62,"column":55},"end":{"line":62,"column":29}},"15":{"start":{"line":62,"column":55},"end":{"line":62,"column":36}},"16":{"start":{"line":62,"column":55},"end":{"line":62,"column":44}},"17":{"start":{"line":62,"column":44},"end":{"line":62,"column":55}},"18":{"start":{"line":63,"column":21},"end":{"line":63,"column":11}},"19":{"start":{"line":63,"column":21},"end":{"line":63,"column":16}},"20":{"start":{"line":65,"column":2},"end":{"line":65,"column":null}},"21":{"start":{"line":69,"column":23},"end":{"line":69,"column":53}},"22":{"start":{"line":70,"column":2},"end":{"line":74,"column":null}},"23":{"start":{"line":71,"column":4},"end":{"line":73,"column":null}},"24":{"start":{"line":76,"column":23},"end":{"line":76,"column":49}},"25":{"start":{"line":77,"column":2},"end":{"line":81,"column":null}},"26":{"start":{"line":78,"column":4},"end":{"line":80,"column":null}},"27":{"start":{"line":83,"column":2},"end":{"line":85,"column":null}},"28":{"start":{"line":84,"column":4},"end":{"line":84,"column":null}},"29":{"start":{"line":87,"column":2},"end":{"line":94,"column":null}},"30":{"start":{"line":88,"column":4},"end":{"line":93,"column":null}},"31":{"start":{"line":96,"column":28},"end":{"line":99,"column":3}},"32":{"start":{"line":100,"column":2},"end":{"line":100,"column":null}},"33":{"start":{"line":105,"column":2},"end":{"line":148,"column":null}},"34":{"start":{"line":106,"column":4},"end":{"line":109,"column":null}},"35":{"start":{"line":111,"column":7},"end":{"line":148,"column":null}},"36":{"start":{"line":112,"column":20},"end":{"line":112,"column":33}},"37":{"start":{"line":113,"column":4},"end":{"line":124,"column":null}},"38":{"start":{"line":126,"column":7},"end":{"line":148,"column":null}},"39":{"start":{"line":127,"column":4},"end":{"line":138,"column":null}},"40":{"start":{"line":140,"column":7},"end":{"line":148,"column":null}},"41":{"start":{"line":141,"column":4},"end":{"line":147,"column":null}},"42":{"start":{"line":150,"column":2},"end":{"line":194,"column":null}},"43":{"start":{"line":151,"column":4},"end":{"line":154,"column":null}},"44":{"start":{"line":156,"column":7},"end":{"line":194,"column":null}},"45":{"start":{"line":157,"column":20},"end":{"line":157,"column":33}},"46":{"start":{"line":158,"column":4},"end":{"line":169,"column":null}},"47":{"start":{"line":171,"column":7},"end":{"line":194,"column":null}},"48":{"start":{"line":172,"column":4},"end":{"line":183,"column":null}},"49":{"start":{"line":185,"column":7},"end":{"line":194,"column":null}},"50":{"start":{"line":187,"column":4},"end":{"line":193,"column":null}},"51":{"start":{"line":195,"column":2},"end":{"line":195,"column":null}},"52":{"start":{"line":197,"column":2},"end":{"line":197,"column":null}},"53":{"start":{"line":199,"column":2},"end":{"line":199,"column":null}},"54":{"start":{"line":202,"column":0},"end":{"line":202,"column":null}},"55":{"start":{"line":203,"column":0},"end":{"line":203,"column":null}},"56":{"start":{"line":203,"column":20},"end":{"line":203,"column":null}},"57":{"start":{"line":205,"column":20},"end":{"line":258,"column":1}},"58":{"start":{"line":215,"column":6},"end":{"line":215,"column":null}},"59":{"start":{"line":206,"column":6},"end":{"line":206,"column":null}},"60":{"start":{"line":207,"column":7},"end":{"line":207,"column":null}},"61":{"start":{"line":208,"column":5},"end":{"line":208,"column":null}},"62":{"start":{"line":209,"column":7},"end":{"line":209,"column":null}},"63":{"start":{"line":210,"column":7},"end":{"line":210,"column":null}},"64":{"start":{"line":211,"column":9},"end":{"line":211,"column":null}},"65":{"start":{"line":212,"column":9},"end":{"line":212,"column":null}},"66":{"start":{"line":213,"column":13},"end":{"line":213,"column":null}},"67":{"start":{"line":214,"column":16},"end":{"line":214,"column":null}},"68":{"start":{"line":216,"column":13},"end":{"line":216,"column":58}},"69":{"start":{"line":217,"column":21},"end":{"line":226,"column":4}},"70":{"start":{"line":227,"column":15},"end":{"line":227,"column":35}},"71":{"start":{"line":229,"column":2},"end":{"line":257,"column":null}},"72":{"start":{"line":230,"column":20},"end":{"line":230,"column":null}},"73":{"start":{"line":231,"column":11},"end":{"line":231,"column":null}},"74":{"start":{"line":232,"column":12},"end":{"line":232,"column":null}},"75":{"start":{"line":233,"column":17},"end":{"line":233,"column":null}},"76":{"start":{"line":234,"column":9},"end":{"line":234,"column":null}},"77":{"start":{"line":235,"column":12},"end":{"line":235,"column":null}},"78":{"start":{"line":236,"column":14},"end":{"line":236,"column":null}},"79":{"start":{"line":237,"column":14},"end":{"line":237,"column":null}},"80":{"start":{"line":238,"column":24},"end":{"line":238,"column":null}},"81":{"start":{"line":239,"column":19},"end":{"line":239,"column":null}},"82":{"start":{"line":240,"column":21},"end":{"line":240,"column":null}},"83":{"start":{"line":241,"column":11},"end":{"line":241,"column":null}},"84":{"start":{"line":245,"column":11},"end":{"line":245,"column":null}},"85":{"start":{"line":246,"column":12},"end":{"line":256,"column":null}}},"fnMap":{"0":{"name":"DateTime","decl":{"start":{"line":59,"column":6},"end":{"line":59,"column":14}},"loc":{"start":{"line":59,"column":56},"end":{"line":200,"column":1}}},"1":{"name":"(anonymous_1)","decl":{"start":{"line":203,"column":20},"end":{"line":203,"column":26}},"loc":{"start":{"line":203,"column":20},"end":{"line":203,"column":null}}},"2":{"name":"createValue","decl":{"start":{"line":205,"column":6},"end":{"line":205,"column":17}},"loc":{"start":{"line":215,"column":6},"end":{"line":258,"column":1}}},"3":{"name":"isDateTimeObject","decl":{"start":{"line":230,"column":4},"end":{"line":230,"column":20}},"loc":{"start":{"line":230,"column":20},"end":{"line":230,"column":null}}},"4":{"name":"getYear","decl":{"start":{"line":231,"column":4},"end":{"line":231,"column":11}},"loc":{"start":{"line":231,"column":11},"end":{"line":231,"column":null}}},"5":{"name":"getMonth","decl":{"start":{"line":232,"column":4},"end":{"line":232,"column":12}},"loc":{"start":{"line":232,"column":12},"end":{"line":232,"column":null}}},"6":{"name":"getDayOfMonth","decl":{"start":{"line":233,"column":4},"end":{"line":233,"column":17}},"loc":{"start":{"line":233,"column":17},"end":{"line":233,"column":null}}},"7":{"name":"isEod","decl":{"start":{"line":234,"column":4},"end":{"line":234,"column":9}},"loc":{"start":{"line":234,"column":9},"end":{"line":234,"column":null}}},"8":{"name":"getHours","decl":{"start":{"line":235,"column":4},"end":{"line":235,"column":12}},"loc":{"start":{"line":235,"column":12},"end":{"line":235,"column":null}}},"9":{"name":"getMinutes","decl":{"start":{"line":236,"column":4},"end":{"line":236,"column":14}},"loc":{"start":{"line":236,"column":14},"end":{"line":236,"column":null}}},"10":{"name":"getSeconds","decl":{"start":{"line":237,"column":4},"end":{"line":237,"column":14}},"loc":{"start":{"line":237,"column":14},"end":{"line":237,"column":null}}},"11":{"name":"getFractionalSeconds","decl":{"start":{"line":238,"column":4},"end":{"line":238,"column":24}},"loc":{"start":{"line":238,"column":24},"end":{"line":238,"column":null}}},"12":{"name":"getMilliseconds","decl":{"start":{"line":239,"column":4},"end":{"line":239,"column":19}},"loc":{"start":{"line":239,"column":19},"end":{"line":239,"column":null}}},"13":{"name":"getTimezoneOffset","decl":{"start":{"line":240,"column":4},"end":{"line":240,"column":21}},"loc":{"start":{"line":240,"column":21},"end":{"line":240,"column":null}}},"14":{"name":"getDate","decl":{"start":{"line":241,"column":4},"end":{"line":241,"column":11}},"loc":{"start":{"line":241,"column":11},"end":{"line":241,"column":null}}},"15":{"name":"valueOf","decl":{"start":{"line":245,"column":4},"end":{"line":245,"column":11}},"loc":{"start":{"line":245,"column":11},"end":{"line":245,"column":null}}},"16":{"name":"toString","decl":{"start":{"line":246,"column":4},"end":{"line":246,"column":12}},"loc":{"start":{"line":246,"column":12},"end":{"line":256,"column":null}}}},"branchMap":{"0":{"loc":{"start":{"line":59,"column":41},"end":{"line":59,"column":54}},"type":"cond-expr","locations":[{"start":{"line":59,"column":41},"end":{"line":59,"column":44}},{"start":{"line":59,"column":44},"end":{"line":59,"column":54}}]},"1":{"loc":{"start":{"line":59,"column":41},"end":{"line":59,"column":44}},"type":"binary-expr","locations":[{"start":{"line":59,"column":41},"end":{"line":59,"column":44}},{"start":{"line":59,"column":41},"end":{"line":59,"column":44}}]},"2":{"loc":{"start":{"line":59,"column":44},"end":{"line":59,"column":54}},"type":"binary-expr","locations":[{"start":{"line":59,"column":44},"end":{"line":59,"column":48}},{"start":{"line":59,"column":52},"end":{"line":59,"column":54}}]},"3":{"loc":{"start":{"line":62,"column":44},"end":{"line":62,"column":55}},"type":"cond-expr","locations":[{"start":{"line":62,"column":47},"end":{"line":62,"column":50}},{"start":{"line":62,"column":50},"end":{"line":62,"column":55}}]},"4":{"loc":{"start":{"line":70,"column":2},"end":{"line":74,"column":null}},"type":"if","locations":[{"start":{"line":70,"column":2},"end":{"line":74,"column":null}}]},"5":{"loc":{"start":{"line":77,"column":2},"end":{"line":81,"column":null}},"type":"if","locations":[{"start":{"line":77,"column":2},"end":{"line":81,"column":null}}]},"6":{"loc":{"start":{"line":83,"column":2},"end":{"line":85,"column":null}},"type":"if","locations":[{"start":{"line":83,"column":2},"end":{"line":85,"column":null}}]},"7":{"loc":{"start":{"line":87,"column":2},"end":{"line":94,"column":null}},"type":"if","locations":[{"start":{"line":87,"column":2},"end":{"line":94,"column":null}}]},"8":{"loc":{"start":{"line":87,"column":6},"end":{"line":87,"column":46}},"type":"binary-expr","locations":[{"start":{"line":87,"column":6},"end":{"line":87,"column":20}},{"start":{"line":87,"column":24},"end":{"line":87,"column":46}}]},"9":{"loc":{"start":{"line":105,"column":2},"end":{"line":148,"column":null}},"type":"if","locations":[{"start":{"line":105,"column":2},"end":{"line":148,"column":null}},{"start":{"line":111,"column":7},"end":{"line":148,"column":null}}]},"10":{"loc":{"start":{"line":111,"column":7},"end":{"line":148,"column":null}},"type":"if","locations":[{"start":{"line":111,"column":7},"end":{"line":148,"column":null}},{"start":{"line":126,"column":7},"end":{"line":148,"column":null}}]},"11":{"loc":{"start":{"line":126,"column":7},"end":{"line":148,"column":null}},"type":"if","locations":[{"start":{"line":126,"column":7},"end":{"line":148,"column":null}},{"start":{"line":140,"column":7},"end":{"line":148,"column":null}}]},"12":{"loc":{"start":{"line":140,"column":7},"end":{"line":148,"column":null}},"type":"if","locations":[{"start":{"line":140,"column":7},"end":{"line":148,"column":null}}]},"13":{"loc":{"start":{"line":140,"column":11},"end":{"line":140,"column":65}},"type":"binary-expr","locations":[{"start":{"line":140,"column":11},"end":{"line":140,"column":28}},{"start":{"line":140,"column":32},"end":{"line":140,"column":65}}]},"14":{"loc":{"start":{"line":140,"column":32},"end":{"line":140,"column":56}},"type":"cond-expr","locations":[{"start":{"line":140,"column":52},"end":{"line":140,"column":55}},{"start":{"line":140,"column":32},"end":{"line":140,"column":56}}]},"15":{"loc":{"start":{"line":140,"column":32},"end":{"line":140,"column":55}},"type":"binary-expr","locations":[{"start":{"line":140,"column":32},"end":{"line":140,"column":55}},{"start":{"line":140,"column":52},"end":{"line":140,"column":55}}]},"16":{"loc":{"start":{"line":150,"column":2},"end":{"line":194,"column":null}},"type":"if","locations":[{"start":{"line":150,"column":2},"end":{"line":194,"column":null}},{"start":{"line":156,"column":7},"end":{"line":194,"column":null}}]},"17":{"loc":{"start":{"line":156,"column":7},"end":{"line":194,"column":null}},"type":"if","locations":[{"start":{"line":156,"column":7},"end":{"line":194,"column":null}},{"start":{"line":171,"column":7},"end":{"line":194,"column":null}}]},"18":{"loc":{"start":{"line":171,"column":7},"end":{"line":194,"column":null}},"type":"if","locations":[{"start":{"line":171,"column":7},"end":{"line":194,"column":null}},{"start":{"line":185,"column":7},"end":{"line":194,"column":null}}]},"19":{"loc":{"start":{"line":185,"column":7},"end":{"line":194,"column":null}},"type":"if","locations":[{"start":{"line":185,"column":7},"end":{"line":194,"column":null}}]},"20":{"loc":{"start":{"line":185,"column":11},"end":{"line":185,"column":65}},"type":"binary-expr","locations":[{"start":{"line":185,"column":11},"end":{"line":185,"column":28}},{"start":{"line":185,"column":32},"end":{"line":185,"column":65}}]},"21":{"loc":{"start":{"line":185,"column":32},"end":{"line":185,"column":56}},"type":"cond-expr","locations":[{"start":{"line":185,"column":52},"end":{"line":185,"column":55}},{"start":{"line":185,"column":32},"end":{"line":185,"column":56}}]},"22":{"loc":{"start":{"line":185,"column":32},"end":{"line":185,"column":55}},"type":"binary-expr","locations":[{"start":{"line":185,"column":32},"end":{"line":185,"column":55}},{"start":{"line":185,"column":52},"end":{"line":185,"column":55}}]}},"s":{"0":2,"1":2,"2":2,"3":2,"4":2,"5":2,"6":2,"7":2,"8":2,"9":2,"10":2,"11":2,"12":87,"13":87,"14":87,"15":87,"16":87,"17":87,"18":87,"19":87,"20":87,"21":81,"22":81,"23":1,"24":81,"25":81,"26":1,"27":81,"28":79,"29":70,"30":2,"31":68,"32":68,"33":66,"34":6,"35":60,"36":1,"37":1,"38":59,"39":3,"40":56,"41":2,"42":62,"43":8,"44":54,"45":1,"46":1,"47":53,"48":3,"49":50,"50":2,"51":58,"52":44,"53":42,"54":2,"55":2,"56":3,"57":2,"58":70,"59":70,"60":70,"61":70,"62":70,"63":70,"64":70,"65":70,"66":70,"67":70,"68":70,"69":70,"70":70,"71":70,"72":6,"73":21,"74":18,"75":18,"76":20,"77":18,"78":18,"79":18,"80":18,"81":18,"82":6,"83":3,"84":48,"85":28},"f":{"0":87,"1":3,"2":70,"3":6,"4":21,"5":18,"6":18,"7":20,"8":18,"9":18,"10":18,"11":18,"12":18,"13":6,"14":3,"15":48,"16":28},"b":{"0":[49,38],"1":[87,54],"2":[38,17],"3":[73,14],"4":[1],"5":[1],"6":[79],"7":[2],"8":[70,2],"9":[6,60],"10":[1,59],"11":[3,56],"12":[2],"13":[56,5],"14":[2,3],"15":[5,5],"16":[8,54],"17":[1,53],"18":[3,50],"19":[2],"20":[50,5],"21":[2,3],"22":[5,5]}}
,"/Users/zane/playground/string-input/src/day.mjs": {"path":"/Users/zane/playground/string-input/src/day.mjs","statementMap":{"0":{"start":{"line":1,"column":0},"end":{"line":1,"column":null}},"1":{"start":{"line":2,"column":0},"end":{"line":2,"column":null}},"2":{"start":{"line":4,"column":0},"end":{"line":4,"column":null}},"3":{"start":{"line":5,"column":0},"end":{"line":5,"column":null}},"4":{"start":{"line":6,"column":0},"end":{"line":6,"column":null}},"5":{"start":{"line":7,"column":0},"end":{"line":7,"column":null}},"6":{"start":{"line":8,"column":0},"end":{"line":8,"column":null}},"7":{"start":{"line":39,"column":9},"end":{"line":120,"column":1}},"8":{"start":{"line":39,"column":36},"end":{"line":39,"column":49}},"9":{"start":{"line":40,"column":27},"end":{"line":40,"column":14}},"10":{"start":{"line":40,"column":27},"end":{"line":40,"column":22}},"11":{"start":{"line":41,"column":21},"end":{"line":41,"column":11}},"12":{"start":{"line":41,"column":21},"end":{"line":41,"column":16}},"13":{"start":{"line":43,"column":2},"end":{"line":43,"column":null}},"14":{"start":{"line":45,"column":20},"end":{"line":45,"column":43}},"15":{"start":{"line":46,"column":18},"end":{"line":46,"column":39}},"16":{"start":{"line":47,"column":23},"end":{"line":47,"column":73}},"17":{"start":{"line":50,"column":4},"end":{"line":52,"column":37}},"18":{"start":{"line":54,"column":2},"end":{"line":70,"column":null}},"19":{"start":{"line":55,"column":4},"end":{"line":60,"column":null}},"20":{"start":{"line":62,"column":7},"end":{"line":70,"column":null}},"21":{"start":{"line":63,"column":4},"end":{"line":69,"column":null}},"22":{"start":{"line":72,"column":28},"end":{"line":75,"column":3}},"23":{"start":{"line":76,"column":2},"end":{"line":76,"column":null}},"24":{"start":{"line":78,"column":22},"end":{"line":78,"column":58}},"25":{"start":{"line":79,"column":15},"end":{"line":81,"column":3}},"26":{"start":{"line":83,"column":2},"end":{"line":88,"column":null}},"27":{"start":{"line":84,"column":4},"end":{"line":84,"column":null}},"28":{"start":{"line":87,"column":4},"end":{"line":87,"column":null}},"29":{"start":{"line":89,"column":14},"end":{"line":89,"column":75}},"30":{"start":{"line":93,"column":15},"end":{"line":93,"column":45}},"31":{"start":{"line":95,"column":2},"end":{"line":97,"column":null}},"32":{"start":{"line":96,"column":4},"end":{"line":96,"column":null}},"33":{"start":{"line":98,"column":2},"end":{"line":100,"column":null}},"34":{"start":{"line":99,"column":4},"end":{"line":99,"column":null}},"35":{"start":{"line":102,"column":2},"end":{"line":102,"column":null}},"36":{"start":{"line":105,"column":2},"end":{"line":113,"column":null}},"37":{"start":{"line":106,"column":4},"end":{"line":112,"column":null}},"38":{"start":{"line":115,"column":16},"end":{"line":115,"column":55}},"39":{"start":{"line":117,"column":2},"end":{"line":117,"column":null}},"40":{"start":{"line":119,"column":2},"end":{"line":119,"column":null}},"41":{"start":{"line":122,"column":0},"end":{"line":122,"column":null}},"42":{"start":{"line":123,"column":0},"end":{"line":123,"column":null}},"43":{"start":{"line":123,"column":15},"end":{"line":123,"column":null}},"44":{"start":{"line":125,"column":21},"end":{"line":151,"column":1}},"45":{"start":{"line":126,"column":2},"end":{"line":148,"column":3}},"46":{"start":{"line":127,"column":4},"end":{"line":127,"column":null}},"47":{"start":{"line":129,"column":7},"end":{"line":148,"column":3}},"48":{"start":{"line":130,"column":17},"end":{"line":130,"column":32}},"49":{"start":{"line":132,"column":4},"end":{"line":134,"column":null}},"50":{"start":{"line":136,"column":7},"end":{"line":148,"column":3}},"51":{"start":{"line":137,"column":4},"end":{"line":139,"column":null}},"52":{"start":{"line":141,"column":7},"end":{"line":148,"column":3}},"53":{"start":{"line":142,"column":4},"end":{"line":147,"column":null}},"54":{"start":{"line":150,"column":2},"end":{"line":150,"column":null}},"55":{"start":{"line":153,"column":20},"end":{"line":162,"column":2}},"56":{"start":{"line":153,"column":26},"end":{"line":153,"column":25}},"57":{"start":{"line":153,"column":33},"end":{"line":153,"column":32}},"58":{"start":{"line":153,"column":39},"end":{"line":153,"column":38}},"59":{"start":{"line":153,"column":45},"end":{"line":153,"column":44}},"60":{"start":{"line":153,"column":45},"end":{"line":162,"column":2}},"61":{"start":{"line":154,"column":13},"end":{"line":154,"column":null}},"62":{"start":{"line":155,"column":15},"end":{"line":155,"column":null}},"63":{"start":{"line":156,"column":10},"end":{"line":156,"column":null}},"64":{"start":{"line":157,"column":9},"end":{"line":157,"column":null}},"65":{"start":{"line":158,"column":9},"end":{"line":158,"column":null}},"66":{"start":{"line":159,"column":9},"end":{"line":159,"column":null}},"67":{"start":{"line":160,"column":10},"end":{"line":161,"column":null}}},"fnMap":{"0":{"name":"Day","decl":{"start":{"line":39,"column":6},"end":{"line":39,"column":9}},"loc":{"start":{"line":39,"column":51},"end":{"line":120,"column":1}}},"1":{"name":"(anonymous_1)","decl":{"start":{"line":123,"column":15},"end":{"line":123,"column":21}},"loc":{"start":{"line":123,"column":15},"end":{"line":123,"column":null}}},"2":{"name":"convertToDay","decl":{"start":{"line":125,"column":6},"end":{"line":125,"column":18}},"loc":{"start":{"line":125,"column":58},"end":{"line":151,"column":1}}},"3":{"name":"createValue","decl":{"start":{"line":153,"column":6},"end":{"line":153,"column":17}},"loc":{"start":{"line":153,"column":17},"end":{"line":162,"column":2}}},"4":{"name":"isDayObject","decl":{"start":{"line":154,"column":2},"end":{"line":154,"column":13}},"loc":{"start":{"line":154,"column":13},"end":{"line":154,"column":null}}},"5":{"name":"getDayOfMonth","decl":{"start":{"line":155,"column":2},"end":{"line":155,"column":15}},"loc":{"start":{"line":155,"column":15},"end":{"line":155,"column":null}}},"6":{"name":"getMonth","decl":{"start":{"line":156,"column":2},"end":{"line":156,"column":10}},"loc":{"start":{"line":156,"column":10},"end":{"line":156,"column":null}}},"7":{"name":"getYear","decl":{"start":{"line":157,"column":2},"end":{"line":157,"column":9}},"loc":{"start":{"line":157,"column":9},"end":{"line":157,"column":null}}},"8":{"name":"getDate","decl":{"start":{"line":158,"column":2},"end":{"line":158,"column":9}},"loc":{"start":{"line":158,"column":9},"end":{"line":158,"column":null}}},"9":{"name":"valueOf","decl":{"start":{"line":159,"column":2},"end":{"line":159,"column":9}},"loc":{"start":{"line":159,"column":9},"end":{"line":159,"column":null}}},"10":{"name":"toString","decl":{"start":{"line":160,"column":2},"end":{"line":160,"column":10}},"loc":{"start":{"line":160,"column":10},"end":{"line":161,"column":null}}}},"branchMap":{"0":{"loc":{"start":{"line":39,"column":36},"end":{"line":39,"column":49}},"type":"cond-expr","locations":[{"start":{"line":39,"column":36},"end":{"line":39,"column":39}},{"start":{"line":39,"column":39},"end":{"line":39,"column":49}}]},"1":{"loc":{"start":{"line":39,"column":36},"end":{"line":39,"column":39}},"type":"binary-expr","locations":[{"start":{"line":39,"column":36},"end":{"line":39,"column":39}},{"start":{"line":39,"column":36},"end":{"line":39,"column":39}}]},"2":{"loc":{"start":{"line":39,"column":39},"end":{"line":39,"column":49}},"type":"binary-expr","locations":[{"start":{"line":39,"column":39},"end":{"line":39,"column":43}},{"start":{"line":39,"column":47},"end":{"line":39,"column":49}}]},"3":{"loc":{"start":{"line":50,"column":5},"end":{"line":50,"column":31}},"type":"cond-expr","locations":[{"start":{"line":50,"column":26},"end":{"line":50,"column":27}},{"start":{"line":50,"column":30},"end":{"line":50,"column":31}}]},"4":{"loc":{"start":{"line":51,"column":7},"end":{"line":51,"column":31}},"type":"cond-expr","locations":[{"start":{"line":51,"column":26},"end":{"line":51,"column":27}},{"start":{"line":51,"column":30},"end":{"line":51,"column":31}}]},"5":{"loc":{"start":{"line":52,"column":7},"end":{"line":52,"column":36}},"type":"cond-expr","locations":[{"start":{"line":52,"column":31},"end":{"line":52,"column":32}},{"start":{"line":52,"column":35},"end":{"line":52,"column":36}}]},"6":{"loc":{"start":{"line":54,"column":2},"end":{"line":70,"column":null}},"type":"if","locations":[{"start":{"line":54,"column":2},"end":{"line":70,"column":null}},{"start":{"line":62,"column":7},"end":{"line":70,"column":null}}]},"7":{"loc":{"start":{"line":62,"column":7},"end":{"line":70,"column":null}},"type":"if","locations":[{"start":{"line":62,"column":7},"end":{"line":70,"column":null}}]},"8":{"loc":{"start":{"line":78,"column":22},"end":{"line":78,"column":58}},"type":"binary-expr","locations":[{"start":{"line":78,"column":22},"end":{"line":78,"column":36}},{"start":{"line":78,"column":40},"end":{"line":78,"column":52}},{"start":{"line":78,"column":56},"end":{"line":78,"column":58}}]},"9":{"loc":{"start":{"line":78,"column":22},"end":{"line":78,"column":36}},"type":"cond-expr","locations":[{"start":{"line":78,"column":31},"end":{"line":78,"column":34}},{"start":{"line":78,"column":22},"end":{"line":78,"column":36}}]},"10":{"loc":{"start":{"line":78,"column":22},"end":{"line":78,"column":34}},"type":"binary-expr","locations":[{"start":{"line":78,"column":22},"end":{"line":78,"column":34}},{"start":{"line":78,"column":22},"end":{"line":78,"column":34}}]},"11":{"loc":{"start":{"line":78,"column":40},"end":{"line":78,"column":52}},"type":"cond-expr","locations":[{"start":{"line":78,"column":47},"end":{"line":78,"column":50}},{"start":{"line":78,"column":40},"end":{"line":78,"column":52}}]},"12":{"loc":{"start":{"line":78,"column":40},"end":{"line":78,"column":50}},"type":"binary-expr","locations":[{"start":{"line":78,"column":40},"end":{"line":78,"column":50}},{"start":{"line":78,"column":40},"end":{"line":78,"column":50}}]},"13":{"loc":{"start":{"line":80,"column":19},"end":{"line":80,"column":null}},"type":"binary-expr","locations":[{"start":{"line":80,"column":19},"end":{"line":80,"column":33}},{"start":{"line":80,"column":37},"end":{"line":80,"column":49}},{"start":{"line":80,"column":53},"end":{"line":80,"column":70}}]},"14":{"loc":{"start":{"line":80,"column":19},"end":{"line":80,"column":33}},"type":"cond-expr","locations":[{"start":{"line":80,"column":28},"end":{"line":80,"column":31}},{"start":{"line":80,"column":19},"end":{"line":80,"column":33}}]},"15":{"loc":{"start":{"line":80,"column":19},"end":{"line":80,"column":31}},"type":"binary-expr","locations":[{"start":{"line":80,"column":19},"end":{"line":80,"column":31}},{"start":{"line":80,"column":19},"end":{"line":80,"column":31}}]},"16":{"loc":{"start":{"line":80,"column":37},"end":{"line":80,"column":49}},"type":"cond-expr","locations":[{"start":{"line":80,"column":44},"end":{"line":80,"column":47}},{"start":{"line":80,"column":37},"end":{"line":80,"column":49}}]},"17":{"loc":{"start":{"line":80,"column":37},"end":{"line":80,"column":47}},"type":"binary-expr","locations":[{"start":{"line":80,"column":37},"end":{"line":80,"column":47}},{"start":{"line":80,"column":37},"end":{"line":80,"column":47}}]},"18":{"loc":{"start":{"line":80,"column":53},"end":{"line":80,"column":70}},"type":"cond-expr","locations":[{"start":{"line":80,"column":65},"end":{"line":80,"column":68}},{"start":{"line":80,"column":53},"end":{"line":80,"column":70}}]},"19":{"loc":{"start":{"line":80,"column":53},"end":{"line":80,"column":68}},"type":"binary-expr","locations":[{"start":{"line":80,"column":53},"end":{"line":80,"column":68}},{"start":{"line":80,"column":53},"end":{"line":80,"column":68}}]},"20":{"loc":{"start":{"line":83,"column":2},"end":{"line":88,"column":null}},"type":"if","locations":[{"start":{"line":83,"column":2},"end":{"line":88,"column":null}},{"start":{"line":86,"column":7},"end":{"line":88,"column":null}}]},"21":{"loc":{"start":{"line":87,"column":21},"end":{"line":87,"column":52}},"type":"binary-expr","locations":[{"start":{"line":87,"column":21},"end":{"line":87,"column":35}},{"start":{"line":87,"column":39},"end":{"line":87,"column":51}}]},"22":{"loc":{"start":{"line":87,"column":21},"end":{"line":87,"column":35}},"type":"cond-expr","locations":[{"start":{"line":87,"column":30},"end":{"line":87,"column":33}},{"start":{"line":87,"column":21},"end":{"line":87,"column":35}}]},"23":{"loc":{"start":{"line":87,"column":21},"end":{"line":87,"column":33}},"type":"binary-expr","locations":[{"start":{"line":87,"column":21},"end":{"line":87,"column":33}},{"start":{"line":87,"column":21},"end":{"line":87,"column":33}}]},"24":{"loc":{"start":{"line":87,"column":39},"end":{"line":87,"column":51}},"type":"cond-expr","locations":[{"start":{"line":87,"column":46},"end":{"line":87,"column":49}},{"start":{"line":87,"column":39},"end":{"line":87,"column":51}}]},"25":{"loc":{"start":{"line":87,"column":39},"end":{"line":87,"column":49}},"type":"binary-expr","locations":[{"start":{"line":87,"column":39},"end":{"line":87,"column":49}},{"start":{"line":87,"column":39},"end":{"line":87,"column":49}}]},"26":{"loc":{"start":{"line":89,"column":23},"end":{"line":89,"column":75}},"type":"binary-expr","locations":[{"start":{"line":89,"column":23},"end":{"line":89,"column":37}},{"start":{"line":89,"column":41},"end":{"line":89,"column":53}},{"start":{"line":89,"column":57},"end":{"line":89,"column":74}}]},"27":{"loc":{"start":{"line":89,"column":23},"end":{"line":89,"column":37}},"type":"cond-expr","locations":[{"start":{"line":89,"column":32},"end":{"line":89,"column":35}},{"start":{"line":89,"column":23},"end":{"line":89,"column":37}}]},"28":{"loc":{"start":{"line":89,"column":23},"end":{"line":89,"column":35}},"type":"binary-expr","locations":[{"start":{"line":89,"column":23},"end":{"line":89,"column":35}},{"start":{"line":89,"column":23},"end":{"line":89,"column":35}}]},"29":{"loc":{"start":{"line":89,"column":41},"end":{"line":89,"column":53}},"type":"cond-expr","locations":[{"start":{"line":89,"column":48},"end":{"line":89,"column":51}},{"start":{"line":89,"column":41},"end":{"line":89,"column":53}}]},"30":{"loc":{"start":{"line":89,"column":41},"end":{"line":89,"column":51}},"type":"binary-expr","locations":[{"start":{"line":89,"column":41},"end":{"line":89,"column":51}},{"start":{"line":89,"column":41},"end":{"line":89,"column":51}}]},"31":{"loc":{"start":{"line":89,"column":57},"end":{"line":89,"column":74}},"type":"cond-expr","locations":[{"start":{"line":89,"column":69},"end":{"line":89,"column":72}},{"start":{"line":89,"column":57},"end":{"line":89,"column":74}}]},"32":{"loc":{"start":{"line":89,"column":57},"end":{"line":89,"column":72}},"type":"binary-expr","locations":[{"start":{"line":89,"column":57},"end":{"line":89,"column":72}},{"start":{"line":89,"column":57},"end":{"line":89,"column":72}}]},"33":{"loc":{"start":{"line":95,"column":2},"end":{"line":97,"column":null}},"type":"if","locations":[{"start":{"line":95,"column":2},"end":{"line":97,"column":null}}]},"34":{"loc":{"start":{"line":98,"column":2},"end":{"line":100,"column":null}},"type":"if","locations":[{"start":{"line":98,"column":2},"end":{"line":100,"column":null}}]},"35":{"loc":{"start":{"line":105,"column":2},"end":{"line":113,"column":null}},"type":"if","locations":[{"start":{"line":105,"column":2},"end":{"line":113,"column":null}}]},"36":{"loc":{"start":{"line":126,"column":2},"end":{"line":148,"column":3}},"type":"if","locations":[{"start":{"line":126,"column":2},"end":{"line":148,"column":3}},{"start":{"line":129,"column":7},"end":{"line":148,"column":3}}]},"37":{"loc":{"start":{"line":129,"column":7},"end":{"line":148,"column":3}},"type":"if","locations":[{"start":{"line":129,"column":7},"end":{"line":148,"column":3}},{"start":{"line":136,"column":7},"end":{"line":148,"column":3}}]},"38":{"loc":{"start":{"line":136,"column":7},"end":{"line":148,"column":3}},"type":"if","locations":[{"start":{"line":136,"column":7},"end":{"line":148,"column":3}},{"start":{"line":141,"column":7},"end":{"line":148,"column":3}}]},"39":{"loc":{"start":{"line":141,"column":7},"end":{"line":148,"column":3}},"type":"if","locations":[{"start":{"line":141,"column":7},"end":{"line":148,"column":3}}]},"40":{"loc":{"start":{"line":141,"column":11},"end":{"line":141,"column":33}},"type":"binary-expr","locations":[{"start":{"line":141,"column":11},"end":{"line":141,"column":32}},{"start":{"line":141,"column":29},"end":{"line":141,"column":32}},{"start":{"line":141,"column":12},"end":{"line":141,"column":33}}]}},"s":{"0":2,"1":2,"2":2,"3":2,"4":2,"5":2,"6":2,"7":2,"8":90,"9":90,"10":90,"11":90,"12":90,"13":90,"14":83,"15":83,"16":83,"17":83,"18":83,"19":2,"20":81,"21":6,"22":75,"23":75,"24":73,"25":73,"26":73,"27":51,"28":22,"29":73,"30":73,"31":73,"32":17,"33":69,"34":17,"35":65,"36":49,"37":2,"38":47,"39":47,"40":45,"41":2,"42":2,"43":3,"44":2,"45":34,"46":12,"47":22,"48":6,"49":6,"50":16,"51":6,"52":10,"53":4,"54":6,"55":2,"56":47,"57":47,"58":47,"59":47,"60":47,"61":6,"62":19,"63":19,"64":22,"65":1,"66":27,"67":32},"f":{"0":90,"1":3,"2":34,"3":47,"4":6,"5":19,"6":19,"7":22,"8":1,"9":27,"10":32},"b":{"0":[45,45],"1":[90,52],"2":[45,25],"3":[19,64],"4":[7,76],"5":[53,30],"6":[2,81],"7":[6],"8":[73,72,71],"9":[56,17],"10":[73,17],"11":[67,5],"12":[72,5],"13":[73,56,51],"14":[56,17],"15":[73,17],"16":[51,5],"17":[56,5],"18":[0,51],"19":[51,51],"20":[51,22],"21":[22,5],"22":[5,17],"23":[22,17],"24":[0,5],"25":[5,5],"26":[73,56,51],"27":[56,17],"28":[73,17],"29":[51,5],"30":[56,5],"31":[0,51],"32":[51,51],"33":[17],"34":[17],"35":[2],"36":[12,22],"37":[6,16],"38":[6,10],"39":[4],"40":[10,10,6]}}
,"/Users/zane/playground/string-input/src/ein.mjs": {"path":"/Users/zane/playground/string-input/src/ein.mjs","statementMap":{"0":{"start":{"line":1,"column":0},"end":{"line":1,"column":null}},"1":{"start":{"line":2,"column":0},"end":{"line":2,"column":null}},"2":{"start":{"line":4,"column":0},"end":{"line":4,"column":null}},"3":{"start":{"line":5,"column":0},"end":{"line":5,"column":null}},"4":{"start":{"line":6,"column":0},"end":{"line":6,"column":null}},"5":{"start":{"line":21,"column":9},"end":{"line":46,"column":1}},"6":{"start":{"line":21,"column":36},"end":{"line":21,"column":49}},"7":{"start":{"line":22,"column":27},"end":{"line":22,"column":14}},"8":{"start":{"line":22,"column":27},"end":{"line":22,"column":22}},"9":{"start":{"line":24,"column":2},"end":{"line":24,"column":null}},"10":{"start":{"line":26,"column":19},"end":{"line":26,"column":37}},"11":{"start":{"line":27,"column":2},"end":{"line":34,"column":null}},"12":{"start":{"line":28,"column":4},"end":{"line":33,"column":null}},"13":{"start":{"line":35,"column":28},"end":{"line":38,"column":3}},"14":{"start":{"line":39,"column":2},"end":{"line":39,"column":null}},"15":{"start":{"line":41,"column":16},"end":{"line":41,"column":57}},"16":{"start":{"line":43,"column":2},"end":{"line":43,"column":null}},"17":{"start":{"line":45,"column":2},"end":{"line":45,"column":null}},"18":{"start":{"line":48,"column":0},"end":{"line":48,"column":null}},"19":{"start":{"line":49,"column":0},"end":{"line":49,"column":null}},"20":{"start":{"line":49,"column":15},"end":{"line":49,"column":null}}},"fnMap":{"0":{"name":"EIN","decl":{"start":{"line":21,"column":6},"end":{"line":21,"column":9}},"loc":{"start":{"line":21,"column":51},"end":{"line":46,"column":1}}},"1":{"name":"(anonymous_1)","decl":{"start":{"line":49,"column":15},"end":{"line":49,"column":21}},"loc":{"start":{"line":49,"column":15},"end":{"line":49,"column":null}}}},"branchMap":{"0":{"loc":{"start":{"line":21,"column":36},"end":{"line":21,"column":49}},"type":"cond-expr","locations":[{"start":{"line":21,"column":36},"end":{"line":21,"column":39}},{"start":{"line":21,"column":39},"end":{"line":21,"column":49}}]},"1":{"loc":{"start":{"line":21,"column":36},"end":{"line":21,"column":39}},"type":"binary-expr","locations":[{"start":{"line":21,"column":36},"end":{"line":21,"column":39}},{"start":{"line":21,"column":36},"end":{"line":21,"column":39}}]},"2":{"loc":{"start":{"line":21,"column":39},"end":{"line":21,"column":49}},"type":"binary-expr","locations":[{"start":{"line":21,"column":39},"end":{"line":21,"column":43}},{"start":{"line":21,"column":47},"end":{"line":21,"column":49}}]},"3":{"loc":{"start":{"line":27,"column":2},"end":{"line":34,"column":null}},"type":"if","locations":[{"start":{"line":27,"column":2},"end":{"line":34,"column":null}}]}},"s":{"0":2,"1":2,"2":2,"3":2,"4":2,"5":2,"6":18,"7":18,"8":18,"9":18,"10":18,"11":18,"12":6,"13":12,"14":12,"15":8,"16":8,"17":4,"18":2,"19":2,"20":5},"f":{"0":18,"1":5},"b":{"0":[9,9],"1":[18,11],"2":[9,2],"3":[6]}}
,"/Users/zane/playground/string-input/src/email.mjs": {"path":"/Users/zane/playground/string-input/src/email.mjs","statementMap":{"0":{"start":{"line":1,"column":0},"end":{"line":1,"column":null}},"1":{"start":{"line":2,"column":0},"end":{"line":2,"column":null}},"2":{"start":{"line":4,"column":0},"end":{"line":4,"column":null}},"3":{"start":{"line":106,"column":11},"end":{"line":134,"column":1}},"4":{"start":{"line":106,"column":38},"end":{"line":106,"column":51}},"5":{"start":{"line":107,"column":27},"end":{"line":107,"column":14}},"6":{"start":{"line":107,"column":27},"end":{"line":107,"column":22}},"7":{"start":{"line":109,"column":2},"end":{"line":109,"column":null}},"8":{"start":{"line":111,"column":2},"end":{"line":113,"column":null}},"9":{"start":{"line":112,"column":4},"end":{"line":112,"column":null}},"10":{"start":{"line":115,"column":17},"end":{"line":115,"column":46}},"11":{"start":{"line":116,"column":30},"end":{"line":116,"column":16}},"12":{"start":{"line":116,"column":30},"end":{"line":116,"column":25}},"13":{"start":{"line":117,"column":2},"end":{"line":117,"column":null}},"14":{"start":{"line":118,"column":2},"end":{"line":118,"column":null}},"15":{"start":{"line":120,"column":2},"end":{"line":131,"column":null}},"16":{"start":{"line":121,"column":4},"end":{"line":124,"column":null}},"17":{"start":{"line":123,"column":6},"end":{"line":123,"column":null}},"18":{"start":{"line":125,"column":4},"end":{"line":130,"column":null}},"19":{"start":{"line":133,"column":2},"end":{"line":133,"column":null}},"20":{"start":{"line":136,"column":0},"end":{"line":136,"column":null}},"21":{"start":{"line":137,"column":0},"end":{"line":137,"column":null}},"22":{"start":{"line":137,"column":17},"end":{"line":137,"column":null}}},"fnMap":{"0":{"name":"Email","decl":{"start":{"line":106,"column":6},"end":{"line":106,"column":11}},"loc":{"start":{"line":106,"column":53},"end":{"line":134,"column":1}}},"1":{"name":"(anonymous_2)","decl":{"start":{"line":137,"column":17},"end":{"line":137,"column":23}},"loc":{"start":{"line":137,"column":17},"end":{"line":137,"column":null}}}},"branchMap":{"0":{"loc":{"start":{"line":106,"column":38},"end":{"line":106,"column":51}},"type":"cond-expr","locations":[{"start":{"line":106,"column":38},"end":{"line":106,"column":41}},{"start":{"line":106,"column":41},"end":{"line":106,"column":51}}]},"1":{"loc":{"start":{"line":106,"column":38},"end":{"line":106,"column":41}},"type":"binary-expr","locations":[{"start":{"line":106,"column":38},"end":{"line":106,"column":41}},{"start":{"line":106,"column":38},"end":{"line":106,"column":41}}]},"2":{"loc":{"start":{"line":106,"column":41},"end":{"line":106,"column":51}},"type":"binary-expr","locations":[{"start":{"line":106,"column":41},"end":{"line":106,"column":45}},{"start":{"line":106,"column":49},"end":{"line":106,"column":51}}]},"3":{"loc":{"start":{"line":111,"column":2},"end":{"line":113,"column":null}},"type":"if","locations":[{"start":{"line":111,"column":2},"end":{"line":113,"column":null}}]},"4":{"loc":{"start":{"line":120,"column":2},"end":{"line":131,"column":null}},"type":"if","locations":[{"start":{"line":120,"column":2},"end":{"line":131,"column":null}}]},"5":{"loc":{"start":{"line":121,"column":4},"end":{"line":124,"column":null}},"type":"if","locations":[{"start":{"line":121,"column":4},"end":{"line":124,"column":null}}]}},"s":{"0":2,"1":2,"2":2,"3":2,"4":46,"5":46,"6":46,"7":46,"8":46,"9":9,"10":46,"11":46,"12":46,"13":46,"14":46,"15":46,"16":36,"17":0,"18":36,"19":10,"20":2,"21":2,"22":1},"f":{"0":46,"1":1},"b":{"0":[25,21],"1":[46,28],"2":[21,3],"3":[9],"4":[36],"5":[0]}}
,"/Users/zane/playground/string-input/src/integer.mjs": {"path":"/Users/zane/playground/string-input/src/integer.mjs","statementMap":{"0":{"start":{"line":1,"column":0},"end":{"line":1,"column":null}},"1":{"start":{"line":2,"column":0},"end":{"line":2,"column":null}},"2":{"start":{"line":4,"column":0},"end":{"line":4,"column":null}},"3":{"start":{"line":5,"column":0},"end":{"line":5,"column":null}},"4":{"start":{"line":6,"column":0},"end":{"line":6,"column":null}},"5":{"start":{"line":7,"column":0},"end":{"line":7,"column":null}},"6":{"start":{"line":9,"column":20},"end":{"line":9,"column":29}},"7":{"start":{"line":29,"column":13},"end":{"line":73,"column":1}},"8":{"start":{"line":29,"column":40},"end":{"line":29,"column":53}},"9":{"start":{"line":30,"column":69},"end":{"line":30,"column":14}},"10":{"start":{"line":30,"column":69},"end":{"line":30,"column":33}},"11":{"start":{"line":30,"column":69},"end":{"line":30,"column":46}},"12":{"start":{"line":30,"column":69},"end":{"line":30,"column":51}},"13":{"start":{"line":30,"column":69},"end":{"line":30,"column":56}},"14":{"start":{"line":30,"column":69},"end":{"line":30,"column":64}},"15":{"start":{"line":32,"column":2},"end":{"line":32,"column":null}},"16":{"start":{"line":34,"column":2},"end":{"line":53,"column":null}},"17":{"start":{"line":35,"column":16},"end":{"line":35,"column":50}},"18":{"start":{"line":36,"column":4},"end":{"line":38,"column":null}},"19":{"start":{"line":37,"column":6},"end":{"line":37,"column":null}},"20":{"start":{"line":39,"column":4},"end":{"line":44,"column":null}},"21":{"start":{"line":46,"column":7},"end":{"line":53,"column":null}},"22":{"start":{"line":47,"column":4},"end":{"line":52,"column":null}},"23":{"start":{"line":55,"column":28},"end":{"line":58,"column":3}},"24":{"start":{"line":59,"column":2},"end":{"line":59,"column":null}},"25":{"start":{"line":60,"column":16},"end":{"line":60,"column":31}},"26":{"start":{"line":61,"column":2},"end":{"line":61,"column":null}},"27":{"start":{"line":62,"column":2},"end":{"line":69,"column":null}},"28":{"start":{"line":63,"column":4},"end":{"line":68,"column":null}},"29":{"start":{"line":70,"column":2},"end":{"line":70,"column":null}},"30":{"start":{"line":72,"column":2},"end":{"line":72,"column":null}},"31":{"start":{"line":75,"column":0},"end":{"line":75,"column":null}},"32":{"start":{"line":76,"column":0},"end":{"line":76,"column":null}},"33":{"start":{"line":76,"column":19},"end":{"line":76,"column":null}}},"fnMap":{"0":{"name":"Integer","decl":{"start":{"line":29,"column":6},"end":{"line":29,"column":13}},"loc":{"start":{"line":29,"column":55},"end":{"line":73,"column":1}}},"1":{"name":"(anonymous_1)","decl":{"start":{"line":76,"column":19},"end":{"line":76,"column":25}},"loc":{"start":{"line":76,"column":19},"end":{"line":76,"column":null}}}},"branchMap":{"0":{"loc":{"start":{"line":29,"column":40},"end":{"line":29,"column":53}},"type":"cond-expr","locations":[{"start":{"line":29,"column":40},"end":{"line":29,"column":43}},{"start":{"line":29,"column":43},"end":{"line":29,"column":53}}]},"1":{"loc":{"start":{"line":29,"column":40},"end":{"line":29,"column":43}},"type":"binary-expr","locations":[{"start":{"line":29,"column":40},"end":{"line":29,"column":43}},{"start":{"line":29,"column":40},"end":{"line":29,"column":43}}]},"2":{"loc":{"start":{"line":29,"column":43},"end":{"line":29,"column":53}},"type":"binary-expr","locations":[{"start":{"line":29,"column":43},"end":{"line":29,"column":47}},{"start":{"line":29,"column":51},"end":{"line":29,"column":53}}]},"3":{"loc":{"start":{"line":34,"column":2},"end":{"line":53,"column":null}},"type":"if","locations":[{"start":{"line":34,"column":2},"end":{"line":53,"column":null}},{"start":{"line":46,"column":7},"end":{"line":53,"column":null}}]},"4":{"loc":{"start":{"line":34,"column":6},"end":{"line":34,"column":67}},"type":"binary-expr","locations":[{"start":{"line":34,"column":6},"end":{"line":34,"column":32}},{"start":{"line":34,"column":36},"end":{"line":34,"column":67}}]},"5":{"loc":{"start":{"line":36,"column":4},"end":{"line":38,"column":null}},"type":"if","locations":[{"start":{"line":36,"column":4},"end":{"line":38,"column":null}}]},"6":{"loc":{"start":{"line":46,"column":7},"end":{"line":53,"column":null}},"type":"if","locations":[{"start":{"line":46,"column":7},"end":{"line":53,"column":null}}]},"7":{"loc":{"start":{"line":46,"column":11},"end":{"line":46,"column":74}},"type":"binary-expr","locations":[{"start":{"line":46,"column":11},"end":{"line":46,"column":37}},{"start":{"line":46,"column":41},"end":{"line":46,"column":74}}]},"8":{"loc":{"start":{"line":62,"column":2},"end":{"line":69,"column":null}},"type":"if","locations":[{"start":{"line":62,"column":2},"end":{"line":69,"column":null}}]},"9":{"loc":{"start":{"line":62,"column":6},"end":{"line":62,"column":60}},"type":"binary-expr","locations":[{"start":{"line":62,"column":6},"end":{"line":62,"column":31}},{"start":{"line":62,"column":35},"end":{"line":62,"column":60}}]}},"s":{"0":2,"1":2,"2":2,"3":2,"4":2,"5":2,"6":2,"7":2,"8":33,"9":33,"10":33,"11":33,"12":33,"13":33,"14":33,"15":33,"16":27,"17":6,"18":6,"19":2,"20":6,"21":21,"22":2,"23":19,"24":19,"25":17,"26":17,"27":13,"28":2,"29":11,"30":9,"31":2,"32":2,"33":3},"f":{"0":33,"1":3},"b":{"0":[19,14],"1":[33,21],"2":[14,2],"3":[6,21],"4":[27,23],"5":[2],"6":[2],"7":[21,4],"8":[2],"9":[13,3]}}
,"/Users/zane/playground/string-input/src/numeric.mjs": {"path":"/Users/zane/playground/string-input/src/numeric.mjs","statementMap":{"0":{"start":{"line":1,"column":0},"end":{"line":1,"column":null}},"1":{"start":{"line":3,"column":0},"end":{"line":3,"column":null}},"2":{"start":{"line":4,"column":0},"end":{"line":4,"column":null}},"3":{"start":{"line":5,"column":0},"end":{"line":5,"column":null}},"4":{"start":{"line":6,"column":0},"end":{"line":6,"column":null}},"5":{"start":{"line":8,"column":22},"end":{"line":8,"column":34}},"6":{"start":{"line":28,"column":13},"end":{"line":71,"column":1}},"7":{"start":{"line":28,"column":40},"end":{"line":28,"column":53}},"8":{"start":{"line":29,"column":69},"end":{"line":29,"column":14}},"9":{"start":{"line":29,"column":69},"end":{"line":29,"column":33}},"10":{"start":{"line":29,"column":69},"end":{"line":29,"column":46}},"11":{"start":{"line":29,"column":69},"end":{"line":29,"column":51}},"12":{"start":{"line":29,"column":69},"end":{"line":29,"column":56}},"13":{"start":{"line":29,"column":69},"end":{"line":29,"column":64}},"14":{"start":{"line":31,"column":2},"end":{"line":31,"column":null}},"15":{"start":{"line":33,"column":2},"end":{"line":48,"column":null}},"16":{"start":{"line":34,"column":4},"end":{"line":39,"column":null}},"17":{"start":{"line":41,"column":7},"end":{"line":48,"column":null}},"18":{"start":{"line":42,"column":4},"end":{"line":47,"column":null}},"19":{"start":{"line":50,"column":28},"end":{"line":53,"column":3}},"20":{"start":{"line":54,"column":2},"end":{"line":54,"column":null}},"21":{"start":{"line":56,"column":16},"end":{"line":56,"column":29}},"22":{"start":{"line":58,"column":2},"end":{"line":58,"column":null}},"23":{"start":{"line":59,"column":2},"end":{"line":66,"column":null}},"24":{"start":{"line":60,"column":4},"end":{"line":65,"column":null}},"25":{"start":{"line":68,"column":2},"end":{"line":68,"column":null}},"26":{"start":{"line":70,"column":2},"end":{"line":70,"column":null}},"27":{"start":{"line":73,"column":0},"end":{"line":73,"column":null}},"28":{"start":{"line":74,"column":0},"end":{"line":74,"column":null}},"29":{"start":{"line":74,"column":19},"end":{"line":74,"column":null}}},"fnMap":{"0":{"name":"Numeric","decl":{"start":{"line":28,"column":6},"end":{"line":28,"column":13}},"loc":{"start":{"line":28,"column":55},"end":{"line":71,"column":1}}},"1":{"name":"(anonymous_1)","decl":{"start":{"line":74,"column":19},"end":{"line":74,"column":25}},"loc":{"start":{"line":74,"column":19},"end":{"line":74,"column":null}}}},"branchMap":{"0":{"loc":{"start":{"line":28,"column":40},"end":{"line":28,"column":53}},"type":"cond-expr","locations":[{"start":{"line":28,"column":40},"end":{"line":28,"column":43}},{"start":{"line":28,"column":43},"end":{"line":28,"column":53}}]},"1":{"loc":{"start":{"line":28,"column":40},"end":{"line":28,"column":43}},"type":"binary-expr","locations":[{"start":{"line":28,"column":40},"end":{"line":28,"column":43}},{"start":{"line":28,"column":40},"end":{"line":28,"column":43}}]},"2":{"loc":{"start":{"line":28,"column":43},"end":{"line":28,"column":53}},"type":"binary-expr","locations":[{"start":{"line":28,"column":43},"end":{"line":28,"column":47}},{"start":{"line":28,"column":51},"end":{"line":28,"column":53}}]},"3":{"loc":{"start":{"line":33,"column":2},"end":{"line":48,"column":null}},"type":"if","locations":[{"start":{"line":33,"column":2},"end":{"line":48,"column":null}},{"start":{"line":41,"column":7},"end":{"line":48,"column":null}}]},"4":{"loc":{"start":{"line":33,"column":6},"end":{"line":33,"column":70}},"type":"binary-expr","locations":[{"start":{"line":33,"column":6},"end":{"line":33,"column":32}},{"start":{"line":33,"column":36},"end":{"line":33,"column":70}}]},"5":{"loc":{"start":{"line":41,"column":7},"end":{"line":48,"column":null}},"type":"if","locations":[{"start":{"line":41,"column":7},"end":{"line":48,"column":null}}]},"6":{"loc":{"start":{"line":59,"column":2},"end":{"line":66,"column":null}},"type":"if","locations":[{"start":{"line":59,"column":2},"end":{"line":66,"column":null}}]},"7":{"loc":{"start":{"line":59,"column":6},"end":{"line":59,"column":60}},"type":"binary-expr","locations":[{"start":{"line":59,"column":6},"end":{"line":59,"column":31}},{"start":{"line":59,"column":35},"end":{"line":59,"column":60}}]}},"s":{"0":2,"1":2,"2":2,"3":2,"4":2,"5":2,"6":2,"7":27,"8":27,"9":27,"10":27,"11":27,"12":27,"13":27,"14":27,"15":27,"16":2,"17":25,"18":4,"19":21,"20":21,"21":21,"22":21,"23":17,"24":2,"25":15,"26":15,"27":2,"28":2,"29":1},"f":{"0":27,"1":1},"b":{"0":[14,13],"1":[27,21],"2":[13,7],"3":[2,25],"4":[27,26],"5":[4],"6":[2],"7":[17,3]}}
,"/Users/zane/playground/string-input/src/ssn.mjs": {"path":"/Users/zane/playground/string-input/src/ssn.mjs","statementMap":{"0":{"start":{"line":1,"column":0},"end":{"line":1,"column":null}},"1":{"start":{"line":2,"column":0},"end":{"line":2,"column":null}},"2":{"start":{"line":4,"column":0},"end":{"line":4,"column":null}},"3":{"start":{"line":5,"column":0},"end":{"line":5,"column":null}},"4":{"start":{"line":6,"column":0},"end":{"line":6,"column":null}},"5":{"start":{"line":21,"column":9},"end":{"line":46,"column":1}},"6":{"start":{"line":21,"column":36},"end":{"line":21,"column":49}},"7":{"start":{"line":22,"column":27},"end":{"line":22,"column":14}},"8":{"start":{"line":22,"column":27},"end":{"line":22,"column":22}},"9":{"start":{"line":24,"column":2},"end":{"line":24,"column":null}},"10":{"start":{"line":26,"column":19},"end":{"line":26,"column":37}},"11":{"start":{"line":27,"column":2},"end":{"line":34,"column":null}},"12":{"start":{"line":28,"column":4},"end":{"line":33,"column":null}},"13":{"start":{"line":35,"column":28},"end":{"line":38,"column":3}},"14":{"start":{"line":39,"column":2},"end":{"line":39,"column":null}},"15":{"start":{"line":41,"column":13},"end":{"line":41,"column":62}},"16":{"start":{"line":43,"column":2},"end":{"line":43,"column":null}},"17":{"start":{"line":45,"column":2},"end":{"line":45,"column":null}},"18":{"start":{"line":48,"column":0},"end":{"line":48,"column":null}},"19":{"start":{"line":49,"column":0},"end":{"line":49,"column":null}},"20":{"start":{"line":49,"column":15},"end":{"line":49,"column":null}}},"fnMap":{"0":{"name":"SSN","decl":{"start":{"line":21,"column":6},"end":{"line":21,"column":9}},"loc":{"start":{"line":21,"column":51},"end":{"line":46,"column":1}}},"1":{"name":"(anonymous_1)","decl":{"start":{"line":49,"column":15},"end":{"line":49,"column":21}},"loc":{"start":{"line":49,"column":15},"end":{"line":49,"column":null}}}},"branchMap":{"0":{"loc":{"start":{"line":21,"column":36},"end":{"line":21,"column":49}},"type":"cond-expr","locations":[{"start":{"line":21,"column":36},"end":{"line":21,"column":39}},{"start":{"line":21,"column":39},"end":{"line":21,"column":49}}]},"1":{"loc":{"start":{"line":21,"column":36},"end":{"line":21,"column":39}},"type":"binary-expr","locations":[{"start":{"line":21,"column":36},"end":{"line":21,"column":39}},{"start":{"line":21,"column":36},"end":{"line":21,"column":39}}]},"2":{"loc":{"start":{"line":21,"column":39},"end":{"line":21,"column":49}},"type":"binary-expr","locations":[{"start":{"line":21,"column":39},"end":{"line":21,"column":43}},{"start":{"line":21,"column":47},"end":{"line":21,"column":49}}]},"3":{"loc":{"start":{"line":27,"column":2},"end":{"line":34,"column":null}},"type":"if","locations":[{"start":{"line":27,"column":2},"end":{"line":34,"column":null}}]}},"s":{"0":2,"1":2,"2":2,"3":2,"4":2,"5":2,"6":18,"7":18,"8":18,"9":18,"10":18,"11":18,"12":10,"13":8,"14":8,"15":6,"16":6,"17":4,"18":2,"19":2,"20":3},"f":{"0":18,"1":3},"b":{"0":[9,9],"1":[18,11],"2":[9,2],"3":[10]}}
,"/Users/zane/playground/string-input/src/time-of-day.mjs": {"path":"/Users/zane/playground/string-input/src/time-of-day.mjs","statementMap":{"0":{"start":{"line":1,"column":0},"end":{"line":1,"column":null}},"1":{"start":{"line":2,"column":0},"end":{"line":2,"column":null}},"2":{"start":{"line":4,"column":0},"end":{"line":4,"column":null}},"3":{"start":{"line":5,"column":0},"end":{"line":5,"column":null}},"4":{"start":{"line":6,"column":0},"end":{"line":6,"column":null}},"5":{"start":{"line":7,"column":0},"end":{"line":7,"column":null}},"6":{"start":{"line":40,"column":15},"end":{"line":97,"column":1}},"7":{"start":{"line":40,"column":42},"end":{"line":40,"column":55}},"8":{"start":{"line":41,"column":34},"end":{"line":41,"column":14}},"9":{"start":{"line":41,"column":34},"end":{"line":41,"column":21}},"10":{"start":{"line":41,"column":34},"end":{"line":41,"column":29}},"11":{"start":{"line":42,"column":21},"end":{"line":42,"column":11}},"12":{"start":{"line":42,"column":21},"end":{"line":42,"column":16}},"13":{"start":{"line":44,"column":2},"end":{"line":44,"column":null}},"14":{"start":{"line":46,"column":28},"end":{"line":46,"column":55}},"15":{"start":{"line":47,"column":20},"end":{"line":47,"column":39}},"16":{"start":{"line":48,"column":34},"end":{"line":48,"column":67}},"17":{"start":{"line":50,"column":2},"end":{"line":60,"column":null}},"18":{"start":{"line":55,"column":4},"end":{"line":59,"column":null}},"19":{"start":{"line":63,"column":4},"end":{"line":64,"column":49}},"20":{"start":{"line":65,"column":2},"end":{"line":70,"column":null}},"21":{"start":{"line":66,"column":4},"end":{"line":69,"column":null}},"22":{"start":{"line":72,"column":28},"end":{"line":75,"column":3}},"23":{"start":{"line":76,"column":2},"end":{"line":76,"column":null}},"24":{"start":{"line":78,"column":16},"end":{"line":83,"column":4}},"25":{"start":{"line":85,"column":2},"end":{"line":87,"column":null}},"26":{"start":{"line":86,"column":4},"end":{"line":86,"column":null}},"27":{"start":{"line":89,"column":2},"end":{"line":91,"column":null}},"28":{"start":{"line":90,"column":4},"end":{"line":90,"column":null}},"29":{"start":{"line":92,"column":2},"end":{"line":92,"column":null}},"30":{"start":{"line":94,"column":2},"end":{"line":94,"column":null}},"31":{"start":{"line":96,"column":2},"end":{"line":96,"column":null}},"32":{"start":{"line":99,"column":17},"end":{"line":151,"column":1}},"33":{"start":{"line":100,"column":7},"end":{"line":100,"column":6}},"34":{"start":{"line":101,"column":19},"end":{"line":101,"column":18}},"35":{"start":{"line":102,"column":11},"end":{"line":102,"column":10}},"36":{"start":{"line":103,"column":25},"end":{"line":103,"column":24}},"37":{"start":{"line":106,"column":2},"end":{"line":130,"column":null}},"38":{"start":{"line":107,"column":4},"end":{"line":107,"column":null}},"39":{"start":{"line":108,"column":4},"end":{"line":108,"column":null}},"40":{"start":{"line":109,"column":4},"end":{"line":109,"column":null}},"41":{"start":{"line":110,"column":4},"end":{"line":110,"column":null}},"42":{"start":{"line":113,"column":4},"end":{"line":122,"column":null}},"43":{"start":{"line":114,"column":6},"end":{"line":115,"column":null}},"44":{"start":{"line":116,"column":6},"end":{"line":118,"column":null}},"45":{"start":{"line":117,"column":8},"end":{"line":117,"column":null}},"46":{"start":{"line":121,"column":6},"end":{"line":121,"column":null}},"47":{"start":{"line":123,"column":4},"end":{"line":125,"column":null}},"48":{"start":{"line":126,"column":4},"end":{"line":126,"column":null}},"49":{"start":{"line":128,"column":6},"end":{"line":128,"column":59}},"50":{"start":{"line":129,"column":4},"end":{"line":129,"column":null}},"51":{"start":{"line":132,"column":2},"end":{"line":150,"column":null}},"52":{"start":{"line":133,"column":9},"end":{"line":133,"column":null}},"53":{"start":{"line":134,"column":12},"end":{"line":134,"column":null}},"54":{"start":{"line":135,"column":14},"end":{"line":135,"column":null}},"55":{"start":{"line":136,"column":14},"end":{"line":136,"column":null}},"56":{"start":{"line":137,"column":24},"end":{"line":137,"column":null}},"57":{"start":{"line":138,"column":11},"end":{"line":138,"column":null}},"58":{"start":{"line":140,"column":14},"end":{"line":140,"column":96}},"59":{"start":{"line":141,"column":6},"end":{"line":146,"column":null}},"60":{"start":{"line":142,"column":8},"end":{"line":142,"column":null}},"61":{"start":{"line":143,"column":8},"end":{"line":145,"column":null}},"62":{"start":{"line":144,"column":10},"end":{"line":144,"column":46}},"63":{"start":{"line":148,"column":6},"end":{"line":148,"column":null}},"64":{"start":{"line":153,"column":0},"end":{"line":153,"column":null}},"65":{"start":{"line":154,"column":0},"end":{"line":154,"column":null}},"66":{"start":{"line":154,"column":21},"end":{"line":154,"column":null}}},"fnMap":{"0":{"name":"TimeOfDay","decl":{"start":{"line":40,"column":6},"end":{"line":40,"column":15}},"loc":{"start":{"line":40,"column":57},"end":{"line":97,"column":1}}},"1":{"name":"getValue","decl":{"start":{"line":99,"column":6},"end":{"line":99,"column":14}},"loc":{"start":{"line":104,"column":6},"end":{"line":151,"column":1}}},"2":{"name":"isEod","decl":{"start":{"line":133,"column":4},"end":{"line":133,"column":9}},"loc":{"start":{"line":133,"column":9},"end":{"line":133,"column":null}}},"3":{"name":"getHours","decl":{"start":{"line":134,"column":4},"end":{"line":134,"column":12}},"loc":{"start":{"line":134,"column":12},"end":{"line":134,"column":null}}},"4":{"name":"getMinutes","decl":{"start":{"line":135,"column":4},"end":{"line":135,"column":14}},"loc":{"start":{"line":135,"column":14},"end":{"line":135,"column":null}}},"5":{"name":"getSeconds","decl":{"start":{"line":136,"column":4},"end":{"line":136,"column":14}},"loc":{"start":{"line":136,"column":14},"end":{"line":136,"column":null}}},"6":{"name":"getFractionalSeconds","decl":{"start":{"line":137,"column":4},"end":{"line":137,"column":24}},"loc":{"start":{"line":137,"column":24},"end":{"line":137,"column":null}}},"7":{"name":"valueOf","decl":{"start":{"line":138,"column":4},"end":{"line":138,"column":11}},"loc":{"start":{"line":138,"column":11},"end":{"line":138,"column":null}}},"8":{"name":"toString","decl":{"start":{"line":139,"column":4},"end":{"line":139,"column":12}},"loc":{"start":{"line":139,"column":33},"end":{"line":149,"column":null}}},"9":{"name":"(anonymous_9)","decl":{"start":{"line":154,"column":21},"end":{"line":154,"column":27}},"loc":{"start":{"line":154,"column":21},"end":{"line":154,"column":null}}}},"branchMap":{"0":{"loc":{"start":{"line":40,"column":42},"end":{"line":40,"column":55}},"type":"cond-expr","locations":[{"start":{"line":40,"column":42},"end":{"line":40,"column":45}},{"start":{"line":40,"column":45},"end":{"line":40,"column":55}}]},"1":{"loc":{"start":{"line":40,"column":42},"end":{"line":40,"column":45}},"type":"binary-expr","locations":[{"start":{"line":40,"column":42},"end":{"line":40,"column":45}},{"start":{"line":40,"column":42},"end":{"line":40,"column":45}}]},"2":{"loc":{"start":{"line":40,"column":45},"end":{"line":40,"column":55}},"type":"binary-expr","locations":[{"start":{"line":40,"column":45},"end":{"line":40,"column":49}},{"start":{"line":40,"column":53},"end":{"line":40,"column":55}}]},"3":{"loc":{"start":{"line":50,"column":2},"end":{"line":60,"column":null}},"type":"if","locations":[{"start":{"line":50,"column":2},"end":{"line":60,"column":null}}]},"4":{"loc":{"start":{"line":51,"column":4},"end":{"line":53,"column":39}},"type":"binary-expr","locations":[{"start":{"line":51,"column":4},"end":{"line":51,"column":30}},{"start":{"line":52,"column":7},"end":{"line":52,"column":25}},{"start":{"line":53,"column":7},"end":{"line":53,"column":39}}]},"5":{"loc":{"start":{"line":63,"column":4},"end":{"line":64,"column":49}},"type":"binary-expr","locations":[{"start":{"line":63,"column":4},"end":{"line":63,"column":40}},{"start":{"line":64,"column":7},"end":{"line":64,"column":49}}]},"6":{"loc":{"start":{"line":63,"column":4},"end":{"line":63,"column":26}},"type":"cond-expr","locations":[{"start":{"line":63,"column":21},"end":{"line":63,"column":24}},{"start":{"line":63,"column":4},"end":{"line":63,"column":26}}]},"7":{"loc":{"start":{"line":63,"column":4},"end":{"line":63,"column":24}},"type":"binary-expr","locations":[{"start":{"line":63,"column":4},"end":{"line":63,"column":24}},{"start":{"line":63,"column":4},"end":{"line":63,"column":24}}]},"8":{"loc":{"start":{"line":64,"column":7},"end":{"line":64,"column":35}},"type":"cond-expr","locations":[{"start":{"line":64,"column":30},"end":{"line":64,"column":33}},{"start":{"line":64,"column":7},"end":{"line":64,"column":35}}]},"9":{"loc":{"start":{"line":64,"column":7},"end":{"line":64,"column":33}},"type":"binary-expr","locations":[{"start":{"line":64,"column":7},"end":{"line":64,"column":33}},{"start":{"line":64,"column":7},"end":{"line":64,"column":33}}]},"10":{"loc":{"start":{"line":65,"column":2},"end":{"line":70,"column":null}},"type":"if","locations":[{"start":{"line":65,"column":2},"end":{"line":70,"column":null}}]},"11":{"loc":{"start":{"line":85,"column":2},"end":{"line":87,"column":null}},"type":"if","locations":[{"start":{"line":85,"column":2},"end":{"line":87,"column":null}}]},"12":{"loc":{"start":{"line":89,"column":2},"end":{"line":91,"column":null}},"type":"if","locations":[{"start":{"line":89,"column":2},"end":{"line":91,"column":null}}]},"13":{"loc":{"start":{"line":106,"column":2},"end":{"line":130,"column":null}},"type":"if","locations":[{"start":{"line":106,"column":2},"end":{"line":130,"column":null}},{"start":{"line":112,"column":7},"end":{"line":130,"column":null}}]},"14":{"loc":{"start":{"line":113,"column":4},"end":{"line":122,"column":null}},"type":"if","locations":[{"start":{"line":113,"column":4},"end":{"line":122,"column":null}},{"start":{"line":120,"column":9},"end":{"line":122,"column":null}}]},"15":{"loc":{"start":{"line":115,"column":34},"end":{"line":115,"column":78}},"type":"cond-expr","locations":[{"start":{"line":115,"column":72},"end":{"line":115,"column":74}},{"start":{"line":115,"column":77},"end":{"line":1
[...]
,"locations":[{"start":{"line":94,"column":4},"end":{"line":94,"column":35}},{"start":{"line":95,"column":7},"end":{"line":95,"column":49}},{"start":{"line":96,"column":7},"end":{"line":96,"column":12}}]},"35":{"loc":{"start":{"line":94,"column":4},"end":{"line":94,"column":21}},"type":"cond-expr","locations":[{"start":{"line":94,"column":16},"end":{"line":94,"column":19}},{"start":{"line":94,"column":4},"end":{"line":94,"column":21}}]},"36":{"loc":{"start":{"line":94,"column":4},"end":{"line":94,"column":19}},"type":"binary-expr","locations":[{"start":{"line":94,"column":4},"end":{"line":94,"column":19}},{"start":{"line":94,"column":4},"end":{"line":94,"column":19}}]},"37":{"loc":{"start":{"line":95,"column":7},"end":{"line":95,"column":35}},"type":"cond-expr","locations":[{"start":{"line":95,"column":30},"end":{"line":95,"column":33}},{"start":{"line":95,"column":7},"end":{"line":95,"column":35}}]},"38":{"loc":{"start":{"line":95,"column":7},"end":{"line":95,"column":33}},"type":"binary-expr","locations":[{"start":{"line":95,"column":7},"end":{"line":95,"column":33}},{"start":{"line":95,"column":7},"end":{"line":95,"column":33}}]},"39":{"loc":{"start":{"line":98,"column":2},"end":{"line":121,"column":null}},"type":"if","locations":[{"start":{"line":98,"column":2},"end":{"line":121,"column":null}},{"start":{"line":104,"column":7},"end":{"line":121,"column":null}}]},"40":{"loc":{"start":{"line":106,"column":6},"end":{"line":106,"column":null}},"type":"binary-expr","locations":[{"start":{"line":106,"column":6},"end":{"line":106,"column":23}},{"start":{"line":106,"column":27},"end":{"line":106,"column":41}},{"start":{"line":106,"column":45},"end":{"line":106,"column":73}}]},"41":{"loc":{"start":{"line":106,"column":6},"end":{"line":106,"column":23}},"type":"cond-expr","locations":[{"start":{"line":106,"column":18},"end":{"line":106,"column":21}},{"start":{"line":106,"column":6},"end":{"line":106,"column":23}}]},"42":{"loc":{"start":{"line":106,"column":6},"end":{"line":106,"column":21}},"type":"binary-expr","locations":[{"start":{"line":106,"column":6},"end":{"line":106,"column":21}},{"start":{"line":106,"column":6},"end":{"line":106,"column":21}}]},"43":{"loc":{"start":{"line":106,"column":27},"end":{"line":106,"column":41}},"type":"cond-expr","locations":[{"start":{"line":106,"column":36},"end":{"line":106,"column":39}},{"start":{"line":106,"column":27},"end":{"line":106,"column":41}}]},"44":{"loc":{"start":{"line":106,"column":27},"end":{"line":106,"column":39}},"type":"binary-expr","locations":[{"start":{"line":106,"column":27},"end":{"line":106,"column":39}},{"start":{"line":106,"column":27},"end":{"line":106,"column":39}}]},"45":{"loc":{"start":{"line":106,"column":45},"end":{"line":106,"column":73}},"type":"cond-expr","locations":[{"start":{"line":106,"column":68},"end":{"line":106,"column":71}},{"start":{"line":106,"column":45},"end":{"line":106,"column":73}}]},"46":{"loc":{"start":{"line":106,"column":45},"end":{"line":106,"column":71}},"type":"binary-expr","locations":[{"start":{"line":106,"column":45},"end":{"line":106,"column":71}},{"start":{"line":106,"column":45},"end":{"line":106,"column":71}}]},"47":{"loc":{"start":{"line":108,"column":4},"end":{"line":113,"column":null}},"type":"if","locations":[{"start":{"line":108,"column":4},"end":{"line":113,"column":null}}]},"48":{"loc":{"start":{"line":109,"column":15},"end":{"line":109,"column":59}},"type":"cond-expr","locations":[{"start":{"line":109,"column":53},"end":{"line":109,"column":54}},{"start":{"line":109,"column":57},"end":{"line":109,"column":59}}]},"49":{"loc":{"start":{"line":110,"column":6},"end":{"line":112,"column":null}},"type":"if","locations":[{"start":{"line":110,"column":6},"end":{"line":112,"column":null}}]},"50":{"loc":{"start":{"line":115,"column":6},"end":{"line":115,"column":null}},"type":"binary-expr","locations":[{"start":{"line":115,"column":6},"end":{"line":115,"column":23}},{"start":{"line":115,"column":27},"end":{"line":115,"column":41}},{"start":{"line":115,"column":45},"end":{"line":115,"column":73}}]},"51":{"loc":{"start":{"line":115,"column":6},"end":{"line":115,"column":23}},"type":"cond-expr","locations":[{"start":{"line":115,"column":18},"end":{"line":115,"column":21}},{"start":{"line":115,"column":6},"end":{"line":115,"column":23}}]},"52":{"loc":{"start":{"line":115,"column":6},"end":{"line":115,"column":21}},"type":"binary-expr","locations":[{"start":{"line":115,"column":6},"end":{"line":115,"column":21}},{"start":{"line":115,"column":6},"end":{"line":115,"column":21}}]},"53":{"loc":{"start":{"line":115,"column":27},"end":{"line":115,"column":41}},"type":"cond-expr","locations":[{"start":{"line":115,"column":36},"end":{"line":115,"column":39}},{"start":{"line":115,"column":27},"end":{"line":115,"column":41}}]},"54":{"loc":{"start":{"line":115,"column":27},"end":{"line":115,"column":39}},"type":"binary-expr","locations":[{"start":{"line":115,"column":27},"end":{"line":115,"column":39}},{"start":{"line":115,"column":27},"end":{"line":115,"column":39}}]},"55":{"loc":{"start":{"line":115,"column":45},"end":{"line":115,"column":73}},"type":"cond-expr","locations":[{"start":{"line":115,"column":68},"end":{"line":115,"column":71}},{"start":{"line":115,"column":45},"end":{"line":115,"column":73}}]},"56":{"loc":{"start":{"line":115,"column":45},"end":{"line":115,"column":71}},"type":"binary-expr","locations":[{"start":{"line":115,"column":45},"end":{"line":115,"column":71}},{"start":{"line":115,"column":45},"end":{"line":115,"column":71}}]},"57":{"loc":{"start":{"line":117,"column":23},"end":{"line":117,"column":76}},"type":"binary-expr","locations":[{"start":{"line":117,"column":23},"end":{"line":117,"column":37}},{"start":{"line":117,"column":41},"end":{"line":117,"column":69}},{"start":{"line":117,"column":73},"end":{"line":117,"column":76}}]},"58":{"loc":{"start":{"line":117,"column":23},"end":{"line":117,"column":37}},"type":"cond-expr","locations":[{"start":{"line":117,"column":32},"end":{"line":117,"column":35}},{"start":{"line":117,"column":23},"end":{"line":117,"column":37}}]},"59":{"loc":{"start":{"line":117,"column":23},"end":{"line":117,"column":35}},"type":"binary-expr","locations":[{"start":{"line":117,"column":23},"end":{"line":117,"column":35}},{"start":{"line":117,"column":23},"end":{"line":117,"column":35}}]},"60":{"loc":{"start":{"line":117,"column":41},"end":{"line":117,"column":69}},"type":"cond-expr","locations":[{"start":{"line":117,"column":64},"end":{"line":117,"column":67}},{"start":{"line":117,"column":41},"end":{"line":117,"column":69}}]},"61":{"loc":{"start":{"line":117,"column":41},"end":{"line":117,"column":67}},"type":"binary-expr","locations":[{"start":{"line":117,"column":41},"end":{"line":117,"column":67}},{"start":{"line":117,"column":41},"end":{"line":117,"column":67}}]},"62":{"loc":{"start":{"line":119,"column":14},"end":{"line":119,"column":67}},"type":"binary-expr","locations":[{"start":{"line":119,"column":14},"end":{"line":119,"column":28}},{"start":{"line":119,"column":32},"end":{"line":119,"column":60}},{"start":{"line":119,"column":64},"end":{"line":119,"column":67}}]},"63":{"loc":{"start":{"line":119,"column":14},"end":{"line":119,"column":28}},"type":"cond-expr","locations":[{"start":{"line":119,"column":23},"end":{"line":119,"column":26}},{"start":{"line":119,"column":14},"end":{"line":119,"column":28}}]},"64":{"loc":{"start":{"line":119,"column":14},"end":{"line":119,"column":26}},"type":"binary-expr","locations":[{"start":{"line":119,"column":14},"end":{"line":119,"column":26}},{"start":{"line":119,"column":14},"end":{"line":119,"column":26}}]},"65":{"loc":{"start":{"line":119,"column":32},"end":{"line":119,"column":60}},"type":"cond-expr","locations":[{"start":{"line":119,"column":55},"end":{"line":119,"column":58}},{"start":{"line":119,"column":32},"end":{"line":119,"column":60}}]},"66":{"loc":{"start":{"line":119,"column":32},"end":{"line":119,"column":58}},"type":"binary-expr","locations":[{"start":{"line":119,"column":32},"end":{"line":119,"column":58}},{"start":{"line":119,"column":32},"end":{"line":119,"column":58}}]},"67":{"loc":{"start":{"line":124,"column":4},"end":{"line":127,"column":20}},"type":"binary-expr","locations":[{"start":{"line":124,"column":4},"end":{"line":124,"column":21}},{"start":{"line":125,"column":7},"end":{"line":125,"column":21}},{"start":{"line":126,"column":7},"end":{"line":126,"column":35}},{"start":{"line":127,"column":7},"end":{"line":127,"column":20}}]},"68":{"loc":{"start":{"line":124,"column":4},"end":{"line":124,"column":21}},"type":"cond-expr","locations":[{"start":{"line":124,"column":16},"end":{"line":124,"column":19}},{"start":{"line":124,"column":4},"end":{"line":124,"column":21}}]},"69":{"loc":{"start":{"line":124,"column":4},"end":{"line":124,"column":19}},"type":"binary-expr","locations":[{"start":{"line":124,"column":4},"end":{"line":124,"column":19}},{"start":{"line":124,"column":4},"end":{"line":124,"column":19}}]},"70":{"loc":{"start":{"line":125,"column":7},"end":{"line":125,"column":21}},"type":"cond-expr","locations":[{"start":{"line":125,"column":16},"end":{"line":125,"column":19}},{"start":{"line":125,"column":7},"end":{"line":125,"column":21}}]},"71":{"loc":{"start":{"line":125,"column":7},"end":{"line":125,"column":19}},"type":"binary-expr","locations":[{"start":{"line":125,"column":7},"end":{"line":125,"column":19}},{"start":{"line":125,"column":7},"end":{"line":125,"column":19}}]},"72":{"loc":{"start":{"line":126,"column":7},"end":{"line":126,"column":35}},"type":"cond-expr","locations":[{"start":{"line":126,"column":30},"end":{"line":126,"column":33}},{"start":{"line":126,"column":7},"end":{"line":126,"column":35}}]},"73":{"loc":{"start":{"line":126,"column":7},"end":{"line":126,"column":33}},"type":"binary-expr","locations":[{"start":{"line":126,"column":7},"end":{"line":126,"column":33}},{"start":{"line":126,"column":7},"end":{"line":126,"column":33}}]}},"s":{"0":3,"1":3,"2":3,"3":3,"4":3,"5":96,"6":96,"7":96,"8":96,"9":96,"10":96,"11":96,"12":96,"13":96,"14":96,"15":10,"16":86,"17":86,"18":86,"19":86,"20":86,"21":86,"22":86,"23":86,"24":3,"25":83,"26":1,"27":82,"28":82,"29":82,"30":8,"31":8,"32":74,"33":82,"34":82,"35":82,"36":4,"37":4,"38":4,"39":4,"40":78,"41":78,"42":2,"43":2,"44":1,"45":78,"46":78,"47":78,"48":82,"49":82,"50":82},"f":{"0":96},"b":{"0":[6,90],"1":[4,92],"2":[80,16],"3":[10],"4":[8,78],"5":[61,25],"6":[15,71],"7":[3,83],"8":[1],"9":[82,80,78],"10":[22,60],"11":[82,60],"12":[66,14],"13":[80,14],"14":[82,74,14],"15":[74,8],"16":[82,8],"17":[14,60],"18":[74,60],"19":[0,14],"20":[14,14],"21":[8,74],"22":[74,14],"23":[14,60],"24":[74,60],"25":[0,14],"26":[14,14],"27":[82,74,14],"28":[74,8],"29":[82,8],"30":[14,60],"31":[74,60],"32":[0,14],"33":[14,14],"34":[82,81,78],"35":[78,4],"36":[82,4],"37":[3,78],"38":[81,78],"39":[4,78],"40":[78,75,73],"41":[75,3],"42":[78,3],"43":[73,2],"44":[75,2],"45":[0,73],"46":[73,73],"47":[2],"48":[1,1],"49":[1],"50":[78,75,73],"51":[75,3],"52":[78,3],"53":[73,2],"54":[75,2],"55":[0,73],"56":[73,73],"57":[78,78,63],"58":[76,2],"59":[78,2],"60":[3,75],"61":[78,75],"62":[78,78,71],"63":[76,2],"64":[78,2],"65":[3,75],"66":[78,75],"67":[82,82,82,52],"68":[78,4],"69":[82,4],"70":[80,2],"71":[82,2],"72":[4,78],"73":[82,78]}}
,"/Users/zane/playground/string-input/src/lib/date-time/process-iso-8601-date-time.mjs": {"path":"/Users/zane/playground/string-input/src/lib/date-time/process-iso-8601-date-time.mjs","statementMap":{"0":{"start":{"line":1,"column":0},"end":{"line":1,"column":null}},"1":{"start":{"line":3,"column":0},"end":{"line":3,"column":null}},"2":{"start":{"line":5,"column":29},"end":{"line":5,"column":35}},"3":{"start":{"line":7,"column":28},"end":{"line":95,"column":1}},"4":{"start":{"line":8,"column":27},"end":{"line":8,"column":14}},"5":{"start":{"line":8,"column":27},"end":{"line":8,"column":22}},"6":{"start":{"line":10,"column":2},"end":{"line":23,"column":null}},"7":{"start":{"line":11,"column":4},"end":{"line":15,"column":null}},"8":{"start":{"line":17,"column":7},"end":{"line":23,"column":null}},"9":{"start":{"line":18,"column":4},"end":{"line":22,"column":null}},"10":{"start":{"line":25,"column":15},"end":{"line":25,"column":40}},"11":{"start":{"line":26,"column":16},"end":{"line":26,"column":46}},"12":{"start":{"line":27,"column":14},"end":{"line":27,"column":44}},"13":{"start":{"line":28,"column":16},"end":{"line":28,"column":45}},"14":{"start":{"line":29,"column":16},"end":{"line":29,"column":64}},"15":{"start":{"line":32,"column":2},"end":{"line":70,"column":null}},"16":{"start":{"line":37,"column":4},"end":{"line":37,"column":null}},"17":{"start":{"line":38,"column":4},"end":{"line":38,"column":null}},"18":{"start":{"line":39,"column":4},"end":{"line":39,"column":null}},"19":{"start":{"line":41,"column":7},"end":{"line":70,"column":null}},"20":{"start":{"line":43,"column":22},"end":{"line":43,"column":53}},"21":{"start":{"line":44,"column":24},"end":{"line":44,"column":38}},"22":{"start":{"line":45,"column":4},"end":{"line":45,"column":null}},"23":{"start":{"line":46,"column":24},"end":{"line":46,"column":39}},"24":{"start":{"line":47,"column":24},"end":{"line":47,"column":40}},"25":{"start":{"line":48,"column":4},"end":{"line":48,"column":null}},"26":{"start":{"line":50,"column":4},"end":{"line":50,"column":null}},"27":{"start":{"line":53,"column":4},"end":{"line":53,"column":null}},"28":{"start":{"line":54,"column":4},"end":{"line":69,"column":null}},"29":{"start":{"line":55,"column":6},"end":{"line":55,"column":null}},"30":{"start":{"line":56,"column":6},"end":{"line":56,"column":null}},"31":{"start":{"line":58,"column":9},"end":{"line":69,"column":null}},"32":{"start":{"line":59,"column":26},"end":{"line":59,"column":57}},"33":{"start":{"line":60,"column":26},"end":{"line":60,"column":42}},"34":{"start":{"line":61,"column":6},"end":{"line":61,"column":null}},"35":{"start":{"line":63,"column":6},"end":{"line":63,"column":null}},"36":{"start":{"line":66,"column":6},"end":{"line":66,"column":null}},"37":{"start":{"line":67,"column":6},"end":{"line":68,"column":null}},"38":{"start":{"line":72,"column":19},"end":{"line":72,"column":52}},"39":{"start":{"line":73,"column":25},"end":{"line":82,"column":4}},"40":{"start":{"line":84,"column":2},"end":{"line":94,"column":null}},"41":{"start":{"line":97,"column":25},"end":{"line":98,"column":null}},"42":{"start":{"line":97,"column":37},"end":{"line":98,"column":null}}},"fnMap":{"0":{"name":"processISO8601DateTime","decl":{"start":{"line":7,"column":6},"end":{"line":7,"column":28}},"loc":{"start":{"line":7,"column":73},"end":{"line":95,"column":1}}},"1":{"name":"roundFracSeconds","decl":{"start":{"line":97,"column":6},"end":{"line":97,"column":22}},"loc":{"start":{"line":97,"column":37},"end":{"line":98,"column":null}}}},"branchMap":{"0":{"loc":{"start":{"line":10,"column":2},"end":{"line":23,"column":null}},"type":"if","locations":[{"start":{"line":10,"column":2},"end":{"line":23,"column":null}},{"start":{"line":17,"column":7},"end":{"line":23,"column":null}}]},"1":{"loc":{"start":{"line":17,"column":7},"end":{"line":23,"column":null}},"type":"if","locations":[{"start":{"line":17,"column":7},"end":{"line":23,"column":null}}]},"2":{"loc":{"start":{"line":26,"column":16},"end":{"line":26,"column":46}},"type":"binary-expr","locations":[{"start":{"line":26,"column":16},"end":{"line":26,"column":41}},{"start":{"line":26,"column":45},"end":{"line":26,"column":46}}]},"3":{"loc":{"start":{"line":27,"column":14},"end":{"line":27,"column":44}},"type":"binary-expr","locations":[{"start":{"line":27,"column":14},"end":{"line":27,"column":39}},{"start":{"line":27,"column":43},"end":{"line":27,"column":44}}]},"4":{"loc":{"start":{"line":29,"column":16},"end":{"line":29,"column":64}},"type":"cond-expr","locations":[{"start":{"line":29,"column":33},"end":{"line":29,"column":35}},{"start":{"line":29,"column":38},"end":{"line":29,"column":64}}]},"5":{"loc":{"start":{"line":32,"column":2},"end":{"line":70,"column":null}},"type":"if","locations":[{"start":{"line":32,"column":2},"end":{"line":70,"column":null}},{"start":{"line":41,"column":7},"end":{"line":70,"column":null}}]},"6":{"loc":{"start":{"line":33,"column":4},"end":{"line":35,"column":37}},"type":"binary-expr","locations":[{"start":{"line":33,"column":4},"end":{"line":33,"column":34}},{"start":{"line":34,"column":7},"end":{"line":34,"column":37}},{"start":{"line":35,"column":7},"end":{"line":35,"column":37}}]},"7":{"loc":{"start":{"line":41,"column":7},"end":{"line":70,"column":null}},"type":"if","locations":[{"start":{"line":41,"column":7},"end":{"line":70,"column":null}},{"start":{"line":52,"column":7},"end":{"line":70,"column":null}}]},"8":{"loc":{"start":{"line":54,"column":4},"end":{"line":69,"column":null}},"type":"if","locations":[{"start":{"line":54,"column":4},"end":{"line":69,"column":null}},{"start":{"line":58,"column":9},"end":{"line":69,"column":null}}]},"9":{"loc":{"start":{"line":54,"column":8},"end":{"line":54,"column":72}},"type":"binary-expr","locations":[{"start":{"line":54,"column":8},"end":{"line":54,"column":38}},{"start":{"line":54,"column":42},"end":{"line":54,"column":72}}]},"10":{"loc":{"start":{"line":58,"column":9},"end":{"line":69,"column":null}},"type":"if","locations":[{"start":{"line":58,"column":9},"end":{"line":69,"column":null}},{"start":{"line":65,"column":9},"end":{"line":69,"column":null}}]},"11":{"loc":{"start":{"line":68,"column":8},"end":{"line":68,"column":76}},"type":"cond-expr","locations":[{"start":{"line":68,"column":41},"end":{"line":68,"column":42}},{"start":{"line":68,"column":45},"end":{"line":68,"column":76}}]},"12":{"loc":{"start":{"line":72,"column":19},"end":{"line":72,"column":52}},"type":"binary-expr","locations":[{"start":{"line":72,"column":19},"end":{"line":72,"column":35}},{"start":{"line":72,"column":39},"end":{"line":72,"column":52}}]}},"s":{"0":3,"1":3,"2":3,"3":3,"4":19,"5":19,"6":19,"7":1,"8":18,"9":1,"10":17,"11":17,"12":17,"13":17,"14":17,"15":17,"16":4,"17":4,"18":4,"19":13,"20":3,"21":3,"22":3,"23":3,"24":3,"25":3,"26":3,"27":10,"28":10,"29":1,"30":1,"31":9,"32":2,"33":2,"34":2,"35":2,"36":7,"37":7,"38":17,"39":17,"40":17,"41":3,"42":5},"f":{"0":19,"1":5},"b":{"0":[1,18],"1":[1],"2":[17,1],"3":[17,2],"4":[1,16],"5":[4,13],"6":[17,14,4],"7":[3,10],"8":[1,9],"9":[10,8],"10":[2,7],"11":[1,6],"12":[17,2]}}
,"/Users/zane/playground/string-input/src/lib/date-time/process-rfc-2822-date-time.mjs": {"path":"/Users/zane/playground/string-input/src/lib/date-time/process-rfc-2822-date-time.mjs","statementMap":{"0":{"start":{"line":1,"column":0},"end":{"line":1,"column":null}},"1":{"start":{"line":2,"column":0},"end":{"line":2,"column":null}},"2":{"start":{"line":4,"column":28},"end":{"line":36,"column":1}},"3":{"start":{"line":5,"column":15},"end":{"line":5,"column":40}},"4":{"start":{"line":6,"column":20},"end":{"line":6,"column":35}},"5":{"start":{"line":7,"column":16},"end":{"line":7,"column":43}},"6":{"start":{"line":8,"column":14},"end":{"line":8,"column":39}},"7":{"start":{"line":9,"column":16},"end":{"line":9,"column":41}},"8":{"start":{"line":10,"column":18},"end":{"line":10,"column":43}},"9":{"start":{"line":11,"column":18},"end":{"line":11,"column":43}},"10":{"start":{"line":12,"column":19},"end":{"line":12,"column":51}},"11":{"start":{"line":14,"column":25},"end":{"line":23,"column":4}},"12":{"start":{"line":25,"column":2},"end":{"line":35,"column":null}}},"fnMap":{"0":{"name":"processRFC2822DateTime","decl":{"start":{"line":4,"column":6},"end":{"line":4,"column":28}},"loc":{"start":{"line":4,"column":73},"end":{"line":36,"column":1}}}},"branchMap":{"0":{"loc":{"start":{"line":12,"column":19},"end":{"line":12,"column":51}},"type":"binary-expr","locations":[{"start":{"line":12,"column":19},"end":{"line":12,"column":34}},{"start":{"line":12,"column":38},"end":{"line":12,"column":51}}]}},"s":{"0":3,"1":3,"2":3,"3":6,"4":6,"5":6,"6":6,"7":6,"8":6,"9":6,"10":6,"11":6,"12":6},"f":{"0":6},"b":{"0":[6,2]}}
}
